
The following have been reloaded with a version change:
  1) cpu/0.17.3b => cpu/0.15.4

2023-09-21 20:25:04,388 INFO impl.MetricsConfig: Loaded properties from hadoop-metrics2.properties
2023-09-21 20:25:04,457 INFO impl.MetricsSystemImpl: Scheduled Metric snapshot period at 10 second(s).
2023-09-21 20:25:04,457 INFO impl.MetricsSystemImpl: JobTracker metrics system started
2023-09-21 20:25:04,525 WARN mapreduce.JobResourceUploader: Hadoop command-line option parsing not performed. Implement the Tool interface and execute your application with ToolRunner to remedy this.
2023-09-21 20:25:04,600 INFO input.FileInputFormat: Total input files to process : 1
2023-09-21 20:25:04,629 INFO mapreduce.JobSubmitter: number of splits:1
2023-09-21 20:25:04,757 INFO mapreduce.JobSubmitter: Submitting tokens for job: job_local25245979_0001
2023-09-21 20:25:04,757 INFO mapreduce.JobSubmitter: Executing with tokens: []
2023-09-21 20:25:04,842 INFO mapreduce.Job: The url to track the job: http://localhost:8080/
2023-09-21 20:25:04,846 INFO mapreduce.Job: Running job: job_local25245979_0001
2023-09-21 20:25:04,852 INFO mapred.LocalJobRunner: OutputCommitter set in config null
2023-09-21 20:25:04,859 INFO output.FileOutputCommitter: File Output Committer Algorithm version is 2
2023-09-21 20:25:04,859 INFO output.FileOutputCommitter: FileOutputCommitter skip cleanup _temporary folders under output directory:false, ignore cleanup failures: false
2023-09-21 20:25:04,860 INFO mapred.LocalJobRunner: OutputCommitter is org.apache.hadoop.mapreduce.lib.output.FileOutputCommitter
2023-09-21 20:25:04,952 INFO mapred.LocalJobRunner: Waiting for map tasks
2023-09-21 20:25:04,953 INFO mapred.LocalJobRunner: Starting task: attempt_local25245979_0001_m_000000_0
2023-09-21 20:25:04,970 INFO output.FileOutputCommitter: File Output Committer Algorithm version is 2
2023-09-21 20:25:04,970 INFO output.FileOutputCommitter: FileOutputCommitter skip cleanup _temporary folders under output directory:false, ignore cleanup failures: false
2023-09-21 20:25:04,992 INFO mapred.Task:  Using ResourceCalculatorProcessTree : [ ]
2023-09-21 20:25:04,994 INFO mapred.MapTask: Processing split: file:/home/smittal2/project1/small-netflix.txt:0+285
2023-09-21 20:25:05,013 INFO mapred.MapTask: (EQUATOR) 0 kvi 26214396(104857584)
2023-09-21 20:25:05,013 INFO mapred.MapTask: mapreduce.task.io.sort.mb: 100
2023-09-21 20:25:05,013 INFO mapred.MapTask: soft limit at 83886080
2023-09-21 20:25:05,013 INFO mapred.MapTask: bufstart = 0; bufvoid = 104857600
2023-09-21 20:25:05,013 INFO mapred.MapTask: kvstart = 26214396; length = 6553600
2023-09-21 20:25:05,016 INFO mapred.MapTask: Map output collector class = org.apache.hadoop.mapred.MapTask$MapOutputBuffer
2023-09-21 20:25:05,032 INFO mapred.LocalJobRunner: 
2023-09-21 20:25:05,032 INFO mapred.MapTask: Starting flush of map output
2023-09-21 20:25:05,032 INFO mapred.MapTask: Spilling map output
2023-09-21 20:25:05,032 INFO mapred.MapTask: bufstart = 0; bufend = 120; bufvoid = 104857600
2023-09-21 20:25:05,032 INFO mapred.MapTask: kvstart = 26214396(104857584); kvend = 26214340(104857360); length = 57/6553600
2023-09-21 20:25:05,036 INFO mapred.MapTask: Finished spill 0
2023-09-21 20:25:05,042 INFO mapred.Task: Task:attempt_local25245979_0001_m_000000_0 is done. And is in the process of committing
2023-09-21 20:25:05,043 INFO mapred.LocalJobRunner: map
2023-09-21 20:25:05,044 INFO mapred.Task: Task 'attempt_local25245979_0001_m_000000_0' done.
2023-09-21 20:25:05,048 INFO mapred.Task: Final Counters for attempt_local25245979_0001_m_000000_0: Counters: 17
	File System Counters
		FILE: Number of bytes read=5570
		FILE: Number of bytes written=546590
		FILE: Number of read operations=0
		FILE: Number of large read operations=0
		FILE: Number of write operations=0
	Map-Reduce Framework
		Map input records=15
		Map output records=15
		Map output bytes=120
		Map output materialized bytes=156
		Input split bytes=111
		Combine input records=0
		Spilled Records=15
		Failed Shuffles=0
		Merged Map outputs=0
		GC time elapsed (ms)=0
		Total committed heap usage (bytes)=2147483648
	File Input Format Counters 
		Bytes Read=285
2023-09-21 20:25:05,048 INFO mapred.LocalJobRunner: Finishing task: attempt_local25245979_0001_m_000000_0
2023-09-21 20:25:05,048 INFO mapred.LocalJobRunner: map task executor complete.
2023-09-21 20:25:05,051 INFO mapred.LocalJobRunner: Waiting for reduce tasks
2023-09-21 20:25:05,051 INFO mapred.LocalJobRunner: Starting task: attempt_local25245979_0001_r_000000_0
2023-09-21 20:25:05,058 INFO output.FileOutputCommitter: File Output Committer Algorithm version is 2
2023-09-21 20:25:05,058 INFO output.FileOutputCommitter: FileOutputCommitter skip cleanup _temporary folders under output directory:false, ignore cleanup failures: false
2023-09-21 20:25:05,058 INFO mapred.Task:  Using ResourceCalculatorProcessTree : [ ]
2023-09-21 20:25:05,060 INFO mapred.ReduceTask: Using ShuffleConsumerPlugin: org.apache.hadoop.mapreduce.task.reduce.Shuffle@5eacd5f
2023-09-21 20:25:05,061 WARN impl.MetricsSystemImpl: JobTracker metrics system already initialized!
2023-09-21 20:25:05,072 INFO reduce.MergeManagerImpl: The max number of bytes for a single in-memory shuffle cannot be larger than Integer.MAX_VALUE. Setting it to Integer.MAX_VALUE
2023-09-21 20:25:05,072 INFO reduce.MergeManagerImpl: MergerManager: memoryLimit=22525089792, maxSingleShuffleLimit=2147483647, mergeThreshold=14866560000, ioSortFactor=10, memToMemMergeOutputsThreshold=10
2023-09-21 20:25:05,074 INFO reduce.EventFetcher: attempt_local25245979_0001_r_000000_0 Thread started: EventFetcher for fetching Map Completion Events
2023-09-21 20:25:05,091 INFO reduce.LocalFetcher: localfetcher#1 about to shuffle output of map attempt_local25245979_0001_m_000000_0 decomp: 152 len: 156 to MEMORY
2023-09-21 20:25:05,093 INFO reduce.InMemoryMapOutput: Read 152 bytes from map-output for attempt_local25245979_0001_m_000000_0
2023-09-21 20:25:05,094 INFO reduce.MergeManagerImpl: closeInMemoryFile -> map-output of size: 152, inMemoryMapOutputs.size() -> 1, commitMemory -> 0, usedMemory ->152
2023-09-21 20:25:05,096 INFO reduce.EventFetcher: EventFetcher is interrupted.. Returning
2023-09-21 20:25:05,096 INFO mapred.LocalJobRunner: 1 / 1 copied.
2023-09-21 20:25:05,097 INFO reduce.MergeManagerImpl: finalMerge called with 1 in-memory map-outputs and 0 on-disk map-outputs
2023-09-21 20:25:05,100 INFO mapred.Merger: Merging 1 sorted segments
2023-09-21 20:25:05,100 INFO mapred.Merger: Down to the last merge-pass, with 1 segments left of total size: 146 bytes
2023-09-21 20:25:05,101 INFO reduce.MergeManagerImpl: Merged 1 segments, 152 bytes to disk to satisfy reduce memory limit
2023-09-21 20:25:05,101 INFO reduce.MergeManagerImpl: Merging 1 files, 156 bytes from disk
2023-09-21 20:25:05,101 INFO reduce.MergeManagerImpl: Merging 0 segments, 0 bytes from memory into reduce
2023-09-21 20:25:05,101 INFO mapred.Merger: Merging 1 sorted segments
2023-09-21 20:25:05,102 INFO mapred.Merger: Down to the last merge-pass, with 1 segments left of total size: 146 bytes
2023-09-21 20:25:05,102 INFO mapred.LocalJobRunner: 1 / 1 copied.
2023-09-21 20:25:05,149 INFO Configuration.deprecation: mapred.skip.on is deprecated. Instead, use mapreduce.job.skiprecords
2023-09-21 20:25:05,171 INFO mapred.Task: Task:attempt_local25245979_0001_r_000000_0 is done. And is in the process of committing
2023-09-21 20:25:05,172 INFO mapred.LocalJobRunner: 1 / 1 copied.
2023-09-21 20:25:05,172 INFO mapred.Task: Task attempt_local25245979_0001_r_000000_0 is allowed to commit now
2023-09-21 20:25:05,188 INFO output.FileOutputCommitter: Saved output of task 'attempt_local25245979_0001_r_000000_0' to file:/home/smittal2/project1/output1
2023-09-21 20:25:05,189 INFO mapred.LocalJobRunner: reduce > reduce
2023-09-21 20:25:05,189 INFO mapred.Task: Task 'attempt_local25245979_0001_r_000000_0' done.
2023-09-21 20:25:05,189 INFO mapred.Task: Final Counters for attempt_local25245979_0001_r_000000_0: Counters: 24
	File System Counters
		FILE: Number of bytes read=5914
		FILE: Number of bytes written=546773
		FILE: Number of read operations=0
		FILE: Number of large read operations=0
		FILE: Number of write operations=0
	Map-Reduce Framework
		Combine input records=0
		Combine output records=0
		Reduce input groups=3
		Reduce shuffle bytes=156
		Reduce input records=15
		Reduce output records=3
		Spilled Records=15
		Shuffled Maps =1
		Failed Shuffles=0
		Merged Map outputs=1
		GC time elapsed (ms)=0
		Total committed heap usage (bytes)=2147483648
	Shuffle Errors
		BAD_ID=0
		CONNECTION=0
		IO_ERROR=0
		WRONG_LENGTH=0
		WRONG_MAP=0
		WRONG_REDUCE=0
	File Output Format Counters 
		Bytes Written=27
2023-09-21 20:25:05,189 INFO mapred.LocalJobRunner: Finishing task: attempt_local25245979_0001_r_000000_0
2023-09-21 20:25:05,189 INFO mapred.LocalJobRunner: reduce task executor complete.
2023-09-21 20:25:05,856 INFO mapreduce.Job: Job job_local25245979_0001 running in uber mode : false
2023-09-21 20:25:05,856 INFO mapreduce.Job:  map 100% reduce 100%
2023-09-21 20:25:05,857 INFO mapreduce.Job: Job job_local25245979_0001 completed successfully
2023-09-21 20:25:05,863 INFO mapreduce.Job: Counters: 30
	File System Counters
		FILE: Number of bytes read=11484
		FILE: Number of bytes written=1093363
		FILE: Number of read operations=0
		FILE: Number of large read operations=0
		FILE: Number of write operations=0
	Map-Reduce Framework
		Map input records=15
		Map output records=15
		Map output bytes=120
		Map output materialized bytes=156
		Input split bytes=111
		Combine input records=0
		Combine output records=0
		Reduce input groups=3
		Reduce shuffle bytes=156
		Reduce input records=15
		Reduce output records=3
		Spilled Records=30
		Shuffled Maps =1
		Failed Shuffles=0
		Merged Map outputs=1
		GC time elapsed (ms)=0
		Total committed heap usage (bytes)=4294967296
	Shuffle Errors
		BAD_ID=0
		CONNECTION=0
		IO_ERROR=0
		WRONG_LENGTH=0
		WRONG_MAP=0
		WRONG_REDUCE=0
	File Input Format Counters 
		Bytes Read=285
	File Output Format Counters 
		Bytes Written=27
2023-09-21 20:25:05,874 WARN impl.MetricsSystemImpl: JobTracker metrics system already initialized!
2023-09-21 20:25:05,876 WARN mapreduce.JobResourceUploader: Hadoop command-line option parsing not performed. Implement the Tool interface and execute your application with ToolRunner to remedy this.
2023-09-21 20:25:05,878 INFO input.FileInputFormat: Total input files to process : 1
2023-09-21 20:25:05,879 INFO mapreduce.JobSubmitter: number of splits:1
2023-09-21 20:25:05,889 INFO mapreduce.JobSubmitter: Submitting tokens for job: job_local1811885009_0002
2023-09-21 20:25:05,889 INFO mapreduce.JobSubmitter: Executing with tokens: []
2023-09-21 20:25:05,950 INFO mapreduce.Job: The url to track the job: http://localhost:8080/
2023-09-21 20:25:05,951 INFO mapreduce.Job: Running job: job_local1811885009_0002
2023-09-21 20:25:05,951 INFO mapred.LocalJobRunner: OutputCommitter set in config null
2023-09-21 20:25:05,951 INFO output.FileOutputCommitter: File Output Committer Algorithm version is 2
2023-09-21 20:25:05,951 INFO output.FileOutputCommitter: FileOutputCommitter skip cleanup _temporary folders under output directory:false, ignore cleanup failures: false
2023-09-21 20:25:05,952 INFO mapred.LocalJobRunner: OutputCommitter is org.apache.hadoop.mapreduce.lib.output.FileOutputCommitter
2023-09-21 20:25:06,014 INFO mapred.LocalJobRunner: Waiting for map tasks
2023-09-21 20:25:06,015 INFO mapred.LocalJobRunner: Starting task: attempt_local1811885009_0002_m_000000_0
2023-09-21 20:25:06,016 INFO output.FileOutputCommitter: File Output Committer Algorithm version is 2
2023-09-21 20:25:06,016 INFO output.FileOutputCommitter: FileOutputCommitter skip cleanup _temporary folders under output directory:false, ignore cleanup failures: false
2023-09-21 20:25:06,016 INFO mapred.Task:  Using ResourceCalculatorProcessTree : [ ]
2023-09-21 20:25:06,017 INFO mapred.MapTask: Processing split: file:/home/smittal2/project1/small-netflix.txt:0+285
2023-09-21 20:25:06,030 INFO mapred.MapTask: (EQUATOR) 0 kvi 26214396(104857584)
2023-09-21 20:25:06,030 INFO mapred.MapTask: mapreduce.task.io.sort.mb: 100
2023-09-21 20:25:06,030 INFO mapred.MapTask: soft limit at 83886080
2023-09-21 20:25:06,030 INFO mapred.MapTask: bufstart = 0; bufvoid = 104857600
2023-09-21 20:25:06,030 INFO mapred.MapTask: kvstart = 26214396; length = 6553600
2023-09-21 20:25:06,031 INFO mapred.MapTask: Map output collector class = org.apache.hadoop.mapred.MapTask$MapOutputBuffer
2023-09-21 20:25:06,047 INFO mapred.LocalJobRunner: 
2023-09-21 20:25:06,047 INFO mapred.MapTask: Starting flush of map output
2023-09-21 20:25:06,047 INFO mapred.MapTask: Spilling map output
2023-09-21 20:25:06,047 INFO mapred.MapTask: bufstart = 0; bufend = 240; bufvoid = 104857600
2023-09-21 20:25:06,047 INFO mapred.MapTask: kvstart = 26214396(104857584); kvend = 26214340(104857360); length = 57/6553600
2023-09-21 20:25:06,048 INFO mapred.MapTask: Finished spill 0
2023-09-21 20:25:06,049 INFO mapred.Task: Task:attempt_local1811885009_0002_m_000000_0 is done. And is in the process of committing
2023-09-21 20:25:06,050 INFO mapred.LocalJobRunner: map
2023-09-21 20:25:06,050 INFO mapred.Task: Task 'attempt_local1811885009_0002_m_000000_0' done.
2023-09-21 20:25:06,050 INFO mapred.Task: Final Counters for attempt_local1811885009_0002_m_000000_0: Counters: 17
	File System Counters
		FILE: Number of bytes read=11484
		FILE: Number of bytes written=1098735
		FILE: Number of read operations=0
		FILE: Number of large read operations=0
		FILE: Number of write operations=0
	Map-Reduce Framework
		Map input records=15
		Map output records=15
		Map output bytes=240
		Map output materialized bytes=276
		Input split bytes=111
		Combine input records=0
		Spilled Records=15
		Failed Shuffles=0
		Merged Map outputs=0
		GC time elapsed (ms)=0
		Total committed heap usage (bytes)=2147483648
	File Input Format Counters 
		Bytes Read=285
2023-09-21 20:25:06,050 INFO mapred.LocalJobRunner: Finishing task: attempt_local1811885009_0002_m_000000_0
2023-09-21 20:25:06,050 INFO mapred.LocalJobRunner: map task executor complete.
2023-09-21 20:25:06,051 INFO mapred.LocalJobRunner: Waiting for reduce tasks
2023-09-21 20:25:06,052 INFO mapred.LocalJobRunner: Starting task: attempt_local1811885009_0002_r_000000_0
2023-09-21 20:25:06,054 INFO output.FileOutputCommitter: File Output Committer Algorithm version is 2
2023-09-21 20:25:06,054 INFO output.FileOutputCommitter: FileOutputCommitter skip cleanup _temporary folders under output directory:false, ignore cleanup failures: false
2023-09-21 20:25:06,054 INFO mapred.Task:  Using ResourceCalculatorProcessTree : [ ]
2023-09-21 20:25:06,054 INFO mapred.ReduceTask: Using ShuffleConsumerPlugin: org.apache.hadoop.mapreduce.task.reduce.Shuffle@412b615c
2023-09-21 20:25:06,055 WARN impl.MetricsSystemImpl: JobTracker metrics system already initialized!
2023-09-21 20:25:06,056 INFO reduce.MergeManagerImpl: The max number of bytes for a single in-memory shuffle cannot be larger than Integer.MAX_VALUE. Setting it to Integer.MAX_VALUE
2023-09-21 20:25:06,056 INFO reduce.MergeManagerImpl: MergerManager: memoryLimit=22525089792, maxSingleShuffleLimit=2147483647, mergeThreshold=14866560000, ioSortFactor=10, memToMemMergeOutputsThreshold=10
2023-09-21 20:25:06,057 INFO reduce.EventFetcher: attempt_local1811885009_0002_r_000000_0 Thread started: EventFetcher for fetching Map Completion Events
2023-09-21 20:25:06,058 INFO reduce.LocalFetcher: localfetcher#2 about to shuffle output of map attempt_local1811885009_0002_m_000000_0 decomp: 272 len: 276 to MEMORY
2023-09-21 20:25:06,059 INFO reduce.InMemoryMapOutput: Read 272 bytes from map-output for attempt_local1811885009_0002_m_000000_0
2023-09-21 20:25:06,059 INFO reduce.MergeManagerImpl: closeInMemoryFile -> map-output of size: 272, inMemoryMapOutputs.size() -> 1, commitMemory -> 0, usedMemory ->272
2023-09-21 20:25:06,060 INFO reduce.EventFetcher: EventFetcher is interrupted.. Returning
2023-09-21 20:25:06,060 INFO mapred.LocalJobRunner: 1 / 1 copied.
2023-09-21 20:25:06,060 INFO reduce.MergeManagerImpl: finalMerge called with 1 in-memory map-outputs and 0 on-disk map-outputs
2023-09-21 20:25:06,061 INFO mapred.Merger: Merging 1 sorted segments
2023-09-21 20:25:06,062 INFO mapred.Merger: Down to the last merge-pass, with 1 segments left of total size: 262 bytes
2023-09-21 20:25:06,062 INFO reduce.MergeManagerImpl: Merged 1 segments, 272 bytes to disk to satisfy reduce memory limit
2023-09-21 20:25:06,063 INFO reduce.MergeManagerImpl: Merging 1 files, 276 bytes from disk
2023-09-21 20:25:06,063 INFO reduce.MergeManagerImpl: Merging 0 segments, 0 bytes from memory into reduce
2023-09-21 20:25:06,063 INFO mapred.Merger: Merging 1 sorted segments
2023-09-21 20:25:06,063 INFO mapred.Merger: Down to the last merge-pass, with 1 segments left of total size: 262 bytes
2023-09-21 20:25:06,063 INFO mapred.LocalJobRunner: 1 / 1 copied.
2023-09-21 20:25:06,134 INFO mapred.Task: Task:attempt_local1811885009_0002_r_000000_0 is done. And is in the process of committing
2023-09-21 20:25:06,134 INFO mapred.LocalJobRunner: 1 / 1 copied.
2023-09-21 20:25:06,134 INFO mapred.Task: Task attempt_local1811885009_0002_r_000000_0 is allowed to commit now
2023-09-21 20:25:06,143 INFO output.FileOutputCommitter: Saved output of task 'attempt_local1811885009_0002_r_000000_0' to file:/home/smittal2/project1/output2
2023-09-21 20:25:06,144 INFO mapred.LocalJobRunner: reduce > reduce
2023-09-21 20:25:06,144 INFO mapred.Task: Task 'attempt_local1811885009_0002_r_000000_0' done.
2023-09-21 20:25:06,144 INFO mapred.Task: Final Counters for attempt_local1811885009_0002_r_000000_0: Counters: 24
	File System Counters
		FILE: Number of bytes read=12068
		FILE: Number of bytes written=1099071
		FILE: Number of read operations=0
		FILE: Number of large read operations=0
		FILE: Number of write operations=0
	Map-Reduce Framework
		Combine input records=0
		Combine output records=0
		Reduce input groups=3
		Reduce shuffle bytes=276
		Reduce input records=15
		Reduce output records=3
		Spilled Records=15
		Shuffled Maps =1
		Failed Shuffles=0
		Merged Map outputs=1
		GC time elapsed (ms)=0
		Total committed heap usage (bytes)=2147483648
	Shuffle Errors
		BAD_ID=0
		CONNECTION=0
		IO_ERROR=0
		WRONG_LENGTH=0
		WRONG_MAP=0
		WRONG_REDUCE=0
	File Output Format Counters 
		Bytes Written=60
2023-09-21 20:25:06,144 INFO mapred.LocalJobRunner: Finishing task: attempt_local1811885009_0002_r_000000_0
2023-09-21 20:25:06,144 INFO mapred.LocalJobRunner: reduce task executor complete.
2023-09-21 20:25:06,951 INFO mapreduce.Job: Job job_local1811885009_0002 running in uber mode : false
2023-09-21 20:25:06,951 INFO mapreduce.Job:  map 100% reduce 100%
2023-09-21 20:25:06,952 INFO mapreduce.Job: Job job_local1811885009_0002 completed successfully
2023-09-21 20:25:06,955 INFO mapreduce.Job: Counters: 30
	File System Counters
		FILE: Number of bytes read=23552
		FILE: Number of bytes written=2197806
		FILE: Number of read operations=0
		FILE: Number of large read operations=0
		FILE: Number of write operations=0
	Map-Reduce Framework
		Map input records=15
		Map output records=15
		Map output bytes=240
		Map output materialized bytes=276
		Input split bytes=111
		Combine input records=0
		Combine output records=0
		Reduce input groups=3
		Reduce shuffle bytes=276
		Reduce input records=15
		Reduce output records=3
		Spilled Records=30
		Shuffled Maps =1
		Failed Shuffles=0
		Merged Map outputs=1
		GC time elapsed (ms)=0
		Total committed heap usage (bytes)=4294967296
	Shuffle Errors
		BAD_ID=0
		CONNECTION=0
		IO_ERROR=0
		WRONG_LENGTH=0
		WRONG_MAP=0
		WRONG_REDUCE=0
	File Input Format Counters 
		Bytes Read=285
	File Output Format Counters 
		Bytes Written=60
