
The following have been reloaded with a version change:
  1) cpu/0.17.3b => cpu/0.15.4

myHadoop: Using HADOOP_HOME=/expanse/lustre/projects/uot189/fegaras/hadoop-3.2.2
myHadoop: Using MH_SCRATCH_DIR=/scratch/smittal2/job_25324036
myHadoop: Using JAVA_HOME=/cm/shared/apps/spack/cpu/opt/spack/linux-centos8-zen/gcc-8.3.1/openjdk-11.0.2-k5ezeyjgjeqmehyvrmmpymaguuf2qzsk
myHadoop: Generating Hadoop configuration in directory in /home/smittal2/expansecluster...
myHadoop: Backing up old config dir to /home/smittal2/expansecluster.1...
renamed '/home/smittal2/expansecluster' -> '/home/smittal2/expansecluster.1'
myHadoop: Designating exp-12-43 as master node (namenode, secondary namenode, and jobtracker)
myHadoop: The following nodes will be slaves (datanode, tasktracer):
exp-12-43
exp-12-44
WARNING: /scratch/smittal2/job_25324036/pids does not exist. Creating.
WARNING: /scratch/smittal2/job_25324036/logs does not exist. Creating.
2023-09-21 20:27:08,230 INFO namenode.NameNode: STARTUP_MSG: 
/************************************************************
STARTUP_MSG: Starting NameNode
STARTUP_MSG:   host = exp-12-43/198.202.101.120
STARTUP_MSG:   args = [-format, -nonInteractive, -force]
STARTUP_MSG:   version = 3.2.2
STARTUP_MSG:   classpath = /home/smittal2/expansecluster:/expanse/lustre/projects/uot189/fegaras/hadoop-3.2.2/share/hadoop/common/lib/commons-math3-3.1.1.jar:/expanse/lustre/projects/uot189/fegaras/hadoop-3.2.2/share/hadoop/common/lib/jetty-servlet-9.4.20.v20190813.jar:/expanse/lustre/projects/uot189/fegaras/hadoop-3.2.2/share/hadoop/common/lib/slf4j-api-1.7.25.jar:/expanse/lustre/projects/uot189/fegaras/hadoop-3.2.2/share/hadoop/common/lib/re2j-1.1.jar:/expanse/lustre/projects/uot189/fegaras/hadoop-3.2.2/share/hadoop/common/lib/jsr311-api-1.1.1.jar:/expanse/lustre/projects/uot189/fegaras/hadoop-3.2.2/share/hadoop/common/lib/jersey-json-1.19.jar:/expanse/lustre/projects/uot189/fegaras/hadoop-3.2.2/share/hadoop/common/lib/httpcore-4.4.13.jar:/expanse/lustre/projects/uot189/fegaras/hadoop-3.2.2/share/hadoop/common/lib/netty-3.10.6.Final.jar:/expanse/lustre/projects/uot189/fegaras/hadoop-3.2.2/share/hadoop/common/lib/paranamer-2.3.jar:/expanse/lustre/projects/uot189/fegaras/hadoop-3.2.2/share/hadoop/common/lib/httpclient-4.5.13.jar:/expanse/lustre/projects/uot189/fegaras/hadoop-3.2.2/share/hadoop/common/lib/commons-cli-1.2.jar:/expanse/lustre/projects/uot189/fegaras/hadoop-3.2.2/share/hadoop/common/lib/curator-client-2.13.0.jar:/expanse/lustre/projects/uot189/fegaras/hadoop-3.2.2/share/hadoop/common/lib/commons-codec-1.11.jar:/expanse/lustre/projects/uot189/fegaras/hadoop-3.2.2/share/hadoop/common/lib/error_prone_annotations-2.2.0.jar:/expanse/lustre/projects/uot189/fegaras/hadoop-3.2.2/share/hadoop/common/lib/kerby-config-1.0.1.jar:/expanse/lustre/projects/uot189/fegaras/hadoop-3.2.2/share/hadoop/common/lib/guava-27.0-jre.jar:/expanse/lustre/projects/uot189/fegaras/hadoop-3.2.2/share/hadoop/common/lib/checker-qual-2.5.2.jar:/expanse/lustre/projects/uot189/fegaras/hadoop-3.2.2/share/hadoop/common/lib/jcip-annotations-1.0-1.jar:/expanse/lustre/projects/uot189/fegaras/hadoop-3.2.2/share/hadoop/common/lib/jackson-core-2.9.10.jar:/expanse/lustre/projects/uot189/fegaras/hadoop-3.2.2/share/hadoop/common/lib/kerb-util-1.0.1.jar:/expanse/lustre/projects/uot189/fegaras/hadoop-3.2.2/share/hadoop/common/lib/curator-framework-2.13.0.jar:/expanse/lustre/projects/uot189/fegaras/hadoop-3.2.2/share/hadoop/common/lib/kerby-xdr-1.0.1.jar:/expanse/lustre/projects/uot189/fegaras/hadoop-3.2.2/share/hadoop/common/lib/token-provider-1.0.1.jar:/expanse/lustre/projects/uot189/fegaras/hadoop-3.2.2/share/hadoop/common/lib/javax.servlet-api-3.1.0.jar:/expanse/lustre/projects/uot189/fegaras/hadoop-3.2.2/share/hadoop/common/lib/jackson-databind-2.9.10.4.jar:/expanse/lustre/projects/uot189/fegaras/hadoop-3.2.2/share/hadoop/common/lib/j2objc-annotations-1.1.jar:/expanse/lustre/projects/uot189/fegaras/hadoop-3.2.2/share/hadoop/common/lib/jettison-1.1.jar:/expanse/lustre/projects/uot189/fegaras/hadoop-3.2.2/share/hadoop/common/lib/jetty-server-9.4.20.v20190813.jar:/expanse/lustre/projects/uot189/fegaras/hadoop-3.2.2/share/hadoop/common/lib/jsch-0.1.55.jar:/expanse/lustre/projects/uot189/fegaras/hadoop-3.2.2/share/hadoop/common/lib/zookeeper-3.4.13.jar:/expanse/lustre/projects/uot189/fegaras/hadoop-3.2.2/share/hadoop/common/lib/kerb-simplekdc-1.0.1.jar:/expanse/lustre/projects/uot189/fegaras/hadoop-3.2.2/share/hadoop/common/lib/jetty-security-9.4.20.v20190813.jar:/expanse/lustre/projects/uot189/fegaras/hadoop-3.2.2/share/hadoop/common/lib/jetty-webapp-9.4.20.v20190813.jar:/expanse/lustre/projects/uot189/fegaras/hadoop-3.2.2/share/hadoop/common/lib/stax2-api-3.1.4.jar:/expanse/lustre/projects/uot189/fegaras/hadoop-3.2.2/share/hadoop/common/lib/jsr305-3.0.2.jar:/expanse/lustre/projects/uot189/fegaras/hadoop-3.2.2/share/hadoop/common/lib/jackson-jaxrs-1.9.13.jar:/expanse/lustre/projects/uot189/fegaras/hadoop-3.2.2/share/hadoop/common/lib/curator-recipes-2.13.0.jar:/expanse/lustre/projects/uot189/fegaras/hadoop-3.2.2/share/hadoop/common/lib/jaxb-impl-2.2.3-1.jar:/expanse/lustre/projects/uot189/fegaras/hadoop-3.2.2/share/hadoop/common/lib/commons-io-2.5.jar:/expanse/lustre/projects/uot189/fegaras/hadoop-3.2.2/share/hadoop/common/lib/kerb-admin-1.0.1.jar:/expanse/lustre/projects/uot189/fegaras/hadoop-3.2.2/share/hadoop/common/lib/jetty-io-9.4.20.v20190813.jar:/expanse/lustre/projects/uot189/fegaras/hadoop-3.2.2/share/hadoop/common/lib/jaxb-api-2.2.11.jar:/expanse/lustre/projects/uot189/fegaras/hadoop-3.2.2/share/hadoop/common/lib/jul-to-slf4j-1.7.25.jar:/expanse/lustre/projects/uot189/fegaras/hadoop-3.2.2/share/hadoop/common/lib/kerby-pkix-1.0.1.jar:/expanse/lustre/projects/uot189/fegaras/hadoop-3.2.2/share/hadoop/common/lib/kerby-asn1-1.0.1.jar:/expanse/lustre/projects/uot189/fegaras/hadoop-3.2.2/share/hadoop/common/lib/jersey-core-1.19.jar:/expanse/lustre/projects/uot189/fegaras/hadoop-3.2.2/share/hadoop/common/lib/asm-5.0.4.jar:/expanse/lustre/projects/uot189/fegaras/hadoop-3.2.2/share/hadoop/common/lib/listenablefuture-9999.0-empty-to-avoid-conflict-with-guava.jar:/expanse/lustre/projects/uot189/fegaras/hadoop-3.2.2/share/hadoop/common/lib/commons-text-1.4.jar:/expanse/lustre/projects/uot189/fegaras/hadoop-3.2.2/share/hadoop/common/lib/protobuf-java-2.5.0.jar:/expanse/lustre/projects/uot189/fegaras/hadoop-3.2.2/share/hadoop/common/lib/dnsjava-2.1.7.jar:/expanse/lustre/projects/uot189/fegaras/hadoop-3.2.2/share/hadoop/common/lib/jackson-xc-1.9.13.jar:/expanse/lustre/projects/uot189/fegaras/hadoop-3.2.2/share/hadoop/common/lib/jetty-http-9.4.20.v20190813.jar:/expanse/lustre/projects/uot189/fegaras/hadoop-3.2.2/share/hadoop/common/lib/kerb-identity-1.0.1.jar:/expanse/lustre/projects/uot189/fegaras/hadoop-3.2.2/share/hadoop/common/lib/log4j-1.2.17.jar:/expanse/lustre/projects/uot189/fegaras/hadoop-3.2.2/share/hadoop/common/lib/jsp-api-2.1.jar:/expanse/lustre/projects/uot189/fegaras/hadoop-3.2.2/share/hadoop/common/lib/animal-sniffer-annotations-1.17.jar:/expanse/lustre/projects/uot189/fegaras/hadoop-3.2.2/share/hadoop/common/lib/jackson-core-asl-1.9.13.jar:/expanse/lustre/projects/uot189/fegaras/hadoop-3.2.2/share/hadoop/common/lib/commons-lang3-3.7.jar:/expanse/lustre/projects/uot189/fegaras/hadoop-3.2.2/share/hadoop/common/lib/htrace-core4-4.1.0-incubating.jar:/expanse/lustre/projects/uot189/fegaras/hadoop-3.2.2/share/hadoop/common/lib/hadoop-auth-3.2.2.jar:/expanse/lustre/projects/uot189/fegaras/hadoop-3.2.2/share/hadoop/common/lib/jersey-servlet-1.19.jar:/expanse/lustre/projects/uot189/fegaras/hadoop-3.2.2/share/hadoop/common/lib/accessors-smart-1.2.jar:/expanse/lustre/projects/uot189/fegaras/hadoop-3.2.2/share/hadoop/common/lib/gson-2.2.4.jar:/expanse/lustre/projects/uot189/fegaras/hadoop-3.2.2/share/hadoop/common/lib/jersey-server-1.19.jar:/expanse/lustre/projects/uot189/fegaras/hadoop-3.2.2/share/hadoop/common/lib/jackson-annotations-2.9.10.jar:/expanse/lustre/projects/uot189/fegaras/hadoop-3.2.2/share/hadoop/common/lib/jetty-xml-9.4.20.v20190813.jar:/expanse/lustre/projects/uot189/fegaras/hadoop-3.2.2/share/hadoop/common/lib/woodstox-core-5.0.3.jar:/expanse/lustre/projects/uot189/fegaras/hadoop-3.2.2/share/hadoop/common/lib/jackson-mapper-asl-1.9.13.jar:/expanse/lustre/projects/uot189/fegaras/hadoop-3.2.2/share/hadoop/common/lib/commons-beanutils-1.9.4.jar:/expanse/lustre/projects/uot189/fegaras/hadoop-3.2.2/share/hadoop/common/lib/audience-annotations-0.5.0.jar:/expanse/lustre/projects/uot189/fegaras/hadoop-3.2.2/share/hadoop/common/lib/javax.activation-api-1.2.0.jar:/expanse/lustre/projects/uot189/fegaras/hadoop-3.2.2/share/hadoop/common/lib/commons-configuration2-2.1.1.jar:/expanse/lustre/projects/uot189/fegaras/hadoop-3.2.2/share/hadoop/common/lib/commons-logging-1.1.3.jar:/expanse/lustre/projects/uot189/fegaras/hadoop-3.2.2/share/hadoop/common/lib/json-smart-2.3.jar:/expanse/lustre/projects/uot189/fegaras/hadoop-3.2.2/share/hadoop/common/lib/snappy-java-1.0.5.jar:/expanse/lustre/projects/uot189/fegaras/hadoop-3.2.2/share/hadoop/common/lib/avro-1.7.7.jar:/expanse/lustre/projects/uot189/fegaras/hadoop-3.2.2/share/hadoop/common/lib/failureaccess-1.0.jar:/expanse/lustre/projects/uot189/fegaras/hadoop-3.2.2/share/hadoop/common/lib/nimbus-jose-jwt-7.9.jar:/expanse/lustre/projects/uot189/fegaras/hadoop-3.2.2/share/hadoop/common/lib/slf4j-log4j12-1.7.25.jar:/expanse/lustre/projects/uot189/fegaras/hadoop-3.2.2/share/hadoop/common/lib/jetty-util-9.4.20.v20190813.jar:/expanse/lustre/projects/uot189/fegaras/hadoop-3.2.2/share/hadoop/common/lib/kerb-client-1.0.1.jar:/expanse/lustre/projects/uot189/fegaras/hadoop-3.2.2/share/hadoop/common/lib/kerby-util-1.0.1.jar:/expanse/lustre/projects/uot189/fegaras/hadoop-3.2.2/share/hadoop/common/lib/metrics-core-3.2.4.jar:/expanse/lustre/projects/uot189/fegaras/hadoop-3.2.2/share/hadoop/common/lib/commons-collections-3.2.2.jar:/expanse/lustre/projects/uot189/fegaras/hadoop-3.2.2/share/hadoop/common/lib/kerb-common-1.0.1.jar:/expanse/lustre/projects/uot189/fegaras/hadoop-3.2.2/share/hadoop/common/lib/commons-net-3.6.jar:/expanse/lustre/projects/uot189/fegaras/hadoop-3.2.2/share/hadoop/common/lib/commons-compress-1.19.jar:/expanse/lustre/projects/uot189/fegaras/hadoop-3.2.2/share/hadoop/common/lib/hadoop-annotations-3.2.2.jar:/expanse/lustre/projects/uot189/fegaras/hadoop-3.2.2/share/hadoop/common/lib/kerb-server-1.0.1.jar:/expanse/lustre/projects/uot189/fegaras/hadoop-3.2.2/share/hadoop/common/lib/kerb-core-1.0.1.jar:/expanse/lustre/projects/uot189/fegaras/hadoop-3.2.2/share/hadoop/common/lib/kerb-crypto-1.0.1.jar:/expanse/lustre/projects/uot189/fegaras/hadoop-3.2.2/share/hadoop/common/hadoop-common-3.2.2.jar:/expanse/lustre/projects/uot189/fegaras/hadoop-3.2.2/share/hadoop/common/hadoop-kms-3.2.2.jar:/expanse/lustre/projects/uot189/fegaras/hadoop-3.2.2/share/hadoop/common/hadoop-common-3.2.2-tests.jar:/expanse/lustre/projects/uot189/fegaras/hadoop-3.2.2/share/hadoop/common/hadoop-nfs-3.2.2.jar:/expanse/lustre/projects/uot189/fegaras/hadoop-3.2.2/share/hadoop/hdfs:/expanse/lustre/projects/uot189/fegaras/hadoop-3.2.2/share/hadoop/hdfs/lib/checker-qual-2.5.2.jar:/expanse/lustre/projects/uot189/fegaras/hadoop-3.2.2/share/hadoop/hdfs/lib/dnsjava-2.1.7.jar:/expanse/lustre/projects/uot189/fegaras/hadoop-3.2.2/share/hadoop/hdfs/lib/commons-configuration2-2.1.1.jar:/expanse/lustre/projects/uot189/fegaras/hadoop-3.2.2/share/hadoop/hdfs/lib/asm-5.0.4.jar:/expanse/lustre/projects/uot189/fegaras/hadoop-3.2.2/share/hadoop/hdfs/lib/jsch-0.1.55.jar:/expanse/lustre/projects/uot189/fegaras/hadoop-3.2.2/share/hadoop/hdfs/lib/curator-recipes-2.13.0.jar:/expanse/lustre/projects/uot189/fegaras/hadoop-3.2.2/share/hadoop/hdfs/lib/leveldbjni-all-1.8.jar:/expanse/lustre/projects/uot189/fegaras/hadoop-3.2.2/share/hadoop/hdfs/lib/hadoop-annotations-3.2.2.jar:/expanse/lustre/projects/uot189/fegaras/hadoop-3.2.2/share/hadoop/hdfs/lib/commons-codec-1.11.jar:/expanse/lustre/projects/uot189/fegaras/hadoop-3.2.2/share/hadoop/hdfs/lib/hadoop-auth-3.2.2.jar:/expanse/lustre/projects/uot189/fegaras/hadoop-3.2.2/share/hadoop/hdfs/lib/commons-collections-3.2.2.jar:/expanse/lustre/projects/uot189/fegaras/hadoop-3.2.2/share/hadoop/hdfs/lib/commons-io-2.5.jar:/expanse/lustre/projects/uot189/fegaras/hadoop-3.2.2/share/hadoop/hdfs/lib/zookeeper-3.4.13.jar:/expanse/lustre/projects/uot189/fegaras/hadoop-3.2.2/share/hadoop/hdfs/lib/kerby-config-1.0.1.jar:/expanse/lustre/projects/uot189/fegaras/hadoop-3.2.2/share/hadoop/hdfs/lib/kerb-admin-1.0.1.jar:/expanse/lustre/projects/uot189/fegaras/hadoop-3.2.2/share/hadoop/hdfs/lib/curator-client-2.13.0.jar:/expanse/lustre/projects/uot189/fegaras/hadoop-3.2.2/share/hadoop/hdfs/lib/commons-lang3-3.7.jar:/expanse/lustre/projects/uot189/fegaras/hadoop-3.2.2/share/hadoop/hdfs/lib/j2objc-annotations-1.1.jar:/expanse/lustre/projects/uot189/fegaras/hadoop-3.2.2/share/hadoop/hdfs/lib/jetty-security-9.4.20.v20190813.jar:/expanse/lustre/projects/uot189/fegaras/hadoop-3.2.2/share/hadoop/hdfs/lib/jackson-xc-1.9.13.jar:/expanse/lustre/projects/uot189/fegaras/hadoop-3.2.2/share/hadoop/hdfs/lib/netty-3.10.6.Final.jar:/expanse/lustre/projects/uot189/fegaras/hadoop-3.2.2/share/hadoop/hdfs/lib/javax.servlet-api-3.1.0.jar:/expanse/lustre/projects/uot189/fegaras/hadoop-3.2.2/share/hadoop/hdfs/lib/audience-annotations-0.5.0.jar:/expanse/lustre/projects/uot189/fegaras/hadoop-3.2.2/share/hadoop/hdfs/lib/jackson-annotations-2.9.10.jar:/expanse/lustre/projects/uot189/fegaras/hadoop-3.2.2/share/hadoop/hdfs/lib/jetty-xml-9.4.20.v20190813.jar:/expanse/lustre/projects/uot189/fegaras/hadoop-3.2.2/share/hadoop/hdfs/lib/netty-all-4.1.48.Final.jar:/expanse/lustre/projects/uot189/fegaras/hadoop-3.2.2/share/hadoop/hdfs/lib/okhttp-2.7.5.jar:/expanse/lustre/projects/uot189/fegaras/hadoop-3.2.2/share/hadoop/hdfs/lib/javax.activation-api-1.2.0.jar:/expanse/lustre/projects/uot189/fegaras/hadoop-3.2.2/share/hadoop/hdfs/lib/log4j-1.2.17.jar:/expanse/lustre/projects/uot189/fegaras/hadoop-3.2.2/share/hadoop/hdfs/lib/kerb-server-1.0.1.jar:/expanse/lustre/projects/uot189/fegaras/hadoop-3.2.2/share/hadoop/hdfs/lib/guava-27.0-jre.jar:/expanse/lustre/projects/uot189/fegaras/hadoop-3.2.2/share/hadoop/hdfs/lib/kerb-crypto-1.0.1.jar:/expanse/lustre/projects/uot189/fegaras/hadoop-3.2.2/share/hadoop/hdfs/lib/jersey-json-1.19.jar:/expanse/lustre/projects/uot189/fegaras/hadoop-3.2.2/share/hadoop/hdfs/lib/jsr311-api-1.1.1.jar:/expanse/lustre/projects/uot189/fegaras/hadoop-3.2.2/share/hadoop/hdfs/lib/commons-net-3.6.jar:/expanse/lustre/projects/uot189/fegaras/hadoop-3.2.2/share/hadoop/hdfs/lib/listenablefuture-9999.0-empty-to-avoid-conflict-with-guava.jar:/expanse/lustre/projects/uot189/fegaras/hadoop-3.2.2/share/hadoop/hdfs/lib/kerb-core-1.0.1.jar:/expanse/lustre/projects/uot189/fegaras/hadoop-3.2.2/share/hadoop/hdfs/lib/kerb-common-1.0.1.jar:/expanse/lustre/projects/uot189/fegaras/hadoop-3.2.2/share/hadoop/hdfs/lib/jcip-annotations-1.0-1.jar:/expanse/lustre/projects/uot189/fegaras/hadoop-3.2.2/share/hadoop/hdfs/lib/jackson-core-2.9.10.jar:/expanse/lustre/projects/uot189/fegaras/hadoop-3.2.2/share/hadoop/hdfs/lib/htrace-core4-4.1.0-incubating.jar:/expanse/lustre/projects/uot189/fegaras/hadoop-3.2.2/share/hadoop/hdfs/lib/commons-math3-3.1.1.jar:/expanse/lustre/projects/uot189/fegaras/hadoop-3.2.2/share/hadoop/hdfs/lib/re2j-1.1.jar:/expanse/lustre/projects/uot189/fegaras/hadoop-3.2.2/share/hadoop/hdfs/lib/kerb-client-1.0.1.jar:/expanse/lustre/projects/uot189/fegaras/hadoop-3.2.2/share/hadoop/hdfs/lib/failureaccess-1.0.jar:/expanse/lustre/projects/uot189/fegaras/hadoop-3.2.2/share/hadoop/hdfs/lib/snappy-java-1.0.5.jar:/expanse/lustre/projects/uot189/fegaras/hadoop-3.2.2/share/hadoop/hdfs/lib/jackson-mapper-asl-1.9.13.jar:/expanse/lustre/projects/uot189/fegaras/hadoop-3.2.2/share/hadoop/hdfs/lib/jsr305-3.0.2.jar:/expanse/lustre/projects/uot189/fegaras/hadoop-3.2.2/share/hadoop/hdfs/lib/jetty-http-9.4.20.v20190813.jar:/expanse/lustre/projects/uot189/fegaras/hadoop-3.2.2/share/hadoop/hdfs/lib/kerb-simplekdc-1.0.1.jar:/expanse/lustre/projects/uot189/fegaras/hadoop-3.2.2/share/hadoop/hdfs/lib/jackson-databind-2.9.10.4.jar:/expanse/lustre/projects/uot189/fegaras/hadoop-3.2.2/share/hadoop/hdfs/lib/kerb-util-1.0.1.jar:/expanse/lustre/projects/uot189/fegaras/hadoop-3.2.2/share/hadoop/hdfs/lib/kerby-xdr-1.0.1.jar:/expanse/lustre/projects/uot189/fegaras/hadoop-3.2.2/share/hadoop/hdfs/lib/jackson-core-asl-1.9.13.jar:/expanse/lustre/projects/uot189/fegaras/hadoop-3.2.2/share/hadoop/hdfs/lib/kerby-util-1.0.1.jar:/expanse/lustre/projects/uot189/fegaras/hadoop-3.2.2/share/hadoop/hdfs/lib/jettison-1.1.jar:/expanse/lustre/projects/uot189/fegaras/hadoop-3.2.2/share/hadoop/hdfs/lib/commons-cli-1.2.jar:/expanse/lustre/projects/uot189/fegaras/hadoop-3.2.2/share/hadoop/hdfs/lib/paranamer-2.3.jar:/expanse/lustre/projects/uot189/fegaras/hadoop-3.2.2/share/hadoop/hdfs/lib/jersey-server-1.19.jar:/expanse/lustre/projects/uot189/fegaras/hadoop-3.2.2/share/hadoop/hdfs/lib/httpcore-4.4.13.jar:/expanse/lustre/projects/uot189/fegaras/hadoop-3.2.2/share/hadoop/hdfs/lib/okio-1.6.0.jar:/expanse/lustre/projects/uot189/fegaras/hadoop-3.2.2/share/hadoop/hdfs/lib/httpclient-4.5.13.jar:/expanse/lustre/projects/uot189/fegaras/hadoop-3.2.2/share/hadoop/hdfs/lib/gson-2.2.4.jar:/expanse/lustre/projects/uot189/fegaras/hadoop-3.2.2/share/hadoop/hdfs/lib/commons-beanutils-1.9.4.jar:/expanse/lustre/projects/uot189/fegaras/hadoop-3.2.2/share/hadoop/hdfs/lib/nimbus-jose-jwt-7.9.jar:/expanse/lustre/projects/uot189/fegaras/hadoop-3.2.2/share/hadoop/hdfs/lib/jackson-jaxrs-1.9.13.jar:/expanse/lustre/projects/uot189/fegaras/hadoop-3.2.2/share/hadoop/hdfs/lib/json-smart-2.3.jar:/expanse/lustre/projects/uot189/fegaras/hadoop-3.2.2/share/hadoop/hdfs/lib/jetty-io-9.4.20.v20190813.jar:/expanse/lustre/projects/uot189/fegaras/hadoop-3.2.2/share/hadoop/hdfs/lib/jetty-webapp-9.4.20.v20190813.jar:/expanse/lustre/projects/uot189/fegaras/hadoop-3.2.2/share/hadoop/hdfs/lib/jetty-server-9.4.20.v20190813.jar:/expanse/lustre/projects/uot189/fegaras/hadoop-3.2.2/share/hadoop/hdfs/lib/commons-logging-1.1.3.jar:/expanse/lustre/projects/uot189/fegaras/hadoop-3.2.2/share/hadoop/hdfs/lib/jaxb-api-2.2.11.jar:/expanse/lustre/projects/uot189/fegaras/hadoop-3.2.2/share/hadoop/hdfs/lib/avro-1.7.7.jar:/expanse/lustre/projects/uot189/fegaras/hadoop-3.2.2/share/hadoop/hdfs/lib/jersey-servlet-1.19.jar:/expanse/lustre/projects/uot189/fegaras/hadoop-3.2.2/share/hadoop/hdfs/lib/accessors-smart-1.2.jar:/expanse/lustre/projects/uot189/fegaras/hadoop-3.2.2/share/hadoop/hdfs/lib/woodstox-core-5.0.3.jar:/expanse/lustre/projects/uot189/fegaras/hadoop-3.2.2/share/hadoop/hdfs/lib/jaxb-impl-2.2.3-1.jar:/expanse/lustre/projects/uot189/fegaras/hadoop-3.2.2/share/hadoop/hdfs/lib/jersey-core-1.19.jar:/expanse/lustre/projects/uot189/fegaras/hadoop-3.2.2/share/hadoop/hdfs/lib/kerby-asn1-1.0.1.jar:/expanse/lustre/projects/uot189/fegaras/hadoop-3.2.2/share/hadoop/hdfs/lib/kerby-pkix-1.0.1.jar:/expanse/lustre/projects/uot189/fegaras/hadoop-3.2.2/share/hadoop/hdfs/lib/jetty-servlet-9.4.20.v20190813.jar:/expanse/lustre/projects/uot189/fegaras/hadoop-3.2.2/share/hadoop/hdfs/lib/jetty-util-9.4.20.v20190813.jar:/expanse/lustre/projects/uot189/fegaras/hadoop-3.2.2/share/hadoop/hdfs/lib/error_prone_annotations-2.2.0.jar:/expanse/lustre/projects/uot189/fegaras/hadoop-3.2.2/share/hadoop/hdfs/lib/curator-framework-2.13.0.jar:/expanse/lustre/projects/uot189/fegaras/hadoop-3.2.2/share/hadoop/hdfs/lib/commons-text-1.4.jar:/expanse/lustre/projects/uot189/fegaras/hadoop-3.2.2/share/hadoop/hdfs/lib/stax2-api-3.1.4.jar:/expanse/lustre/projects/uot189/fegaras/hadoop-3.2.2/share/hadoop/hdfs/lib/protobuf-java-2.5.0.jar:/expanse/lustre/projects/uot189/fegaras/hadoop-3.2.2/share/hadoop/hdfs/lib/jetty-util-ajax-9.4.20.v20190813.jar:/expanse/lustre/projects/uot189/fegaras/hadoop-3.2.2/share/hadoop/hdfs/lib/commons-compress-1.19.jar:/expanse/lustre/projects/uot189/fegaras/hadoop-3.2.2/share/hadoop/hdfs/lib/commons-daemon-1.0.13.jar:/expanse/lustre/projects/uot189/fegaras/hadoop-3.2.2/share/hadoop/hdfs/lib/json-simple-1.1.1.jar:/expanse/lustre/projects/uot189/fegaras/hadoop-3.2.2/share/hadoop/hdfs/lib/kerb-identity-1.0.1.jar:/expanse/lustre/projects/uot189/fegaras/hadoop-3.2.2/share/hadoop/hdfs/lib/token-provider-1.0.1.jar:/expanse/lustre/projects/uot189/fegaras/hadoop-3.2.2/share/hadoop/hdfs/lib/animal-sniffer-annotations-1.17.jar:/expanse/lustre/projects/uot189/fegaras/hadoop-3.2.2/share/hadoop/hdfs/hadoop-hdfs-client-3.2.2.jar:/expanse/lustre/projects/uot189/fegaras/hadoop-3.2.2/share/hadoop/hdfs/hadoop-hdfs-3.2.2.jar:/expanse/lustre/projects/uot189/fegaras/hadoop-3.2.2/share/hadoop/hdfs/hadoop-hdfs-3.2.2-tests.jar:/expanse/lustre/projects/uot189/fegaras/hadoop-3.2.2/share/hadoop/hdfs/hadoop-hdfs-client-3.2.2-tests.jar:/expanse/lustre/projects/uot189/fegaras/hadoop-3.2.2/share/hadoop/hdfs/hadoop-hdfs-native-client-3.2.2.jar:/expanse/lustre/projects/uot189/fegaras/hadoop-3.2.2/share/hadoop/hdfs/hadoop-hdfs-rbf-3.2.2-tests.jar:/expanse/lustre/projects/uot189/fegaras/hadoop-3.2.2/share/hadoop/hdfs/hadoop-hdfs-httpfs-3.2.2.jar:/expanse/lustre/projects/uot189/fegaras/hadoop-3.2.2/share/hadoop/hdfs/hadoop-hdfs-nfs-3.2.2.jar:/expanse/lustre/projects/uot189/fegaras/hadoop-3.2.2/share/hadoop/hdfs/hadoop-hdfs-rbf-3.2.2.jar:/expanse/lustre/projects/uot189/fegaras/hadoop-3.2.2/share/hadoop/hdfs/hadoop-hdfs-native-client-3.2.2-tests.jar:/expanse/lustre/projects/uot189/fegaras/hadoop-3.2.2/share/hadoop/mapreduce/lib/hamcrest-core-1.3.jar:/expanse/lustre/projects/uot189/fegaras/hadoop-3.2.2/share/hadoop/mapreduce/lib/junit-4.11.jar:/expanse/lustre/projects/uot189/fegaras/hadoop-3.2.2/share/hadoop/mapreduce/hadoop-mapreduce-client-uploader-3.2.2.jar:/expanse/lustre/projects/uot189/fegaras/hadoop-3.2.2/share/hadoop/mapreduce/hadoop-mapreduce-examples-3.2.2.jar:/expanse/lustre/projects/uot189/fegaras/hadoop-3.2.2/share/hadoop/mapreduce/hadoop-mapreduce-client-app-3.2.2.jar:/expanse/lustre/projects/uot189/fegaras/hadoop-3.2.2/share/hadoop/mapreduce/hadoop-mapreduce-client-jobclient-3.2.2.jar:/expanse/lustre/projects/uot189/fegaras/hadoop-3.2.2/share/hadoop/mapreduce/hadoop-mapreduce-client-shuffle-3.2.2.jar:/expanse/lustre/projects/uot189/fegaras/hadoop-3.2.2/share/hadoop/mapreduce/hadoop-mapreduce-client-hs-plugins-3.2.2.jar:/expanse/lustre/projects/uot189/fegaras/hadoop-3.2.2/share/hadoop/mapreduce/hadoop-mapreduce-client-common-3.2.2.jar:/expanse/lustre/projects/uot189/fegaras/hadoop-3.2.2/share/hadoop/mapreduce/hadoop-mapreduce-client-nativetask-3.2.2.jar:/expanse/lustre/projects/uot189/fegaras/hadoop-3.2.2/share/hadoop/mapreduce/hadoop-mapreduce-client-core-3.2.2.jar:/expanse/lustre/projects/uot189/fegaras/hadoop-3.2.2/share/hadoop/mapreduce/hadoop-mapreduce-client-jobclient-3.2.2-tests.jar:/expanse/lustre/projects/uot189/fegaras/hadoop-3.2.2/share/hadoop/mapreduce/hadoop-mapreduce-client-hs-3.2.2.jar:/expanse/lustre/projects/uot189/fegaras/hadoop-3.2.2/share/hadoop/yarn:/expanse/lustre/projects/uot189/fegaras/hadoop-3.2.2/share/hadoop/yarn/lib/HikariCP-java7-2.4.12.jar:/expanse/lustre/projects/uot189/fegaras/hadoop-3.2.2/share/hadoop/yarn/lib/jersey-client-1.19.jar:/expanse/lustre/projects/uot189/fegaras/hadoop-3.2.2/share/hadoop/yarn/lib/java-util-1.9.0.jar:/expanse/lustre/projects/uot189/fegaras/hadoop-3.2.2/share/hadoop/yarn/lib/metrics-core-3.2.4.jar:/expanse/lustre/projects/uot189/fegaras/hadoop-3.2.2/share/hadoop/yarn/lib/fst-2.50.jar:/expanse/lustre/projects/uot189/fegaras/hadoop-3.2.2/share/hadoop/yarn/lib/jackson-jaxrs-base-2.9.10.jar:/expanse/lustre/projects/uot189/fegaras/hadoop-3.2.2/share/hadoop/yarn/lib/objenesis-1.0.jar:/expanse/lustre/projects/uot189/fegaras/hadoop-3.2.2/share/hadoop/yarn/lib/snakeyaml-1.16.jar:/expanse/lustre/projects/uot189/fegaras/hadoop-3.2.2/share/hadoop/yarn/lib/swagger-annotations-1.5.4.jar:/expanse/lustre/projects/uot189/fegaras/hadoop-3.2.2/share/hadoop/yarn/lib/ehcache-3.3.1.jar:/expanse/lustre/projects/uot189/fegaras/hadoop-3.2.2/share/hadoop/yarn/lib/mssql-jdbc-6.2.1.jre7.jar:/expanse/lustre/projects/uot189/fegaras/hadoop-3.2.2/share/hadoop/yarn/lib/json-io-2.5.1.jar:/expanse/lustre/projects/uot189/fegaras/hadoop-3.2.2/share/hadoop/yarn/lib/aopalliance-1.0.jar:/expanse/lustre/projects/uot189/fegaras/hadoop-3.2.2/share/hadoop/yarn/lib/jackson-jaxrs-json-provider-2.9.10.jar:/expanse/lustre/projects/uot189/fegaras/hadoop-3.2.2/share/hadoop/yarn/lib/guice-servlet-4.0.jar:/expanse/lustre/projects/uot189/fegaras/hadoop-3.2.2/share/hadoop/yarn/lib/guice-4.0.jar:/expanse/lustre/projects/uot189/fegaras/hadoop-3.2.2/share/hadoop/yarn/lib/jackson-module-jaxb-annotations-2.9.10.jar:/expanse/lustre/projects/uot189/fegaras/hadoop-3.2.2/share/hadoop/yarn/lib/jersey-guice-1.19.jar:/expanse/lustre/projects/uot189/fegaras/hadoop-3.2.2/share/hadoop/yarn/lib/bcpkix-jdk15on-1.60.jar:/expanse/lustre/projects/uot189/fegaras/hadoop-3.2.2/share/hadoop/yarn/lib/bcprov-jdk15on-1.60.jar:/expanse/lustre/projects/uot189/fegaras/hadoop-3.2.2/share/hadoop/yarn/lib/javax.inject-1.jar:/expanse/lustre/projects/uot189/fegaras/hadoop-3.2.2/share/hadoop/yarn/lib/geronimo-jcache_1.0_spec-1.0-alpha-1.jar:/expanse/lustre/projects/uot189/fegaras/hadoop-3.2.2/share/hadoop/yarn/hadoop-yarn-server-resourcemanager-3.2.2.jar:/expanse/lustre/projects/uot189/fegaras/hadoop-3.2.2/share/hadoop/yarn/hadoop-yarn-server-common-3.2.2.jar:/expanse/lustre/projects/uot189/fegaras/hadoop-3.2.2/share/hadoop/yarn/hadoop-yarn-applications-unmanaged-am-launcher-3.2.2.jar:/expanse/lustre/projects/uot189/fegaras/hadoop-3.2.2/share/hadoop/yarn/hadoop-yarn-api-3.2.2.jar:/expanse/lustre/projects/uot189/fegaras/hadoop-3.2.2/share/hadoop/yarn/hadoop-yarn-server-timeline-pluginstorage-3.2.2.jar:/expanse/lustre/projects/uot189/fegaras/hadoop-3.2.2/share/hadoop/yarn/hadoop-yarn-services-core-3.2.2.jar:/expanse/lustre/projects/uot189/fegaras/hadoop-3.2.2/share/hadoop/yarn/hadoop-yarn-server-tests-3.2.2.jar:/expanse/lustre/projects/uot189/fegaras/hadoop-3.2.2/share/hadoop/yarn/hadoop-yarn-services-api-3.2.2.jar:/expanse/lustre/projects/uot189/fegaras/hadoop-3.2.2/share/hadoop/yarn/hadoop-yarn-server-nodemanager-3.2.2.jar:/expanse/lustre/projects/uot189/fegaras/hadoop-3.2.2/share/hadoop/yarn/hadoop-yarn-server-web-proxy-3.2.2.jar:/expanse/lustre/projects/uot189/fegaras/hadoop-3.2.2/share/hadoop/yarn/hadoop-yarn-client-3.2.2.jar:/expanse/lustre/projects/uot189/fegaras/hadoop-3.2.2/share/hadoop/yarn/hadoop-yarn-submarine-3.2.2.jar:/expanse/lustre/projects/uot189/fegaras/hadoop-3.2.2/share/hadoop/yarn/hadoop-yarn-common-3.2.2.jar:/expanse/lustre/projects/uot189/fegaras/hadoop-3.2.2/share/hadoop/yarn/hadoop-yarn-applications-distributedshell-3.2.2.jar:/expanse/lustre/projects/uot189/fegaras/hadoop-3.2.2/share/hadoop/yarn/hadoop-yarn-server-sharedcachemanager-3.2.2.jar:/expanse/lustre/projects/uot189/fegaras/hadoop-3.2.2/share/hadoop/yarn/hadoop-yarn-registry-3.2.2.jar:/expanse/lustre/projects/uot189/fegaras/hadoop-3.2.2/share/hadoop/yarn/hadoop-yarn-server-router-3.2.2.jar:/expanse/lustre/projects/uot189/fegaras/hadoop-3.2.2/share/hadoop/yarn/hadoop-yarn-server-applicationhistoryservice-3.2.2.jar
STARTUP_MSG:   build = Unknown -r 7a3bc90b05f257c8ace2f76d74264906f0f7a932; compiled by 'hexiaoqiao' on 2021-01-03T09:26Z
STARTUP_MSG:   java = 11.0.2
************************************************************/
2023-09-21 20:27:08,237 INFO namenode.NameNode: registered UNIX signal handlers for [TERM, HUP, INT]
2023-09-21 20:27:08,301 INFO namenode.NameNode: createNameNode [-format, -nonInteractive, -force]
2023-09-21 20:27:08,623 INFO common.Util: Assuming 'file' scheme for path /scratch/smittal2/job_25324036/namenode_data in configuration.
2023-09-21 20:27:08,623 INFO common.Util: Assuming 'file' scheme for path /scratch/smittal2/job_25324036/namenode_data in configuration.
Formatting using clusterid: CID-a1a30d17-f85b-459d-b652-a3790ecea2ba
2023-09-21 20:27:08,654 INFO namenode.FSEditLog: Edit logging is async:true
2023-09-21 20:27:08,676 INFO namenode.FSNamesystem: KeyProvider: null
2023-09-21 20:27:08,677 INFO namenode.FSNamesystem: fsLock is fair: true
2023-09-21 20:27:08,677 INFO namenode.FSNamesystem: Detailed lock hold time metrics enabled: false
2023-09-21 20:27:08,707 INFO namenode.FSNamesystem: fsOwner             = smittal2 (auth:SIMPLE)
2023-09-21 20:27:08,707 INFO namenode.FSNamesystem: supergroup          = supergroup
2023-09-21 20:27:08,707 INFO namenode.FSNamesystem: isPermissionEnabled = true
2023-09-21 20:27:08,707 INFO namenode.FSNamesystem: HA Enabled: false
2023-09-21 20:27:08,795 INFO common.Util: dfs.datanode.fileio.profiling.sampling.percentage set to 0. Disabling file IO profiling
2023-09-21 20:27:08,803 INFO blockmanagement.DatanodeManager: dfs.block.invalidate.limit: configured=1000, counted=60, effected=1000
2023-09-21 20:27:08,803 INFO blockmanagement.DatanodeManager: dfs.namenode.datanode.registration.ip-hostname-check=true
2023-09-21 20:27:08,806 INFO blockmanagement.BlockManager: dfs.namenode.startup.delay.block.deletion.sec is set to 000:00:00:00.000
2023-09-21 20:27:08,806 INFO blockmanagement.BlockManager: The block deletion will start around 2023 Sep 21 20:27:08
2023-09-21 20:27:08,807 INFO util.GSet: Computing capacity for map BlocksMap
2023-09-21 20:27:08,807 INFO util.GSet: VM type       = 64-bit
2023-09-21 20:27:08,808 INFO util.GSet: 2.0% max memory 30.0 GB = 613.8 MB
2023-09-21 20:27:08,808 INFO util.GSet: capacity      = 2^26 = 67108864 entries
2023-09-21 20:27:08,841 INFO blockmanagement.BlockManager: Storage policy satisfier is disabled
2023-09-21 20:27:08,841 INFO blockmanagement.BlockManager: dfs.block.access.token.enable = false
2023-09-21 20:27:08,847 INFO Configuration.deprecation: No unit for dfs.namenode.safemode.extension(30000) assuming MILLISECONDS
2023-09-21 20:27:08,847 INFO blockmanagement.BlockManagerSafeMode: dfs.namenode.safemode.threshold-pct = 0.9990000128746033
2023-09-21 20:27:08,847 INFO blockmanagement.BlockManagerSafeMode: dfs.namenode.safemode.min.datanodes = 0
2023-09-21 20:27:08,847 INFO blockmanagement.BlockManagerSafeMode: dfs.namenode.safemode.extension = 30000
2023-09-21 20:27:08,847 INFO blockmanagement.BlockManager: defaultReplication         = 3
2023-09-21 20:27:08,847 INFO blockmanagement.BlockManager: maxReplication             = 512
2023-09-21 20:27:08,847 INFO blockmanagement.BlockManager: minReplication             = 1
2023-09-21 20:27:08,847 INFO blockmanagement.BlockManager: maxReplicationStreams      = 2
2023-09-21 20:27:08,847 INFO blockmanagement.BlockManager: redundancyRecheckInterval  = 3000ms
2023-09-21 20:27:08,847 INFO blockmanagement.BlockManager: encryptDataTransfer        = false
2023-09-21 20:27:08,847 INFO blockmanagement.BlockManager: maxNumBlocksToLog          = 1000
2023-09-21 20:27:08,867 INFO namenode.FSDirectory: GLOBAL serial map: bits=29 maxEntries=536870911
2023-09-21 20:27:08,867 INFO namenode.FSDirectory: USER serial map: bits=24 maxEntries=16777215
2023-09-21 20:27:08,867 INFO namenode.FSDirectory: GROUP serial map: bits=24 maxEntries=16777215
2023-09-21 20:27:08,867 INFO namenode.FSDirectory: XATTR serial map: bits=24 maxEntries=16777215
2023-09-21 20:27:08,877 INFO util.GSet: Computing capacity for map INodeMap
2023-09-21 20:27:08,877 INFO util.GSet: VM type       = 64-bit
2023-09-21 20:27:08,877 INFO util.GSet: 1.0% max memory 30.0 GB = 306.9 MB
2023-09-21 20:27:08,877 INFO util.GSet: capacity      = 2^25 = 33554432 entries
2023-09-21 20:27:08,891 INFO namenode.FSDirectory: ACLs enabled? false
2023-09-21 20:27:08,891 INFO namenode.FSDirectory: POSIX ACL inheritance enabled? true
2023-09-21 20:27:08,891 INFO namenode.FSDirectory: XAttrs enabled? true
2023-09-21 20:27:08,891 INFO namenode.NameNode: Caching file names occurring more than 10 times
2023-09-21 20:27:08,897 INFO snapshot.SnapshotManager: Loaded config captureOpenFiles: false, skipCaptureAccessTimeOnlyChange: false, snapshotDiffAllowSnapRootDescendant: true, maxSnapshotLimit: 65536
2023-09-21 20:27:08,899 INFO snapshot.SnapshotManager: SkipList is disabled
2023-09-21 20:27:08,903 INFO util.GSet: Computing capacity for map cachedBlocks
2023-09-21 20:27:08,903 INFO util.GSet: VM type       = 64-bit
2023-09-21 20:27:08,903 INFO util.GSet: 0.25% max memory 30.0 GB = 76.7 MB
2023-09-21 20:27:08,903 INFO util.GSet: capacity      = 2^23 = 8388608 entries
2023-09-21 20:27:08,915 INFO metrics.TopMetrics: NNTop conf: dfs.namenode.top.window.num.buckets = 10
2023-09-21 20:27:08,915 INFO metrics.TopMetrics: NNTop conf: dfs.namenode.top.num.users = 10
2023-09-21 20:27:08,915 INFO metrics.TopMetrics: NNTop conf: dfs.namenode.top.windows.minutes = 1,5,25
2023-09-21 20:27:08,918 INFO namenode.FSNamesystem: Retry cache on namenode is enabled
2023-09-21 20:27:08,918 INFO namenode.FSNamesystem: Retry cache will use 0.03 of total heap and retry cache entry expiry time is 600000 millis
2023-09-21 20:27:08,920 INFO util.GSet: Computing capacity for map NameNodeRetryCache
2023-09-21 20:27:08,920 INFO util.GSet: VM type       = 64-bit
2023-09-21 20:27:08,920 INFO util.GSet: 0.029999999329447746% max memory 30.0 GB = 9.2 MB
2023-09-21 20:27:08,920 INFO util.GSet: capacity      = 2^20 = 1048576 entries
2023-09-21 20:27:08,941 INFO namenode.FSImage: Allocated new BlockPoolId: BP-842260390-198.202.101.120-1695353228935
2023-09-21 20:27:08,953 INFO common.Storage: Storage directory /scratch/smittal2/job_25324036/namenode_data has been successfully formatted.
2023-09-21 20:27:08,984 INFO namenode.FSImageFormatProtobuf: Saving image file /scratch/smittal2/job_25324036/namenode_data/current/fsimage.ckpt_0000000000000000000 using no compression
2023-09-21 20:27:09,091 INFO namenode.FSImageFormatProtobuf: Image file /scratch/smittal2/job_25324036/namenode_data/current/fsimage.ckpt_0000000000000000000 of size 403 bytes saved in 0 seconds .
2023-09-21 20:27:09,107 INFO namenode.NNStorageRetentionManager: Going to retain 1 images with txid >= 0
2023-09-21 20:27:09,111 INFO namenode.FSImage: FSImageSaver clean checkpoint: txid=0 when meet shutdown.
2023-09-21 20:27:09,112 INFO namenode.NameNode: SHUTDOWN_MSG: 
/************************************************************
SHUTDOWN_MSG: Shutting down NameNode at exp-12-43/198.202.101.120
************************************************************/
Starting namenodes on [exp-12-43]
Starting datanodes
WARNING: HADOOP_SECURE_DN_PID_DIR has been replaced by HADOOP_SECURE_PID_DIR. Using value of HADOOP_SECURE_DN_PID_DIR.
localhost: @@@@@@@@@@@@@@@@@@@@@@@@@@@@@@@@@@@@@@@@@@@@@@@@@@@@@@@@@@@
localhost: @    WARNING: REMOTE HOST IDENTIFICATION HAS CHANGED!     @
localhost: @@@@@@@@@@@@@@@@@@@@@@@@@@@@@@@@@@@@@@@@@@@@@@@@@@@@@@@@@@@
localhost: IT IS POSSIBLE THAT SOMEONE IS DOING SOMETHING NASTY!
localhost: Someone could be eavesdropping on you right now (man-in-the-middle attack)!
localhost: It is also possible that a host key has just been changed.
localhost: The fingerprint for the ED25519 key sent by the remote host is
localhost: SHA256:zjbqiJaaUGLBfwgvo59WOVBFAHrH/fGpfd2284csRqA.
localhost: Please contact your system administrator.
localhost: Add correct host key in /home/smittal2/.ssh/known_hosts to get rid of this message.
localhost: Offending ED25519 key in /home/smittal2/.ssh/known_hosts:2
localhost: Password authentication is disabled to avoid man-in-the-middle attacks.
localhost: Keyboard-interactive authentication is disabled to avoid man-in-the-middle attacks.
localhost: WARNING: HADOOP_SECURE_DN_PID_DIR has been replaced by HADOOP_SECURE_PID_DIR. Using value of HADOOP_SECURE_DN_PID_DIR.
Starting secondary namenodes [exp-12-43]
WARNING: YARN_LOG_DIR has been replaced by HADOOP_LOG_DIR. Using value of YARN_LOG_DIR.
WARNING: YARN_PID_DIR has been replaced by HADOOP_PID_DIR. Using value of YARN_PID_DIR.
Starting resourcemanager
WARNING: YARN_LOG_DIR has been replaced by HADOOP_LOG_DIR. Using value of YARN_LOG_DIR.
WARNING: YARN_PID_DIR has been replaced by HADOOP_PID_DIR. Using value of YARN_PID_DIR.
Starting nodemanagers
WARNING: YARN_LOG_DIR has been replaced by HADOOP_LOG_DIR. Using value of YARN_LOG_DIR.
WARNING: YARN_PID_DIR has been replaced by HADOOP_PID_DIR. Using value of YARN_PID_DIR.
localhost: @@@@@@@@@@@@@@@@@@@@@@@@@@@@@@@@@@@@@@@@@@@@@@@@@@@@@@@@@@@
localhost: @    WARNING: REMOTE HOST IDENTIFICATION HAS CHANGED!     @
localhost: @@@@@@@@@@@@@@@@@@@@@@@@@@@@@@@@@@@@@@@@@@@@@@@@@@@@@@@@@@@
localhost: IT IS POSSIBLE THAT SOMEONE IS DOING SOMETHING NASTY!
localhost: Someone could be eavesdropping on you right now (man-in-the-middle attack)!
localhost: It is also possible that a host key has just been changed.
localhost: The fingerprint for the ED25519 key sent by the remote host is
localhost: SHA256:zjbqiJaaUGLBfwgvo59WOVBFAHrH/fGpfd2284csRqA.
localhost: Please contact your system administrator.
localhost: Add correct host key in /home/smittal2/.ssh/known_hosts to get rid of this message.
localhost: Offending ED25519 key in /home/smittal2/.ssh/known_hosts:2
localhost: Password authentication is disabled to avoid man-in-the-middle attacks.
localhost: Keyboard-interactive authentication is disabled to avoid man-in-the-middle attacks.
localhost: WARNING: YARN_LOG_DIR has been replaced by HADOOP_LOG_DIR. Using value of YARN_LOG_DIR.
localhost: WARNING: YARN_PID_DIR has been replaced by HADOOP_PID_DIR. Using value of YARN_PID_DIR.
2023-09-21 20:27:34,027 INFO client.RMProxy: Connecting to ResourceManager at exp-12-43/198.202.101.120:8032
2023-09-21 20:27:34,244 WARN mapreduce.JobResourceUploader: Hadoop command-line option parsing not performed. Implement the Tool interface and execute your application with ToolRunner to remedy this.
2023-09-21 20:27:34,254 INFO mapreduce.JobResourceUploader: Disabling Erasure Coding for path: /tmp/hadoop-yarn/staging/smittal2/.staging/job_1695353244005_0001
2023-09-21 20:27:34,418 INFO input.FileInputFormat: Total input files to process : 1
2023-09-21 20:27:34,468 INFO mapreduce.JobSubmitter: number of splits:20
2023-09-21 20:27:34,596 INFO mapreduce.JobSubmitter: Submitting tokens for job: job_1695353244005_0001
2023-09-21 20:27:34,597 INFO mapreduce.JobSubmitter: Executing with tokens: []
2023-09-21 20:27:34,721 INFO conf.Configuration: resource-types.xml not found
2023-09-21 20:27:34,721 INFO resource.ResourceUtils: Unable to find 'resource-types.xml'.
2023-09-21 20:27:35,049 INFO impl.YarnClientImpl: Submitted application application_1695353244005_0001
2023-09-21 20:27:35,069 INFO mapreduce.Job: The url to track the job: http://exp-12-43:8088/proxy/application_1695353244005_0001/
2023-09-21 20:27:35,069 INFO mapreduce.Job: Running job: job_1695353244005_0001
2023-09-21 20:27:40,154 INFO mapreduce.Job: Job job_1695353244005_0001 running in uber mode : false
2023-09-21 20:27:40,155 INFO mapreduce.Job:  map 0% reduce 0%
2023-09-21 20:27:56,217 INFO mapreduce.Job:  map 3% reduce 0%
2023-09-21 20:28:02,230 INFO mapreduce.Job:  map 5% reduce 0%
2023-09-21 20:28:08,245 INFO mapreduce.Job:  map 7% reduce 0%
2023-09-21 20:28:14,256 INFO mapreduce.Job:  map 8% reduce 0%
2023-09-21 20:28:20,268 INFO mapreduce.Job:  map 10% reduce 0%
2023-09-21 20:28:26,281 INFO mapreduce.Job:  map 12% reduce 0%
2023-09-21 20:28:32,291 INFO mapreduce.Job:  map 13% reduce 0%
2023-09-21 20:28:38,302 INFO mapreduce.Job:  map 14% reduce 0%
2023-09-21 20:28:39,304 INFO mapreduce.Job:  map 15% reduce 0%
2023-09-21 20:28:45,317 INFO mapreduce.Job:  map 17% reduce 0%
2023-09-21 20:28:51,325 INFO mapreduce.Job:  map 18% reduce 0%
2023-09-21 20:28:57,341 INFO mapreduce.Job:  map 22% reduce 0%
2023-09-21 20:28:58,343 INFO mapreduce.Job:  map 25% reduce 0%
2023-09-21 20:28:59,346 INFO mapreduce.Job:  map 28% reduce 0%
2023-09-21 20:29:01,352 INFO mapreduce.Job:  map 30% reduce 0%
2023-09-21 20:29:12,371 INFO mapreduce.Job:  map 32% reduce 0%
2023-09-21 20:29:13,372 INFO mapreduce.Job:  map 33% reduce 0%
2023-09-21 20:29:15,374 INFO mapreduce.Job:  map 33% reduce 10%
2023-09-21 20:29:18,378 INFO mapreduce.Job:  map 34% reduce 10%
2023-09-21 20:29:24,385 INFO mapreduce.Job:  map 35% reduce 10%
2023-09-21 20:29:25,387 INFO mapreduce.Job:  map 36% reduce 10%
2023-09-21 20:29:31,394 INFO mapreduce.Job:  map 37% reduce 10%
2023-09-21 20:29:36,400 INFO mapreduce.Job:  map 38% reduce 10%
2023-09-21 20:29:42,407 INFO mapreduce.Job:  map 39% reduce 10%
2023-09-21 20:29:43,409 INFO mapreduce.Job:  map 40% reduce 10%
2023-09-21 20:29:48,416 INFO mapreduce.Job:  map 41% reduce 10%
2023-09-21 20:29:54,423 INFO mapreduce.Job:  map 42% reduce 10%
2023-09-21 20:29:55,424 INFO mapreduce.Job:  map 43% reduce 10%
2023-09-21 20:30:01,431 INFO mapreduce.Job:  map 44% reduce 10%
2023-09-21 20:30:07,437 INFO mapreduce.Job:  map 45% reduce 10%
2023-09-21 20:30:13,444 INFO mapreduce.Job:  map 49% reduce 10%
2023-09-21 20:30:14,446 INFO mapreduce.Job:  map 53% reduce 10%
2023-09-21 20:30:15,447 INFO mapreduce.Job:  map 53% reduce 17%
2023-09-21 20:30:16,449 INFO mapreduce.Job:  map 55% reduce 17%
2023-09-21 20:30:22,458 INFO mapreduce.Job:  map 55% reduce 18%
2023-09-21 20:30:28,464 INFO mapreduce.Job:  map 57% reduce 18%
2023-09-21 20:30:30,466 INFO mapreduce.Job:  map 58% reduce 18%
2023-09-21 20:30:34,469 INFO mapreduce.Job:  map 59% reduce 18%
2023-09-21 20:30:40,476 INFO mapreduce.Job:  map 60% reduce 18%
2023-09-21 20:30:42,478 INFO mapreduce.Job:  map 61% reduce 18%
2023-09-21 20:30:46,482 INFO mapreduce.Job:  map 62% reduce 18%
2023-09-21 20:30:52,490 INFO mapreduce.Job:  map 63% reduce 18%
2023-09-21 20:30:54,492 INFO mapreduce.Job:  map 64% reduce 18%
2023-09-21 20:30:59,497 INFO mapreduce.Job:  map 65% reduce 18%
2023-09-21 20:31:04,502 INFO mapreduce.Job:  map 66% reduce 18%
2023-09-21 20:31:06,504 INFO mapreduce.Job:  map 67% reduce 18%
2023-09-21 20:31:11,509 INFO mapreduce.Job:  map 68% reduce 18%
2023-09-21 20:31:17,515 INFO mapreduce.Job:  map 69% reduce 18%
2023-09-21 20:31:23,520 INFO mapreduce.Job:  map 70% reduce 18%
2023-09-21 20:31:24,521 INFO mapreduce.Job:  map 71% reduce 18%
2023-09-21 20:31:27,525 INFO mapreduce.Job:  map 73% reduce 18%
2023-09-21 20:31:28,527 INFO mapreduce.Job:  map 76% reduce 20%
2023-09-21 20:31:29,529 INFO mapreduce.Job:  map 80% reduce 20%
2023-09-21 20:31:34,535 INFO mapreduce.Job:  map 80% reduce 27%
2023-09-21 20:31:41,542 INFO mapreduce.Job:  map 81% reduce 27%
2023-09-21 20:31:42,543 INFO mapreduce.Job:  map 82% reduce 27%
2023-09-21 20:31:43,544 INFO mapreduce.Job:  map 83% reduce 27%
2023-09-21 20:31:48,549 INFO mapreduce.Job:  map 84% reduce 27%
2023-09-21 20:31:53,554 INFO mapreduce.Job:  map 85% reduce 27%
2023-09-21 20:31:55,557 INFO mapreduce.Job:  map 86% reduce 27%
2023-09-21 20:32:00,563 INFO mapreduce.Job:  map 87% reduce 27%
2023-09-21 20:32:04,567 INFO mapreduce.Job:  map 89% reduce 28%
2023-09-21 20:32:05,568 INFO mapreduce.Job:  map 90% reduce 28%
2023-09-21 20:32:12,575 INFO mapreduce.Job:  map 91% reduce 28%
2023-09-21 20:32:18,581 INFO mapreduce.Job:  map 92% reduce 28%
2023-09-21 20:32:24,587 INFO mapreduce.Job:  map 93% reduce 28%
2023-09-21 20:32:31,593 INFO mapreduce.Job:  map 94% reduce 28%
2023-09-21 20:32:37,599 INFO mapreduce.Job:  map 95% reduce 28%
2023-09-21 20:32:41,603 INFO mapreduce.Job:  map 98% reduce 28%
2023-09-21 20:32:42,605 INFO mapreduce.Job:  map 100% reduce 28%
2023-09-21 20:32:47,609 INFO mapreduce.Job:  map 100% reduce 69%
2023-09-21 20:32:53,614 INFO mapreduce.Job:  map 100% reduce 76%
2023-09-21 20:32:59,618 INFO mapreduce.Job:  map 100% reduce 83%
2023-09-21 20:33:05,623 INFO mapreduce.Job:  map 100% reduce 91%
2023-09-21 20:33:11,628 INFO mapreduce.Job:  map 100% reduce 99%
2023-09-21 20:33:12,629 INFO mapreduce.Job:  map 100% reduce 100%
2023-09-21 20:33:12,630 INFO mapreduce.Job: Job job_1695353244005_0001 completed successfully
2023-09-21 20:33:12,687 INFO mapreduce.Job: Counters: 55
	File System Counters
		FILE: Number of bytes read=1986884786
		FILE: Number of bytes written=2996629677
		FILE: Number of read operations=0
		FILE: Number of large read operations=0
		FILE: Number of write operations=0
		HDFS: Number of bytes read=2610620749
		HDFS: Number of bytes written=174948
		HDFS: Number of read operations=65
		HDFS: Number of large read operations=0
		HDFS: Number of write operations=2
		HDFS: Number of bytes read erasure-coded=0
	Job Counters 
		Killed map tasks=2
		Launched map tasks=22
		Launched reduce tasks=1
		Data-local map tasks=22
		Total time spent by all maps in occupied slots (ms)=1548746
		Total time spent by all reduces in occupied slots (ms)=250539
		Total time spent by all map tasks (ms)=1548746
		Total time spent by all reduce tasks (ms)=250539
		Total vcore-milliseconds taken by all map tasks=1548746
		Total vcore-milliseconds taken by all reduce tasks=250539
		Total megabyte-milliseconds taken by all map tasks=1585915904
		Total megabyte-milliseconds taken by all reduce tasks=256551936
	Map-Reduce Framework
		Map input records=100480507
		Map output records=100480507
		Map output bytes=803844056
		Map output materialized bytes=1004805190
		Input split bytes=2260
		Combine input records=0
		Combine output records=0
		Reduce input groups=17770
		Reduce shuffle bytes=1004805190
		Reduce input records=100480507
		Reduce output records=17770
		Spilled Records=299168961
		Shuffled Maps =20
		Failed Shuffles=0
		Merged Map outputs=20
		GC time elapsed (ms)=8808
		CPU time spent (ms)=1643170
		Physical memory (bytes) snapshot=17431166976
		Virtual memory (bytes) snapshot=62781362176
		Total committed heap usage (bytes)=18056478720
		Peak Map Physical memory (bytes)=836612096
		Peak Map Virtual memory (bytes)=2998611968
		Peak Reduce Physical memory (bytes)=1040453632
		Peak Reduce Virtual memory (bytes)=2994405376
	Shuffle Errors
		BAD_ID=0
		CONNECTION=0
		IO_ERROR=0
		WRONG_LENGTH=0
		WRONG_MAP=0
		WRONG_REDUCE=0
	File Input Format Counters 
		Bytes Read=2610618489
	File Output Format Counters 
		Bytes Written=174948
2023-09-21 20:33:12,709 INFO client.RMProxy: Connecting to ResourceManager at exp-12-43/198.202.101.120:8032
2023-09-21 20:33:12,719 WARN mapreduce.JobResourceUploader: Hadoop command-line option parsing not performed. Implement the Tool interface and execute your application with ToolRunner to remedy this.
2023-09-21 20:33:12,721 INFO mapreduce.JobResourceUploader: Disabling Erasure Coding for path: /tmp/hadoop-yarn/staging/smittal2/.staging/job_1695353244005_0002
2023-09-21 20:33:12,736 INFO input.FileInputFormat: Total input files to process : 1
2023-09-21 20:33:12,757 INFO mapreduce.JobSubmitter: number of splits:20
2023-09-21 20:33:12,778 INFO mapreduce.JobSubmitter: Submitting tokens for job: job_1695353244005_0002
2023-09-21 20:33:12,778 INFO mapreduce.JobSubmitter: Executing with tokens: []
2023-09-21 20:33:12,794 INFO impl.YarnClientImpl: Submitted application application_1695353244005_0002
2023-09-21 20:33:12,798 INFO mapreduce.Job: The url to track the job: http://exp-12-43:8088/proxy/application_1695353244005_0002/
2023-09-21 20:33:12,798 INFO mapreduce.Job: Running job: job_1695353244005_0002
2023-09-21 20:33:22,862 INFO mapreduce.Job: Job job_1695353244005_0002 running in uber mode : false
2023-09-21 20:33:22,862 INFO mapreduce.Job:  map 0% reduce 0%
2023-09-21 20:33:38,898 INFO mapreduce.Job:  map 1% reduce 0%
2023-09-21 20:33:56,922 INFO mapreduce.Job:  map 2% reduce 0%
2023-09-21 20:34:14,945 INFO mapreduce.Job:  map 3% reduce 0%
2023-09-21 20:34:26,960 INFO mapreduce.Job:  map 4% reduce 0%
2023-09-21 20:34:45,982 INFO mapreduce.Job:  map 5% reduce 0%
2023-09-21 20:35:04,000 INFO mapreduce.Job:  map 6% reduce 0%
2023-09-21 20:35:22,017 INFO mapreduce.Job:  map 7% reduce 0%
2023-09-21 20:35:34,028 INFO mapreduce.Job:  map 8% reduce 0%
2023-09-21 20:35:52,044 INFO mapreduce.Job:  map 9% reduce 0%
2023-09-21 20:36:10,062 INFO mapreduce.Job:  map 10% reduce 0%
2023-09-21 20:36:29,078 INFO mapreduce.Job:  map 11% reduce 0%
2023-09-21 20:36:41,088 INFO mapreduce.Job:  map 12% reduce 0%
2023-09-21 20:36:59,106 INFO mapreduce.Job:  map 13% reduce 0%
2023-09-21 20:37:17,122 INFO mapreduce.Job:  map 14% reduce 0%
2023-09-21 20:37:35,136 INFO mapreduce.Job:  map 15% reduce 0%
2023-09-21 20:37:53,151 INFO mapreduce.Job:  map 16% reduce 0%
2023-09-21 20:38:05,159 INFO mapreduce.Job:  map 17% reduce 0%
2023-09-21 20:38:24,173 INFO mapreduce.Job:  map 18% reduce 0%
2023-09-21 20:38:42,186 INFO mapreduce.Job:  map 19% reduce 0%
2023-09-21 20:39:00,199 INFO mapreduce.Job:  map 20% reduce 0%
2023-09-21 20:39:02,202 INFO mapreduce.Job:  map 22% reduce 0%
2023-09-21 20:39:03,203 INFO mapreduce.Job:  map 25% reduce 0%
2023-09-21 20:39:04,205 INFO mapreduce.Job:  map 28% reduce 0%
2023-09-21 20:39:12,214 INFO mapreduce.Job:  map 30% reduce 0%
2023-09-21 20:39:19,222 INFO mapreduce.Job:  map 31% reduce 0%
2023-09-21 20:39:26,230 INFO mapreduce.Job:  map 31% reduce 10%
2023-09-21 20:39:41,243 INFO mapreduce.Job:  map 32% reduce 10%
2023-09-21 20:39:59,259 INFO mapreduce.Job:  map 33% reduce 10%
2023-09-21 20:40:18,275 INFO mapreduce.Job:  map 34% reduce 10%
2023-09-21 20:40:42,296 INFO mapreduce.Job:  map 35% reduce 10%
2023-09-21 20:41:00,311 INFO mapreduce.Job:  map 36% reduce 10%
2023-09-21 20:41:19,325 INFO mapreduce.Job:  map 37% reduce 10%
2023-09-21 20:41:38,339 INFO mapreduce.Job:  map 38% reduce 10%
2023-09-21 20:42:00,356 INFO mapreduce.Job:  map 39% reduce 10%
2023-09-21 20:42:19,371 INFO mapreduce.Job:  map 40% reduce 10%
2023-09-21 20:42:38,386 INFO mapreduce.Job:  map 41% reduce 10%
2023-09-21 20:43:01,404 INFO mapreduce.Job:  map 42% reduce 10%
2023-09-21 20:43:19,417 INFO mapreduce.Job:  map 43% reduce 10%
2023-09-21 20:43:38,431 INFO mapreduce.Job:  map 44% reduce 10%
2023-09-21 20:43:57,445 INFO mapreduce.Job:  map 45% reduce 10%
2023-09-21 20:44:19,461 INFO mapreduce.Job:  map 46% reduce 10%
2023-09-21 20:44:30,469 INFO mapreduce.Job:  map 48% reduce 10%
2023-09-21 20:44:34,473 INFO mapreduce.Job:  map 48% reduce 12%
2023-09-21 20:44:38,476 INFO mapreduce.Job:  map 49% reduce 12%
2023-09-21 20:44:39,478 INFO mapreduce.Job:  map 50% reduce 12%
2023-09-21 20:44:40,479 INFO mapreduce.Job:  map 50% reduce 13%
2023-09-21 20:44:44,487 INFO mapreduce.Job:  map 53% reduce 13%
2023-09-21 20:44:45,488 INFO mapreduce.Job:  map 54% reduce 13%
2023-09-21 20:44:46,491 INFO mapreduce.Job:  map 55% reduce 13%
2023-09-21 20:44:47,492 INFO mapreduce.Job:  map 55% reduce 18%
2023-09-21 20:44:58,501 INFO mapreduce.Job:  map 56% reduce 18%
2023-09-21 20:45:16,515 INFO mapreduce.Job:  map 57% reduce 18%
2023-09-21 20:45:34,529 INFO mapreduce.Job:  map 58% reduce 18%
2023-09-21 20:45:52,542 INFO mapreduce.Job:  map 59% reduce 18%
2023-09-21 20:46:12,558 INFO mapreduce.Job:  map 60% reduce 18%
2023-09-21 20:46:31,571 INFO mapreduce.Job:  map 61% reduce 18%
2023-09-21 20:46:52,586 INFO mapreduce.Job:  map 62% reduce 18%
2023-09-21 20:47:11,599 INFO mapreduce.Job:  map 63% reduce 18%
2023-09-21 20:47:29,612 INFO mapreduce.Job:  map 64% reduce 18%
2023-09-21 20:47:47,627 INFO mapreduce.Job:  map 65% reduce 18%
2023-09-21 20:48:06,640 INFO mapreduce.Job:  map 66% reduce 18%
2023-09-21 20:48:26,656 INFO mapreduce.Job:  map 67% reduce 18%
2023-09-21 20:48:47,671 INFO mapreduce.Job:  map 68% reduce 18%
2023-09-21 20:49:06,685 INFO mapreduce.Job:  map 69% reduce 18%
2023-09-21 20:49:24,697 INFO mapreduce.Job:  map 70% reduce 18%
2023-09-21 20:49:42,711 INFO mapreduce.Job:  map 71% reduce 18%
2023-09-21 20:49:54,719 INFO mapreduce.Job:  map 73% reduce 18%
2023-09-21 20:49:55,721 INFO mapreduce.Job:  map 73% reduce 20%
2023-09-21 20:49:57,723 INFO mapreduce.Job:  map 75% reduce 20%
2023-09-21 20:50:01,727 INFO mapreduce.Job:  map 75% reduce 22%
2023-09-21 20:50:06,733 INFO mapreduce.Job:  map 77% reduce 22%
2023-09-21 20:50:07,733 INFO mapreduce.Job:  map 77% reduce 23%
2023-09-21 20:50:10,735 INFO mapreduce.Job:  map 78% reduce 23%
2023-09-21 20:50:12,737 INFO mapreduce.Job:  map 79% reduce 23%
2023-09-21 20:50:13,738 INFO mapreduce.Job:  map 79% reduce 25%
2023-09-21 20:50:14,740 INFO mapreduce.Job:  map 80% reduce 25%
2023-09-21 20:50:19,744 INFO mapreduce.Job:  map 80% reduce 27%
2023-09-21 20:50:21,746 INFO mapreduce.Job:  map 81% reduce 27%
2023-09-21 20:50:37,760 INFO mapreduce.Job:  map 82% reduce 27%
2023-09-21 20:50:57,774 INFO mapreduce.Job:  map 83% reduce 27%
2023-09-21 20:51:15,785 INFO mapreduce.Job:  map 84% reduce 27%
2023-09-21 20:51:34,801 INFO mapreduce.Job:  map 85% reduce 27%
2023-09-21 20:51:52,816 INFO mapreduce.Job:  map 86% reduce 27%
2023-09-21 20:52:10,834 INFO mapreduce.Job:  map 87% reduce 27%
2023-09-21 20:52:28,850 INFO mapreduce.Job:  map 88% reduce 27%
2023-09-21 20:52:43,864 INFO mapreduce.Job:  map 90% reduce 27%
2023-09-21 20:52:44,865 INFO mapreduce.Job:  map 90% reduce 28%
2023-09-21 20:53:01,878 INFO mapreduce.Job:  map 91% reduce 28%
2023-09-21 20:53:35,903 INFO mapreduce.Job:  map 92% reduce 28%
2023-09-21 20:54:05,927 INFO mapreduce.Job:  map 93% reduce 28%
2023-09-21 20:54:35,949 INFO mapreduce.Job:  map 94% reduce 28%
2023-09-21 20:55:08,974 INFO mapreduce.Job:  map 95% reduce 28%
2023-09-21 20:55:15,980 INFO mapreduce.Job:  map 96% reduce 28%
2023-09-21 20:55:20,985 INFO mapreduce.Job:  map 97% reduce 28%
2023-09-21 20:55:22,986 INFO mapreduce.Job:  map 97% reduce 30%
2023-09-21 20:55:25,990 INFO mapreduce.Job:  map 98% reduce 30%
2023-09-21 20:55:28,992 INFO mapreduce.Job:  map 98% reduce 32%
2023-09-21 20:55:30,993 INFO mapreduce.Job:  map 100% reduce 32%
2023-09-21 20:55:34,996 INFO mapreduce.Job:  map 100% reduce 60%
2023-09-21 20:55:40,999 INFO mapreduce.Job:  map 100% reduce 73%
2023-09-21 20:55:47,001 INFO mapreduce.Job:  map 100% reduce 80%
2023-09-21 20:55:53,004 INFO mapreduce.Job:  map 100% reduce 87%
2023-09-21 20:55:59,007 INFO mapreduce.Job:  map 100% reduce 94%
2023-09-21 20:56:04,010 INFO mapreduce.Job:  map 100% reduce 100%
2023-09-21 20:56:04,011 INFO mapreduce.Job: Job job_1695353244005_0002 completed successfully
2023-09-21 20:56:04,028 INFO mapreduce.Job: Counters: 55
	File System Counters
		FILE: Number of bytes read=4052129828
		FILE: Number of bytes written=6106996131
		FILE: Number of read operations=0
		FILE: Number of large read operations=0
		FILE: Number of write operations=0
		HDFS: Number of bytes read=2610620749
		HDFS: Number of bytes written=1273448
		HDFS: Number of read operations=65
		HDFS: Number of large read operations=0
		HDFS: Number of write operations=2
		HDFS: Number of bytes read erasure-coded=0
	Job Counters 
		Killed map tasks=2
		Launched map tasks=22
		Launched reduce tasks=1
		Data-local map tasks=22
		Total time spent by all maps in occupied slots (ms)=6933550
		Total time spent by all reduces in occupied slots (ms)=1011452
		Total time spent by all map tasks (ms)=6933550
		Total time spent by all reduce tasks (ms)=1011452
		Total vcore-milliseconds taken by all map tasks=6933550
		Total vcore-milliseconds taken by all reduce tasks=1011452
		Total megabyte-milliseconds taken by all map tasks=7099955200
		Total megabyte-milliseconds taken by all reduce tasks=1035726848
	Map-Reduce Framework
		Map input records=100480507
		Map output records=100480507
		Map output bytes=1848965594
		Map output materialized bytes=2049926728
		Input split bytes=2260
		Combine input records=0
		Combine output records=0
		Reduce input groups=65433
		Reduce shuffle bytes=2049926728
		Reduce input records=100480507
		Reduce output records=65433
		Spilled Records=299168961
		Shuffled Maps =20
		Failed Shuffles=0
		Merged Map outputs=20
		GC time elapsed (ms)=36556
		CPU time spent (ms)=6876890
		Physical memory (bytes) snapshot=17211281408
		Virtual memory (bytes) snapshot=62687973376
		Total committed heap usage (bytes)=18056478720
		Peak Map Physical memory (bytes)=815669248
		Peak Map Virtual memory (bytes)=2990006272
		Peak Reduce Physical memory (bytes)=1032466432
		Peak Reduce Virtual memory (bytes)=2989191168
	Shuffle Errors
		BAD_ID=0
		CONNECTION=0
		IO_ERROR=0
		WRONG_LENGTH=0
		WRONG_MAP=0
		WRONG_REDUCE=0
	File Input Format Counters 
		Bytes Read=2610618489
	File Output Format Counters 
		Bytes Written=1273448
WARNING: YARN_LOG_DIR has been replaced by HADOOP_LOG_DIR. Using value of YARN_LOG_DIR.
WARNING: YARN_PID_DIR has been replaced by HADOOP_PID_DIR. Using value of YARN_PID_DIR.
Stopping nodemanagers
WARNING: YARN_LOG_DIR has been replaced by HADOOP_LOG_DIR. Using value of YARN_LOG_DIR.
WARNING: YARN_PID_DIR has been replaced by HADOOP_PID_DIR. Using value of YARN_PID_DIR.
localhost: @@@@@@@@@@@@@@@@@@@@@@@@@@@@@@@@@@@@@@@@@@@@@@@@@@@@@@@@@@@
localhost: @    WARNING: REMOTE HOST IDENTIFICATION HAS CHANGED!     @
localhost: @@@@@@@@@@@@@@@@@@@@@@@@@@@@@@@@@@@@@@@@@@@@@@@@@@@@@@@@@@@
localhost: IT IS POSSIBLE THAT SOMEONE IS DOING SOMETHING NASTY!
localhost: Someone could be eavesdropping on you right now (man-in-the-middle attack)!
localhost: It is also possible that a host key has just been changed.
localhost: The fingerprint for the ED25519 key sent by the remote host is
localhost: SHA256:zjbqiJaaUGLBfwgvo59WOVBFAHrH/fGpfd2284csRqA.
localhost: Please contact your system administrator.
localhost: Add correct host key in /home/smittal2/.ssh/known_hosts to get rid of this message.
localhost: Offending ED25519 key in /home/smittal2/.ssh/known_hosts:2
localhost: Password authentication is disabled to avoid man-in-the-middle attacks.
localhost: Keyboard-interactive authentication is disabled to avoid man-in-the-middle attacks.
localhost: WARNING: YARN_LOG_DIR has been replaced by HADOOP_LOG_DIR. Using value of YARN_LOG_DIR.
localhost: WARNING: YARN_PID_DIR has been replaced by HADOOP_PID_DIR. Using value of YARN_PID_DIR.
slurmstepd: error: *** JOB 25324036 ON exp-12-43 CANCELLED AT 2023-09-21T20:56:11 DUE TO TIME LIMIT ***
