
The following have been reloaded with a version change:
  1) cpu/0.17.3b => cpu/0.15.4

2023-11-07 20:10:13,362 INFO pig.ExecTypeProvider: Trying ExecType : LOCAL
2023-11-07 20:10:13,362 INFO pig.ExecTypeProvider: Picked LOCAL as the ExecType
2023-11-07 20:10:13,395 [main] INFO  org.apache.pig.Main - Apache Pig version 0.17.0 (r1797386) compiled Jun 02 2017, 15:41:58
2023-11-07 20:10:13,395 [main] INFO  org.apache.pig.Main - Logging error messages to: /home/smittal2/project6/pig_1699416613393.log
2023-11-07 20:10:13,417 [main] INFO  org.apache.hadoop.conf.Configuration.deprecation - user.name is deprecated. Instead, use mapreduce.job.user.name
2023-11-07 20:10:13,535 [main] INFO  org.apache.pig.impl.util.Utils - Default bootup file /home/smittal2/.pigbootup not found
2023-11-07 20:10:13,571 [main] INFO  org.apache.hadoop.conf.Configuration.deprecation - mapred.job.tracker is deprecated. Instead, use mapreduce.jobtracker.address
2023-11-07 20:10:13,572 [main] INFO  org.apache.pig.backend.hadoop.executionengine.HExecutionEngine - Connecting to hadoop file system at: file:///
2023-11-07 20:10:13,590 [main] INFO  org.apache.pig.PigServer - Pig Script ID for the session: PIG-netflix.pig-47b35f2f-7f0a-48fa-80fa-8323c6bb48dc
2023-11-07 20:10:13,590 [main] WARN  org.apache.pig.PigServer - ATS is disabled since yarn.timeline-service.enabled set to false
2023-11-07 20:10:13,918 [main] INFO  org.apache.hadoop.conf.Configuration.deprecation - mapred.textoutputformat.separator is deprecated. Instead, use mapreduce.output.textoutputformat.separator
2023-11-07 20:10:13,926 [main] INFO  org.apache.pig.tools.pigstats.ScriptState - Pig features used in the script: HASH_JOIN,GROUP_BY
2023-11-07 20:10:13,958 [main] INFO  org.apache.pig.newplan.logical.optimizer.LogicalPlanOptimizer - {RULES_ENABLED=[AddForEach, ColumnMapKeyPrune, ConstantCalculator, GroupByConstParallelSetter, LimitOptimizer, LoadTypeCastInserter, MergeFilter, MergeForEach, NestedLimitOptimizer, PartitionFilterOptimizer, PredicatePushdownOptimizer, PushDownForEachFlatten, PushUpFilter, SplitFilter, StreamTypeCastInserter]}
2023-11-07 20:10:13,994 [main] INFO  org.apache.pig.impl.util.SpillableMemoryManager - Selected heap (G1 Old Gen) of size 1048576000 to monitor. collectionUsageThreshold = 734003200, usageThreshold = 734003200
2023-11-07 20:10:14,024 [main] INFO  org.apache.pig.backend.hadoop.executionengine.mapReduceLayer.MRCompiler - File concatenation threshold: 100 optimistic? false
2023-11-07 20:10:14,047 [main] INFO  org.apache.pig.backend.hadoop.executionengine.util.CombinerOptimizerUtil - Choosing to move algebraic foreach to combiner
2023-11-07 20:10:14,058 [main] INFO  org.apache.pig.backend.hadoop.executionengine.mapReduceLayer.MRCompiler$LastInputStreamingOptimizer - Rewrite: POPackage->POForEach to POPackage(JoinPackager)
2023-11-07 20:10:14,061 [main] INFO  org.apache.pig.backend.hadoop.executionengine.mapReduceLayer.MultiQueryOptimizer - MR plan size before optimization: 2
2023-11-07 20:10:14,061 [main] INFO  org.apache.pig.backend.hadoop.executionengine.mapReduceLayer.MultiQueryOptimizer - MR plan size after optimization: 2
2023-11-07 20:10:14,131 [main] INFO  org.apache.hadoop.metrics2.impl.MetricsConfig - Loaded properties from hadoop-metrics2.properties
2023-11-07 20:10:14,198 [main] INFO  org.apache.hadoop.metrics2.impl.MetricsSystemImpl - Scheduled Metric snapshot period at 10 second(s).
2023-11-07 20:10:14,198 [main] INFO  org.apache.hadoop.metrics2.impl.MetricsSystemImpl - JobTracker metrics system started
2023-11-07 20:10:14,214 [main] INFO  org.apache.pig.tools.pigstats.mapreduce.MRScriptState - Pig script settings are added to the job
2023-11-07 20:10:14,217 [main] INFO  org.apache.hadoop.conf.Configuration.deprecation - mapred.job.reduce.markreset.buffer.percent is deprecated. Instead, use mapreduce.reduce.markreset.buffer.percent
2023-11-07 20:10:14,218 [main] INFO  org.apache.pig.backend.hadoop.executionengine.mapReduceLayer.JobControlCompiler - mapred.job.reduce.markreset.buffer.percent is not set, set to default 0.3
2023-11-07 20:10:14,219 [main] INFO  org.apache.hadoop.conf.Configuration.deprecation - mapred.output.compress is deprecated. Instead, use mapreduce.output.fileoutputformat.compress
2023-11-07 20:10:14,220 [main] INFO  org.apache.pig.backend.hadoop.executionengine.mapReduceLayer.JobControlCompiler - Reduce phase detected, estimating # of required reducers.
2023-11-07 20:10:14,226 [main] INFO  org.apache.pig.backend.hadoop.executionengine.mapReduceLayer.JobControlCompiler - Using reducer estimator: org.apache.pig.backend.hadoop.executionengine.mapReduceLayer.InputSizeReducerEstimator
2023-11-07 20:10:14,230 [main] INFO  org.apache.pig.backend.hadoop.executionengine.mapReduceLayer.InputSizeReducerEstimator - BytesPerReducer=1000000000 maxReducers=999 totalInputFileSize=285
2023-11-07 20:10:14,230 [main] INFO  org.apache.pig.backend.hadoop.executionengine.mapReduceLayer.JobControlCompiler - Setting Parallelism to 1
2023-11-07 20:10:14,230 [main] INFO  org.apache.hadoop.conf.Configuration.deprecation - mapred.reduce.tasks is deprecated. Instead, use mapreduce.job.reduces
2023-11-07 20:10:14,238 [main] INFO  org.apache.pig.backend.hadoop.executionengine.mapReduceLayer.JobControlCompiler - Setting up single store job
2023-11-07 20:10:14,243 [main] INFO  org.apache.pig.data.SchemaTupleFrontend - Key [pig.schematuple] is false, will not generate code.
2023-11-07 20:10:14,243 [main] INFO  org.apache.pig.data.SchemaTupleFrontend - Starting process to move generated code to distributed cacche
2023-11-07 20:10:14,243 [main] INFO  org.apache.pig.data.SchemaTupleFrontend - Distributed cache not supported or needed in local mode. Setting key [pig.schematuple.local.dir] with code temp directory: /tmp/1699416614243-0
2023-11-07 20:10:14,289 [main] INFO  org.apache.pig.backend.hadoop.executionengine.mapReduceLayer.MapReduceLauncher - 1 map-reduce job(s) waiting for submission.
2023-11-07 20:10:14,297 [JobControl] WARN  org.apache.hadoop.metrics2.impl.MetricsSystemImpl - JobTracker metrics system already initialized!
2023-11-07 20:10:14,309 [JobControl] INFO  org.apache.hadoop.conf.Configuration.deprecation - mapred.task.id is deprecated. Instead, use mapreduce.task.attempt.id
2023-11-07 20:10:14,348 [JobControl] WARN  org.apache.hadoop.mapreduce.JobResourceUploader - No job jar file set.  User classes may not be found. See Job or Job#setJar(String).
2023-11-07 20:10:14,355 [JobControl] INFO  org.apache.pig.builtin.PigStorage - Using PigTextInputFormat
2023-11-07 20:10:14,358 [JobControl] INFO  org.apache.hadoop.mapreduce.lib.input.FileInputFormat - Total input files to process : 1
2023-11-07 20:10:14,358 [JobControl] INFO  org.apache.pig.backend.hadoop.executionengine.util.MapRedUtil - Total input paths to process : 1
2023-11-07 20:10:14,366 [JobControl] INFO  org.apache.pig.backend.hadoop.executionengine.util.MapRedUtil - Total input paths (combined) to process : 1
2023-11-07 20:10:14,377 [JobControl] INFO  org.apache.hadoop.mapreduce.JobSubmitter - number of splits:1
2023-11-07 20:10:14,501 [JobControl] INFO  org.apache.hadoop.mapreduce.JobSubmitter - Submitting tokens for job: job_local805701743_0001
2023-11-07 20:10:14,502 [JobControl] INFO  org.apache.hadoop.mapreduce.JobSubmitter - Executing with tokens: []
2023-11-07 20:10:14,520 [JobControl] WARN  org.apache.hadoop.conf.Configuration - file:/tmp/hadoop/mapred/staging/smittal2805701743/.staging/job_local805701743_0001/job.xml:an attempt to override final parameter: yarn.resourcemanager.hostname;  Ignoring.
2023-11-07 20:10:14,584 [JobControl] INFO  org.apache.hadoop.mapreduce.Job - The url to track the job: http://localhost:8080/
2023-11-07 20:10:14,588 [Thread-5] INFO  org.apache.hadoop.mapred.LocalJobRunner - OutputCommitter set in config null
2023-11-07 20:10:14,606 [Thread-5] INFO  org.apache.hadoop.conf.Configuration.deprecation - mapred.reduce.tasks is deprecated. Instead, use mapreduce.job.reduces
2023-11-07 20:10:14,606 [Thread-5] INFO  org.apache.hadoop.conf.Configuration.deprecation - mapred.job.tracker is deprecated. Instead, use mapreduce.jobtracker.address
2023-11-07 20:10:14,606 [Thread-5] INFO  org.apache.hadoop.conf.Configuration.deprecation - mapred.job.reduce.markreset.buffer.percent is deprecated. Instead, use mapreduce.reduce.markreset.buffer.percent
2023-11-07 20:10:14,610 [Thread-5] INFO  org.apache.hadoop.mapreduce.lib.output.FileOutputCommitter - File Output Committer Algorithm version is 2
2023-11-07 20:10:14,610 [Thread-5] INFO  org.apache.hadoop.mapreduce.lib.output.FileOutputCommitter - FileOutputCommitter skip cleanup _temporary folders under output directory:false, ignore cleanup failures: false
2023-11-07 20:10:14,610 [Thread-5] INFO  org.apache.hadoop.mapred.LocalJobRunner - OutputCommitter is org.apache.pig.backend.hadoop.executionengine.mapReduceLayer.PigOutputCommitter
2023-11-07 20:10:14,634 [Thread-5] INFO  org.apache.hadoop.mapred.LocalJobRunner - Waiting for map tasks
2023-11-07 20:10:14,635 [LocalJobRunner Map Task Executor #0] INFO  org.apache.hadoop.mapred.LocalJobRunner - Starting task: attempt_local805701743_0001_m_000000_0
2023-11-07 20:10:14,665 [LocalJobRunner Map Task Executor #0] INFO  org.apache.hadoop.mapreduce.lib.output.FileOutputCommitter - File Output Committer Algorithm version is 2
2023-11-07 20:10:14,665 [LocalJobRunner Map Task Executor #0] INFO  org.apache.hadoop.mapreduce.lib.output.FileOutputCommitter - FileOutputCommitter skip cleanup _temporary folders under output directory:false, ignore cleanup failures: false
2023-11-07 20:10:14,697 [LocalJobRunner Map Task Executor #0] INFO  org.apache.hadoop.mapred.Task -  Using ResourceCalculatorProcessTree : [ ]
2023-11-07 20:10:14,703 [LocalJobRunner Map Task Executor #0] INFO  org.apache.hadoop.mapred.MapTask - Processing split: Number of splits :1
Total Length = 285
Input split[0]:
   Length = 285
   ClassName: org.apache.hadoop.mapreduce.lib.input.FileSplit
   Locations:

-----------------------

2023-11-07 20:10:14,710 [LocalJobRunner Map Task Executor #0] INFO  org.apache.pig.builtin.PigStorage - Using PigTextInputFormat
2023-11-07 20:10:14,713 [LocalJobRunner Map Task Executor #0] INFO  org.apache.pig.backend.hadoop.executionengine.mapReduceLayer.PigRecordReader - Current split being processed file:/home/smittal2/project6/small-ratings.txt:0+285
2023-11-07 20:10:14,728 [LocalJobRunner Map Task Executor #0] INFO  org.apache.hadoop.mapred.MapTask - (EQUATOR) 0 kvi 26214396(104857584)
2023-11-07 20:10:14,728 [LocalJobRunner Map Task Executor #0] INFO  org.apache.hadoop.mapred.MapTask - mapreduce.task.io.sort.mb: 100
2023-11-07 20:10:14,728 [LocalJobRunner Map Task Executor #0] INFO  org.apache.hadoop.mapred.MapTask - soft limit at 83886080
2023-11-07 20:10:14,728 [LocalJobRunner Map Task Executor #0] INFO  org.apache.hadoop.mapred.MapTask - bufstart = 0; bufvoid = 104857600
2023-11-07 20:10:14,728 [LocalJobRunner Map Task Executor #0] INFO  org.apache.hadoop.mapred.MapTask - kvstart = 26214396; length = 6553600
2023-11-07 20:10:14,732 [LocalJobRunner Map Task Executor #0] INFO  org.apache.hadoop.mapred.MapTask - Map output collector class = org.apache.hadoop.mapred.MapTask$MapOutputBuffer
2023-11-07 20:10:14,737 [LocalJobRunner Map Task Executor #0] INFO  org.apache.pig.impl.util.SpillableMemoryManager - Selected heap (G1 Old Gen) of size 1048576000 to monitor. collectionUsageThreshold = 734003200, usageThreshold = 734003200
2023-11-07 20:10:14,739 [LocalJobRunner Map Task Executor #0] INFO  org.apache.pig.data.SchemaTupleBackend - Key [pig.schematuple] was not set... will not generate code.
2023-11-07 20:10:14,748 [LocalJobRunner Map Task Executor #0] INFO  org.apache.pig.backend.hadoop.executionengine.mapReduceLayer.PigGenericMapReduce$Map - Aliases being processed per job phase (AliasName[line,offset]): M: R[2,4],R[-1,-1],avg_ratings[6,14],groups[5,9] C: avg_ratings[6,14],groups[5,9] R: avg_ratings[6,14]
2023-11-07 20:10:14,756 [LocalJobRunner Map Task Executor #0] INFO  org.apache.hadoop.mapred.LocalJobRunner - 
2023-11-07 20:10:14,756 [LocalJobRunner Map Task Executor #0] INFO  org.apache.hadoop.mapred.MapTask - Starting flush of map output
2023-11-07 20:10:14,756 [LocalJobRunner Map Task Executor #0] INFO  org.apache.hadoop.mapred.MapTask - Spilling map output
2023-11-07 20:10:14,756 [LocalJobRunner Map Task Executor #0] INFO  org.apache.hadoop.mapred.MapTask - bufstart = 0; bufend = 193; bufvoid = 104857600
2023-11-07 20:10:14,756 [LocalJobRunner Map Task Executor #0] INFO  org.apache.hadoop.mapred.MapTask - kvstart = 26214396(104857584); kvend = 26214340(104857360); length = 57/6553600
2023-11-07 20:10:14,769 [LocalJobRunner Map Task Executor #0] INFO  org.apache.pig.backend.hadoop.executionengine.mapReduceLayer.PigCombiner$Combine - Aliases being processed per job phase (AliasName[line,offset]): M: R[2,4],R[-1,-1],avg_ratings[6,14],groups[5,9] C: avg_ratings[6,14],groups[5,9] R: avg_ratings[6,14]
2023-11-07 20:10:14,774 [LocalJobRunner Map Task Executor #0] INFO  org.apache.hadoop.mapred.MapTask - Finished spill 0
2023-11-07 20:10:14,780 [LocalJobRunner Map Task Executor #0] INFO  org.apache.hadoop.mapred.Task - Task:attempt_local805701743_0001_m_000000_0 is done. And is in the process of committing
2023-11-07 20:10:14,782 [LocalJobRunner Map Task Executor #0] INFO  org.apache.hadoop.mapred.LocalJobRunner - map
2023-11-07 20:10:14,782 [LocalJobRunner Map Task Executor #0] INFO  org.apache.hadoop.mapred.Task - Task 'attempt_local805701743_0001_m_000000_0' done.
2023-11-07 20:10:14,785 [LocalJobRunner Map Task Executor #0] INFO  org.apache.hadoop.mapred.Task - Final Counters for attempt_local805701743_0001_m_000000_0: Counters: 18
	File System Counters
		FILE: Number of bytes read=714
		FILE: Number of bytes written=567070
		FILE: Number of read operations=0
		FILE: Number of large read operations=0
		FILE: Number of write operations=0
	Map-Reduce Framework
		Map input records=15
		Map output records=15
		Map output bytes=193
		Map output materialized bytes=54
		Input split bytes=373
		Combine input records=15
		Combine output records=3
		Spilled Records=3
		Failed Shuffles=0
		Merged Map outputs=0
		GC time elapsed (ms)=0
		Total committed heap usage (bytes)=1048576000
	File Input Format Counters 
		Bytes Read=0
2023-11-07 20:10:14,785 [LocalJobRunner Map Task Executor #0] INFO  org.apache.hadoop.mapred.LocalJobRunner - Finishing task: attempt_local805701743_0001_m_000000_0
2023-11-07 20:10:14,786 [Thread-5] INFO  org.apache.hadoop.mapred.LocalJobRunner - map task executor complete.
2023-11-07 20:10:14,788 [Thread-5] INFO  org.apache.hadoop.mapred.LocalJobRunner - Waiting for reduce tasks
2023-11-07 20:10:14,789 [pool-4-thread-1] INFO  org.apache.hadoop.mapred.LocalJobRunner - Starting task: attempt_local805701743_0001_r_000000_0
2023-11-07 20:10:14,791 [main] INFO  org.apache.pig.backend.hadoop.executionengine.mapReduceLayer.MapReduceLauncher - HadoopJobId: job_local805701743_0001
2023-11-07 20:10:14,791 [main] INFO  org.apache.pig.backend.hadoop.executionengine.mapReduceLayer.MapReduceLauncher - Processing aliases R,avg_ratings,groups
2023-11-07 20:10:14,792 [main] INFO  org.apache.pig.backend.hadoop.executionengine.mapReduceLayer.MapReduceLauncher - detailed locations: M: R[2,4],R[-1,-1],avg_ratings[6,14],groups[5,9] C: avg_ratings[6,14],groups[5,9] R: avg_ratings[6,14]
2023-11-07 20:10:14,794 [main] INFO  org.apache.pig.backend.hadoop.executionengine.mapReduceLayer.MapReduceLauncher - 25% complete
2023-11-07 20:10:14,794 [main] INFO  org.apache.pig.backend.hadoop.executionengine.mapReduceLayer.MapReduceLauncher - Running jobs are [job_local805701743_0001]
2023-11-07 20:10:14,802 [pool-4-thread-1] INFO  org.apache.hadoop.mapreduce.lib.output.FileOutputCommitter - File Output Committer Algorithm version is 2
2023-11-07 20:10:14,802 [pool-4-thread-1] INFO  org.apache.hadoop.mapreduce.lib.output.FileOutputCommitter - FileOutputCommitter skip cleanup _temporary folders under output directory:false, ignore cleanup failures: false
2023-11-07 20:10:14,804 [pool-4-thread-1] INFO  org.apache.hadoop.mapred.Task -  Using ResourceCalculatorProcessTree : [ ]
2023-11-07 20:10:14,805 [pool-4-thread-1] INFO  org.apache.hadoop.mapred.ReduceTask - Using ShuffleConsumerPlugin: org.apache.hadoop.mapreduce.task.reduce.Shuffle@74b636da
2023-11-07 20:10:14,806 [pool-4-thread-1] WARN  org.apache.hadoop.metrics2.impl.MetricsSystemImpl - JobTracker metrics system already initialized!
2023-11-07 20:10:14,819 [pool-4-thread-1] INFO  org.apache.hadoop.mapreduce.task.reduce.MergeManagerImpl - MergerManager: memoryLimit=734003200, maxSingleShuffleLimit=183500800, mergeThreshold=484442144, ioSortFactor=10, memToMemMergeOutputsThreshold=10
2023-11-07 20:10:14,820 [EventFetcher for fetching Map Completion Events] INFO  org.apache.hadoop.mapreduce.task.reduce.EventFetcher - attempt_local805701743_0001_r_000000_0 Thread started: EventFetcher for fetching Map Completion Events
2023-11-07 20:10:14,841 [localfetcher#1] INFO  org.apache.hadoop.mapreduce.task.reduce.LocalFetcher - localfetcher#1 about to shuffle output of map attempt_local805701743_0001_m_000000_0 decomp: 50 len: 54 to MEMORY
2023-11-07 20:10:14,844 [localfetcher#1] INFO  org.apache.hadoop.mapreduce.task.reduce.InMemoryMapOutput - Read 50 bytes from map-output for attempt_local805701743_0001_m_000000_0
2023-11-07 20:10:14,845 [localfetcher#1] INFO  org.apache.hadoop.mapreduce.task.reduce.MergeManagerImpl - closeInMemoryFile -> map-output of size: 50, inMemoryMapOutputs.size() -> 1, commitMemory -> 0, usedMemory ->50
2023-11-07 20:10:14,847 [EventFetcher for fetching Map Completion Events] INFO  org.apache.hadoop.mapreduce.task.reduce.EventFetcher - EventFetcher is interrupted.. Returning
2023-11-07 20:10:14,848 [pool-4-thread-1] INFO  org.apache.hadoop.mapred.LocalJobRunner - 1 / 1 copied.
2023-11-07 20:10:14,848 [pool-4-thread-1] INFO  org.apache.hadoop.mapreduce.task.reduce.MergeManagerImpl - finalMerge called with 1 in-memory map-outputs and 0 on-disk map-outputs
2023-11-07 20:10:14,852 [pool-4-thread-1] INFO  org.apache.hadoop.mapred.Merger - Merging 1 sorted segments
2023-11-07 20:10:14,852 [pool-4-thread-1] INFO  org.apache.hadoop.mapred.Merger - Down to the last merge-pass, with 1 segments left of total size: 42 bytes
2023-11-07 20:10:14,852 [pool-4-thread-1] INFO  org.apache.hadoop.mapreduce.task.reduce.MergeManagerImpl - Merged 1 segments, 50 bytes to disk to satisfy reduce memory limit
2023-11-07 20:10:14,853 [pool-4-thread-1] INFO  org.apache.hadoop.mapreduce.task.reduce.MergeManagerImpl - Merging 1 files, 54 bytes from disk
2023-11-07 20:10:14,853 [pool-4-thread-1] INFO  org.apache.hadoop.mapreduce.task.reduce.MergeManagerImpl - Merging 0 segments, 0 bytes from memory into reduce
2023-11-07 20:10:14,853 [pool-4-thread-1] INFO  org.apache.hadoop.mapred.Merger - Merging 1 sorted segments
2023-11-07 20:10:14,853 [pool-4-thread-1] INFO  org.apache.hadoop.mapred.Merger - Down to the last merge-pass, with 1 segments left of total size: 42 bytes
2023-11-07 20:10:14,854 [pool-4-thread-1] INFO  org.apache.hadoop.mapred.LocalJobRunner - 1 / 1 copied.
2023-11-07 20:10:14,857 [pool-4-thread-1] INFO  org.apache.hadoop.mapreduce.lib.output.FileOutputCommitter - File Output Committer Algorithm version is 2
2023-11-07 20:10:14,857 [pool-4-thread-1] INFO  org.apache.hadoop.mapreduce.lib.output.FileOutputCommitter - FileOutputCommitter skip cleanup _temporary folders under output directory:false, ignore cleanup failures: false
2023-11-07 20:10:14,858 [pool-4-thread-1] INFO  org.apache.hadoop.conf.Configuration.deprecation - mapred.skip.on is deprecated. Instead, use mapreduce.job.skiprecords
2023-11-07 20:10:14,859 [pool-4-thread-1] INFO  org.apache.pig.impl.util.SpillableMemoryManager - Selected heap (G1 Old Gen) of size 1048576000 to monitor. collectionUsageThreshold = 734003200, usageThreshold = 734003200
2023-11-07 20:10:14,859 [pool-4-thread-1] WARN  org.apache.pig.data.SchemaTupleBackend - SchemaTupleBackend has already been initialized
2023-11-07 20:10:14,862 [pool-4-thread-1] INFO  org.apache.pig.backend.hadoop.executionengine.mapReduceLayer.PigMapReduce$Reduce - Aliases being processed per job phase (AliasName[line,offset]): M: R[2,4],R[-1,-1],avg_ratings[6,14],groups[5,9] C: avg_ratings[6,14],groups[5,9] R: avg_ratings[6,14]
2023-11-07 20:10:14,864 [pool-4-thread-1] INFO  org.apache.hadoop.mapred.Task - Task:attempt_local805701743_0001_r_000000_0 is done. And is in the process of committing
2023-11-07 20:10:14,866 [pool-4-thread-1] INFO  org.apache.hadoop.mapred.LocalJobRunner - 1 / 1 copied.
2023-11-07 20:10:14,867 [pool-4-thread-1] INFO  org.apache.hadoop.mapred.Task - Task attempt_local805701743_0001_r_000000_0 is allowed to commit now
2023-11-07 20:10:14,869 [pool-4-thread-1] INFO  org.apache.hadoop.mapreduce.lib.output.FileOutputCommitter - Saved output of task 'attempt_local805701743_0001_r_000000_0' to file:/tmp/temp-1309222209/tmp-103535210
2023-11-07 20:10:14,870 [pool-4-thread-1] INFO  org.apache.hadoop.mapred.LocalJobRunner - reduce > reduce
2023-11-07 20:10:14,870 [pool-4-thread-1] INFO  org.apache.hadoop.mapred.Task - Task 'attempt_local805701743_0001_r_000000_0' done.
2023-11-07 20:10:14,870 [pool-4-thread-1] INFO  org.apache.hadoop.mapred.Task - Final Counters for attempt_local805701743_0001_r_000000_0: Counters: 24
	File System Counters
		FILE: Number of bytes read=854
		FILE: Number of bytes written=567181
		FILE: Number of read operations=0
		FILE: Number of large read operations=0
		FILE: Number of write operations=0
	Map-Reduce Framework
		Combine input records=0
		Combine output records=0
		Reduce input groups=3
		Reduce shuffle bytes=54
		Reduce input records=3
		Reduce output records=3
		Spilled Records=3
		Shuffled Maps =1
		Failed Shuffles=0
		Merged Map outputs=1
		GC time elapsed (ms)=0
		Total committed heap usage (bytes)=1048576000
	Shuffle Errors
		BAD_ID=0
		CONNECTION=0
		IO_ERROR=0
		WRONG_LENGTH=0
		WRONG_MAP=0
		WRONG_REDUCE=0
	File Output Format Counters 
		Bytes Written=0
2023-11-07 20:10:14,870 [pool-4-thread-1] INFO  org.apache.hadoop.mapred.LocalJobRunner - Finishing task: attempt_local805701743_0001_r_000000_0
2023-11-07 20:10:14,870 [Thread-5] INFO  org.apache.hadoop.mapred.LocalJobRunner - reduce task executor complete.
2023-11-07 20:10:14,988 [main] INFO  org.apache.pig.backend.hadoop.executionengine.mapReduceLayer.MapReduceLauncher - 50% complete
2023-11-07 20:10:14,990 [main] WARN  org.apache.hadoop.metrics2.impl.MetricsSystemImpl - JobTracker metrics system already initialized!
2023-11-07 20:10:15,010 [main] WARN  org.apache.hadoop.metrics2.impl.MetricsSystemImpl - JobTracker metrics system already initialized!
2023-11-07 20:10:15,011 [main] INFO  org.apache.hadoop.conf.Configuration.deprecation - mapred.map.tasks is deprecated. Instead, use mapreduce.job.maps
2023-11-07 20:10:15,012 [main] WARN  org.apache.hadoop.metrics2.impl.MetricsSystemImpl - JobTracker metrics system already initialized!
2023-11-07 20:10:15,030 [main] INFO  org.apache.pig.tools.pigstats.mapreduce.MRScriptState - Pig script settings are added to the job
2023-11-07 20:10:15,031 [main] INFO  org.apache.pig.backend.hadoop.executionengine.mapReduceLayer.JobControlCompiler - mapred.job.reduce.markreset.buffer.percent is not set, set to default 0.3
2023-11-07 20:10:15,031 [main] INFO  org.apache.pig.backend.hadoop.executionengine.mapReduceLayer.JobControlCompiler - Reduce phase detected, estimating # of required reducers.
2023-11-07 20:10:15,031 [main] INFO  org.apache.pig.backend.hadoop.executionengine.mapReduceLayer.JobControlCompiler - Using reducer estimator: org.apache.pig.backend.hadoop.executionengine.mapReduceLayer.InputSizeReducerEstimator
2023-11-07 20:10:15,033 [main] INFO  org.apache.pig.backend.hadoop.executionengine.mapReduceLayer.InputSizeReducerEstimator - BytesPerReducer=1000000000 maxReducers=999 totalInputFileSize=246
2023-11-07 20:10:15,033 [main] INFO  org.apache.pig.backend.hadoop.executionengine.mapReduceLayer.JobControlCompiler - Setting Parallelism to 1
2023-11-07 20:10:15,035 [main] INFO  org.apache.pig.backend.hadoop.executionengine.mapReduceLayer.JobControlCompiler - Setting up single store job
2023-11-07 20:10:15,053 [main] INFO  org.apache.pig.backend.hadoop.executionengine.mapReduceLayer.MapReduceLauncher - 1 map-reduce job(s) waiting for submission.
2023-11-07 20:10:15,055 [JobControl] WARN  org.apache.hadoop.metrics2.impl.MetricsSystemImpl - JobTracker metrics system already initialized!
2023-11-07 20:10:15,061 [JobControl] WARN  org.apache.hadoop.mapreduce.JobResourceUploader - No job jar file set.  User classes may not be found. See Job or Job#setJar(String).
2023-11-07 20:10:15,090 [JobControl] INFO  org.apache.hadoop.mapreduce.lib.input.FileInputFormat - Total input files to process : 1
2023-11-07 20:10:15,090 [JobControl] INFO  org.apache.pig.backend.hadoop.executionengine.util.MapRedUtil - Total input paths to process : 1
2023-11-07 20:10:15,090 [JobControl] INFO  org.apache.pig.backend.hadoop.executionengine.util.MapRedUtil - Total input paths (combined) to process : 1
2023-11-07 20:10:15,091 [JobControl] INFO  org.apache.pig.builtin.PigStorage - Using PigTextInputFormat
2023-11-07 20:10:15,092 [JobControl] INFO  org.apache.hadoop.mapreduce.lib.input.FileInputFormat - Total input files to process : 1
2023-11-07 20:10:15,092 [JobControl] INFO  org.apache.pig.backend.hadoop.executionengine.util.MapRedUtil - Total input paths to process : 1
2023-11-07 20:10:15,092 [JobControl] INFO  org.apache.pig.backend.hadoop.executionengine.util.MapRedUtil - Total input paths (combined) to process : 1
2023-11-07 20:10:15,094 [JobControl] INFO  org.apache.hadoop.mapreduce.JobSubmitter - number of splits:2
2023-11-07 20:10:15,104 [JobControl] INFO  org.apache.hadoop.mapreduce.JobSubmitter - Submitting tokens for job: job_local624559034_0002
2023-11-07 20:10:15,104 [JobControl] INFO  org.apache.hadoop.mapreduce.JobSubmitter - Executing with tokens: []
2023-11-07 20:10:15,117 [JobControl] WARN  org.apache.hadoop.conf.Configuration - file:/tmp/hadoop/mapred/staging/smittal2624559034/.staging/job_local624559034_0002/job.xml:an attempt to override final parameter: yarn.resourcemanager.hostname;  Ignoring.
2023-11-07 20:10:15,156 [JobControl] INFO  org.apache.hadoop.mapreduce.Job - The url to track the job: http://localhost:8080/
2023-11-07 20:10:15,156 [Thread-14] INFO  org.apache.hadoop.mapred.LocalJobRunner - OutputCommitter set in config null
2023-11-07 20:10:15,161 [Thread-14] INFO  org.apache.hadoop.conf.Configuration.deprecation - mapred.textoutputformat.separator is deprecated. Instead, use mapreduce.output.textoutputformat.separator
2023-11-07 20:10:15,162 [Thread-14] INFO  org.apache.hadoop.conf.Configuration.deprecation - mapred.reduce.tasks is deprecated. Instead, use mapreduce.job.reduces
2023-11-07 20:10:15,162 [Thread-14] INFO  org.apache.hadoop.conf.Configuration.deprecation - mapred.job.tracker is deprecated. Instead, use mapreduce.jobtracker.address
2023-11-07 20:10:15,162 [Thread-14] INFO  org.apache.hadoop.conf.Configuration.deprecation - mapred.job.reduce.markreset.buffer.percent is deprecated. Instead, use mapreduce.reduce.markreset.buffer.percent
2023-11-07 20:10:15,162 [Thread-14] INFO  org.apache.hadoop.mapreduce.lib.output.FileOutputCommitter - File Output Committer Algorithm version is 2
2023-11-07 20:10:15,162 [Thread-14] INFO  org.apache.hadoop.mapreduce.lib.output.FileOutputCommitter - FileOutputCommitter skip cleanup _temporary folders under output directory:false, ignore cleanup failures: false
2023-11-07 20:10:15,162 [Thread-14] INFO  org.apache.hadoop.mapred.LocalJobRunner - OutputCommitter is org.apache.pig.backend.hadoop.executionengine.mapReduceLayer.PigOutputCommitter
2023-11-07 20:10:15,237 [Thread-14] INFO  org.apache.hadoop.mapred.LocalJobRunner - Waiting for map tasks
2023-11-07 20:10:15,238 [LocalJobRunner Map Task Executor #0] INFO  org.apache.hadoop.mapred.LocalJobRunner - Starting task: attempt_local624559034_0002_m_000000_0
2023-11-07 20:10:15,244 [LocalJobRunner Map Task Executor #0] INFO  org.apache.hadoop.mapreduce.lib.output.FileOutputCommitter - File Output Committer Algorithm version is 2
2023-11-07 20:10:15,244 [LocalJobRunner Map Task Executor #0] INFO  org.apache.hadoop.mapreduce.lib.output.FileOutputCommitter - FileOutputCommitter skip cleanup _temporary folders under output directory:false, ignore cleanup failures: false
2023-11-07 20:10:15,244 [LocalJobRunner Map Task Executor #0] INFO  org.apache.hadoop.mapred.Task -  Using ResourceCalculatorProcessTree : [ ]
2023-11-07 20:10:15,245 [LocalJobRunner Map Task Executor #0] INFO  org.apache.hadoop.mapred.MapTask - Processing split: Number of splits :1
Total Length = 201
Input split[0]:
   Length = 201
   ClassName: org.apache.hadoop.mapreduce.lib.input.FileSplit
   Locations:

-----------------------

2023-11-07 20:10:15,247 [LocalJobRunner Map Task Executor #0] INFO  org.apache.pig.builtin.PigStorage - Using PigTextInputFormat
2023-11-07 20:10:15,247 [LocalJobRunner Map Task Executor #0] INFO  org.apache.pig.backend.hadoop.executionengine.mapReduceLayer.PigRecordReader - Current split being processed file:/home/smittal2/project6/small-titles.txt:0+201
2023-11-07 20:10:15,259 [LocalJobRunner Map Task Executor #0] INFO  org.apache.hadoop.mapred.MapTask - (EQUATOR) 0 kvi 26214396(104857584)
2023-11-07 20:10:15,259 [LocalJobRunner Map Task Executor #0] INFO  org.apache.hadoop.mapred.MapTask - mapreduce.task.io.sort.mb: 100
2023-11-07 20:10:15,259 [LocalJobRunner Map Task Executor #0] INFO  org.apache.hadoop.mapred.MapTask - soft limit at 83886080
2023-11-07 20:10:15,259 [LocalJobRunner Map Task Executor #0] INFO  org.apache.hadoop.mapred.MapTask - bufstart = 0; bufvoid = 104857600
2023-11-07 20:10:15,259 [LocalJobRunner Map Task Executor #0] INFO  org.apache.hadoop.mapred.MapTask - kvstart = 26214396; length = 6553600
2023-11-07 20:10:15,260 [LocalJobRunner Map Task Executor #0] INFO  org.apache.hadoop.mapred.MapTask - Map output collector class = org.apache.hadoop.mapred.MapTask$MapOutputBuffer
2023-11-07 20:10:15,265 [LocalJobRunner Map Task Executor #0] INFO  org.apache.pig.impl.util.SpillableMemoryManager - Selected heap (G1 Old Gen) of size 1048576000 to monitor. collectionUsageThreshold = 734003200, usageThreshold = 734003200
2023-11-07 20:10:15,265 [LocalJobRunner Map Task Executor #0] WARN  org.apache.pig.data.SchemaTupleBackend - SchemaTupleBackend has already been initialized
2023-11-07 20:10:15,267 [LocalJobRunner Map Task Executor #0] INFO  org.apache.pig.backend.hadoop.executionengine.mapReduceLayer.PigGenericMapReduce$Map - Aliases being processed per job phase (AliasName[line,offset]): M: joined_data[9,14],M[1,4],M[-1,-1],joined_data[9,14] C:  R: movie_avg_ratings[11,20]
2023-11-07 20:10:15,269 [LocalJobRunner Map Task Executor #0] INFO  org.apache.hadoop.mapred.LocalJobRunner - 
2023-11-07 20:10:15,269 [LocalJobRunner Map Task Executor #0] INFO  org.apache.hadoop.mapred.MapTask - Starting flush of map output
2023-11-07 20:10:15,269 [LocalJobRunner Map Task Executor #0] INFO  org.apache.hadoop.mapred.MapTask - Spilling map output
2023-11-07 20:10:15,269 [LocalJobRunner Map Task Executor #0] INFO  org.apache.hadoop.mapred.MapTask - bufstart = 0; bufend = 231; bufvoid = 104857600
2023-11-07 20:10:15,269 [LocalJobRunner Map Task Executor #0] INFO  org.apache.hadoop.mapred.MapTask - kvstart = 26214396(104857584); kvend = 26214380(104857520); length = 17/6553600
2023-11-07 20:10:15,270 [LocalJobRunner Map Task Executor #0] INFO  org.apache.hadoop.mapred.MapTask - Finished spill 0
2023-11-07 20:10:15,271 [LocalJobRunner Map Task Executor #0] INFO  org.apache.hadoop.mapred.Task - Task:attempt_local624559034_0002_m_000000_0 is done. And is in the process of committing
2023-11-07 20:10:15,272 [LocalJobRunner Map Task Executor #0] INFO  org.apache.hadoop.mapred.LocalJobRunner - map
2023-11-07 20:10:15,272 [LocalJobRunner Map Task Executor #0] INFO  org.apache.hadoop.mapred.Task - Task 'attempt_local624559034_0002_m_000000_0' done.
2023-11-07 20:10:15,272 [LocalJobRunner Map Task Executor #0] INFO  org.apache.hadoop.mapred.Task - Final Counters for attempt_local624559034_0002_m_000000_0: Counters: 18
	File System Counters
		FILE: Number of bytes read=1880
		FILE: Number of bytes written=1124263
		FILE: Number of read operations=0
		FILE: Number of large read operations=0
		FILE: Number of write operations=0
	Map-Reduce Framework
		Map input records=5
		Map output records=5
		Map output bytes=231
		Map output materialized bytes=247
		Input split bytes=372
		Combine input records=0
		Spilled Records=5
		Failed Shuffles=0
		Merged Map outputs=0
		GC time elapsed (ms)=0
		Total committed heap usage (bytes)=1048576000
	MultiInputCounters
		Input records from _1_small-titles.txt=5
	File Input Format Counters 
		Bytes Read=0
2023-11-07 20:10:15,272 [LocalJobRunner Map Task Executor #0] INFO  org.apache.hadoop.mapred.LocalJobRunner - Finishing task: attempt_local624559034_0002_m_000000_0
2023-11-07 20:10:15,272 [LocalJobRunner Map Task Executor #0] INFO  org.apache.hadoop.mapred.LocalJobRunner - Starting task: attempt_local624559034_0002_m_000001_0
2023-11-07 20:10:15,275 [LocalJobRunner Map Task Executor #0] INFO  org.apache.hadoop.mapreduce.lib.output.FileOutputCommitter - File Output Committer Algorithm version is 2
2023-11-07 20:10:15,275 [LocalJobRunner Map Task Executor #0] INFO  org.apache.hadoop.mapreduce.lib.output.FileOutputCommitter - FileOutputCommitter skip cleanup _temporary folders under output directory:false, ignore cleanup failures: false
2023-11-07 20:10:15,275 [LocalJobRunner Map Task Executor #0] INFO  org.apache.hadoop.mapred.Task -  Using ResourceCalculatorProcessTree : [ ]
2023-11-07 20:10:15,276 [LocalJobRunner Map Task Executor #0] INFO  org.apache.hadoop.mapred.MapTask - Processing split: Number of splits :1
Total Length = 45
Input split[0]:
   Length = 45
   ClassName: org.apache.hadoop.mapreduce.lib.input.FileSplit
   Locations:

-----------------------

2023-11-07 20:10:15,278 [LocalJobRunner Map Task Executor #0] INFO  org.apache.pig.backend.hadoop.executionengine.mapReduceLayer.PigRecordReader - Current split being processed file:/tmp/temp-1309222209/tmp-103535210/part-r-00000:0+45
2023-11-07 20:10:15,289 [LocalJobRunner Map Task Executor #0] INFO  org.apache.hadoop.mapred.MapTask - (EQUATOR) 0 kvi 26214396(104857584)
2023-11-07 20:10:15,289 [LocalJobRunner Map Task Executor #0] INFO  org.apache.hadoop.mapred.MapTask - mapreduce.task.io.sort.mb: 100
2023-11-07 20:10:15,289 [LocalJobRunner Map Task Executor #0] INFO  org.apache.hadoop.mapred.MapTask - soft limit at 83886080
2023-11-07 20:10:15,289 [LocalJobRunner Map Task Executor #0] INFO  org.apache.hadoop.mapred.MapTask - bufstart = 0; bufvoid = 104857600
2023-11-07 20:10:15,289 [LocalJobRunner Map Task Executor #0] INFO  org.apache.hadoop.mapred.MapTask - kvstart = 26214396; length = 6553600
2023-11-07 20:10:15,290 [LocalJobRunner Map Task Executor #0] INFO  org.apache.hadoop.mapred.MapTask - Map output collector class = org.apache.hadoop.mapred.MapTask$MapOutputBuffer
2023-11-07 20:10:15,294 [LocalJobRunner Map Task Executor #0] INFO  org.apache.pig.impl.util.SpillableMemoryManager - Selected heap (G1 Old Gen) of size 1048576000 to monitor. collectionUsageThreshold = 734003200, usageThreshold = 734003200
2023-11-07 20:10:15,294 [LocalJobRunner Map Task Executor #0] WARN  org.apache.pig.data.SchemaTupleBackend - SchemaTupleBackend has already been initialized
2023-11-07 20:10:15,296 [LocalJobRunner Map Task Executor #0] INFO  org.apache.pig.backend.hadoop.executionengine.mapReduceLayer.PigGenericMapReduce$Map - Aliases being processed per job phase (AliasName[line,offset]): M: joined_data[9,14],M[1,4],M[-1,-1],joined_data[9,14] C:  R: movie_avg_ratings[11,20]
2023-11-07 20:10:15,297 [LocalJobRunner Map Task Executor #0] INFO  org.apache.hadoop.mapred.LocalJobRunner - 
2023-11-07 20:10:15,297 [LocalJobRunner Map Task Executor #0] INFO  org.apache.hadoop.mapred.MapTask - Starting flush of map output
2023-11-07 20:10:15,297 [LocalJobRunner Map Task Executor #0] INFO  org.apache.hadoop.mapred.MapTask - Spilling map output
2023-11-07 20:10:15,297 [LocalJobRunner Map Task Executor #0] INFO  org.apache.hadoop.mapred.MapTask - bufstart = 0; bufend = 54; bufvoid = 104857600
2023-11-07 20:10:15,297 [LocalJobRunner Map Task Executor #0] INFO  org.apache.hadoop.mapred.MapTask - kvstart = 26214396(104857584); kvend = 26214388(104857552); length = 9/6553600
2023-11-07 20:10:15,298 [LocalJobRunner Map Task Executor #0] INFO  org.apache.hadoop.mapred.MapTask - Finished spill 0
2023-11-07 20:10:15,299 [LocalJobRunner Map Task Executor #0] INFO  org.apache.hadoop.mapred.Task - Task:attempt_local624559034_0002_m_000001_0 is done. And is in the process of committing
2023-11-07 20:10:15,300 [LocalJobRunner Map Task Executor #0] INFO  org.apache.hadoop.mapred.LocalJobRunner - map
2023-11-07 20:10:15,300 [LocalJobRunner Map Task Executor #0] INFO  org.apache.hadoop.mapred.Task - Task 'attempt_local624559034_0002_m_000001_0' done.
2023-11-07 20:10:15,300 [LocalJobRunner Map Task Executor #0] INFO  org.apache.hadoop.mapred.Task - Final Counters for attempt_local624559034_0002_m_000001_0: Counters: 18
	File System Counters
		FILE: Number of bytes read=2715
		FILE: Number of bytes written=1124361
		FILE: Number of read operations=0
		FILE: Number of large read operations=0
		FILE: Number of write operations=0
	Map-Reduce Framework
		Map input records=3
		Map output records=3
		Map output bytes=54
		Map output materialized bytes=66
		Input split bytes=379
		Combine input records=0
		Spilled Records=3
		Failed Shuffles=0
		Merged Map outputs=0
		GC time elapsed (ms)=0
		Total committed heap usage (bytes)=1048576000
	MultiInputCounters
		Input records from _0_tmp-103535210=3
	File Input Format Counters 
		Bytes Read=0
2023-11-07 20:10:15,300 [LocalJobRunner Map Task Executor #0] INFO  org.apache.hadoop.mapred.LocalJobRunner - Finishing task: attempt_local624559034_0002_m_000001_0
2023-11-07 20:10:15,300 [Thread-14] INFO  org.apache.hadoop.mapred.LocalJobRunner - map task executor complete.
2023-11-07 20:10:15,301 [Thread-14] INFO  org.apache.hadoop.mapred.LocalJobRunner - Waiting for reduce tasks
2023-11-07 20:10:15,301 [pool-9-thread-1] INFO  org.apache.hadoop.mapred.LocalJobRunner - Starting task: attempt_local624559034_0002_r_000000_0
2023-11-07 20:10:15,307 [pool-9-thread-1] INFO  org.apache.hadoop.mapreduce.lib.output.FileOutputCommitter - File Output Committer Algorithm version is 2
2023-11-07 20:10:15,307 [pool-9-thread-1] INFO  org.apache.hadoop.mapreduce.lib.output.FileOutputCommitter - FileOutputCommitter skip cleanup _temporary folders under output directory:false, ignore cleanup failures: false
2023-11-07 20:10:15,309 [pool-9-thread-1] INFO  org.apache.hadoop.mapred.Task -  Using ResourceCalculatorProcessTree : [ ]
2023-11-07 20:10:15,309 [pool-9-thread-1] INFO  org.apache.hadoop.mapred.ReduceTask - Using ShuffleConsumerPlugin: org.apache.hadoop.mapreduce.task.reduce.Shuffle@3acfaebd
2023-11-07 20:10:15,309 [pool-9-thread-1] WARN  org.apache.hadoop.metrics2.impl.MetricsSystemImpl - JobTracker metrics system already initialized!
2023-11-07 20:10:15,310 [pool-9-thread-1] INFO  org.apache.hadoop.mapreduce.task.reduce.MergeManagerImpl - MergerManager: memoryLimit=734003200, maxSingleShuffleLimit=183500800, mergeThreshold=484442144, ioSortFactor=10, memToMemMergeOutputsThreshold=10
2023-11-07 20:10:15,310 [EventFetcher for fetching Map Completion Events] INFO  org.apache.hadoop.mapreduce.task.reduce.EventFetcher - attempt_local624559034_0002_r_000000_0 Thread started: EventFetcher for fetching Map Completion Events
2023-11-07 20:10:15,311 [localfetcher#2] INFO  org.apache.hadoop.mapreduce.task.reduce.LocalFetcher - localfetcher#2 about to shuffle output of map attempt_local624559034_0002_m_000000_0 decomp: 243 len: 247 to MEMORY
2023-11-07 20:10:15,312 [localfetcher#2] INFO  org.apache.hadoop.mapreduce.task.reduce.InMemoryMapOutput - Read 243 bytes from map-output for attempt_local624559034_0002_m_000000_0
2023-11-07 20:10:15,312 [localfetcher#2] INFO  org.apache.hadoop.mapreduce.task.reduce.MergeManagerImpl - closeInMemoryFile -> map-output of size: 243, inMemoryMapOutputs.size() -> 1, commitMemory -> 0, usedMemory ->243
2023-11-07 20:10:15,313 [localfetcher#2] INFO  org.apache.hadoop.mapreduce.task.reduce.LocalFetcher - localfetcher#2 about to shuffle output of map attempt_local624559034_0002_m_000001_0 decomp: 62 len: 66 to MEMORY
2023-11-07 20:10:15,313 [localfetcher#2] INFO  org.apache.hadoop.mapreduce.task.reduce.InMemoryMapOutput - Read 62 bytes from map-output for attempt_local624559034_0002_m_000001_0
2023-11-07 20:10:15,313 [localfetcher#2] INFO  org.apache.hadoop.mapreduce.task.reduce.MergeManagerImpl - closeInMemoryFile -> map-output of size: 62, inMemoryMapOutputs.size() -> 2, commitMemory -> 243, usedMemory ->305
2023-11-07 20:10:15,313 [EventFetcher for fetching Map Completion Events] INFO  org.apache.hadoop.mapreduce.task.reduce.EventFetcher - EventFetcher is interrupted.. Returning
2023-11-07 20:10:15,314 [pool-9-thread-1] INFO  org.apache.hadoop.mapred.LocalJobRunner - 2 / 2 copied.
2023-11-07 20:10:15,314 [pool-9-thread-1] INFO  org.apache.hadoop.mapreduce.task.reduce.MergeManagerImpl - finalMerge called with 2 in-memory map-outputs and 0 on-disk map-outputs
2023-11-07 20:10:15,315 [pool-9-thread-1] INFO  org.apache.hadoop.mapred.Merger - Merging 2 sorted segments
2023-11-07 20:10:15,315 [pool-9-thread-1] INFO  org.apache.hadoop.mapred.Merger - Down to the last merge-pass, with 2 segments left of total size: 289 bytes
2023-11-07 20:10:15,315 [pool-9-thread-1] INFO  org.apache.hadoop.mapreduce.task.reduce.MergeManagerImpl - Merged 2 segments, 305 bytes to disk to satisfy reduce memory limit
2023-11-07 20:10:15,315 [pool-9-thread-1] INFO  org.apache.hadoop.mapreduce.task.reduce.MergeManagerImpl - Merging 1 files, 307 bytes from disk
2023-11-07 20:10:15,315 [pool-9-thread-1] INFO  org.apache.hadoop.mapreduce.task.reduce.MergeManagerImpl - Merging 0 segments, 0 bytes from memory into reduce
2023-11-07 20:10:15,315 [pool-9-thread-1] INFO  org.apache.hadoop.mapred.Merger - Merging 1 sorted segments
2023-11-07 20:10:15,316 [pool-9-thread-1] INFO  org.apache.hadoop.mapred.Merger - Down to the last merge-pass, with 1 segments left of total size: 295 bytes
2023-11-07 20:10:15,316 [pool-9-thread-1] INFO  org.apache.hadoop.mapred.LocalJobRunner - 2 / 2 copied.
2023-11-07 20:10:15,318 [pool-9-thread-1] INFO  org.apache.hadoop.mapreduce.lib.output.FileOutputCommitter - File Output Committer Algorithm version is 2
2023-11-07 20:10:15,318 [pool-9-thread-1] INFO  org.apache.hadoop.mapreduce.lib.output.FileOutputCommitter - FileOutputCommitter skip cleanup _temporary folders under output directory:false, ignore cleanup failures: false
2023-11-07 20:10:15,459 [pool-9-thread-1] INFO  org.apache.pig.impl.util.SpillableMemoryManager - Selected heap (G1 Old Gen) of size 1048576000 to monitor. collectionUsageThreshold = 734003200, usageThreshold = 734003200
2023-11-07 20:10:15,460 [pool-9-thread-1] WARN  org.apache.pig.data.SchemaTupleBackend - SchemaTupleBackend has already been initialized
2023-11-07 20:10:15,462 [pool-9-thread-1] INFO  org.apache.pig.backend.hadoop.executionengine.mapReduceLayer.PigMapReduce$Reduce - Aliases being processed per job phase (AliasName[line,offset]): M: joined_data[9,14],M[1,4],M[-1,-1],joined_data[9,14] C:  R: movie_avg_ratings[11,20]
2023-11-07 20:10:15,475 [pool-9-thread-1] INFO  org.apache.hadoop.mapred.Task - Task:attempt_local624559034_0002_r_000000_0 is done. And is in the process of committing
2023-11-07 20:10:15,477 [pool-9-thread-1] INFO  org.apache.hadoop.mapred.LocalJobRunner - 2 / 2 copied.
2023-11-07 20:10:15,477 [pool-9-thread-1] INFO  org.apache.hadoop.mapred.Task - Task attempt_local624559034_0002_r_000000_0 is allowed to commit now
2023-11-07 20:10:15,488 [pool-9-thread-1] INFO  org.apache.hadoop.mapreduce.lib.output.FileOutputCommitter - Saved output of task 'attempt_local624559034_0002_r_000000_0' to file:/home/smittal2/project6/output
2023-11-07 20:10:15,488 [pool-9-thread-1] INFO  org.apache.hadoop.mapred.LocalJobRunner - reduce > reduce
2023-11-07 20:10:15,489 [pool-9-thread-1] INFO  org.apache.hadoop.mapred.Task - Task 'attempt_local624559034_0002_r_000000_0' done.
2023-11-07 20:10:15,489 [pool-9-thread-1] INFO  org.apache.hadoop.mapred.Task - Final Counters for attempt_local624559034_0002_r_000000_0: Counters: 24
	File System Counters
		FILE: Number of bytes read=3399
		FILE: Number of bytes written=1124827
		FILE: Number of read operations=0
		FILE: Number of large read operations=0
		FILE: Number of write operations=0
	Map-Reduce Framework
		Combine input records=0
		Combine output records=0
		Reduce input groups=5
		Reduce shuffle bytes=313
		Reduce input records=8
		Reduce output records=3
		Spilled Records=8
		Shuffled Maps =2
		Failed Shuffles=0
		Merged Map outputs=2
		GC time elapsed (ms)=0
		Total committed heap usage (bytes)=1048576000
	Shuffle Errors
		BAD_ID=0
		CONNECTION=0
		IO_ERROR=0
		WRONG_LENGTH=0
		WRONG_MAP=0
		WRONG_REDUCE=0
	File Output Format Counters 
		Bytes Written=0
2023-11-07 20:10:15,489 [pool-9-thread-1] INFO  org.apache.hadoop.mapred.LocalJobRunner - Finishing task: attempt_local624559034_0002_r_000000_0
2023-11-07 20:10:15,489 [Thread-14] INFO  org.apache.hadoop.mapred.LocalJobRunner - reduce task executor complete.
2023-11-07 20:10:15,554 [main] INFO  org.apache.pig.backend.hadoop.executionengine.mapReduceLayer.MapReduceLauncher - HadoopJobId: job_local624559034_0002
2023-11-07 20:10:15,554 [main] INFO  org.apache.pig.backend.hadoop.executionengine.mapReduceLayer.MapReduceLauncher - Processing aliases M,joined_data,movie_avg_ratings
2023-11-07 20:10:15,554 [main] INFO  org.apache.pig.backend.hadoop.executionengine.mapReduceLayer.MapReduceLauncher - detailed locations: M: joined_data[9,14],M[1,4],M[-1,-1],joined_data[9,14] C:  R: movie_avg_ratings[11,20]
2023-11-07 20:10:15,555 [main] INFO  org.apache.pig.backend.hadoop.executionengine.mapReduceLayer.MapReduceLauncher - Running jobs are [job_local624559034_0002]
2023-11-07 20:10:15,758 [main] WARN  org.apache.hadoop.metrics2.impl.MetricsSystemImpl - JobTracker metrics system already initialized!
2023-11-07 20:10:15,759 [main] WARN  org.apache.hadoop.metrics2.impl.MetricsSystemImpl - JobTracker metrics system already initialized!
2023-11-07 20:10:15,760 [main] WARN  org.apache.hadoop.metrics2.impl.MetricsSystemImpl - JobTracker metrics system already initialized!
2023-11-07 20:10:15,766 [main] INFO  org.apache.pig.backend.hadoop.executionengine.mapReduceLayer.MapReduceLauncher - 100% complete
2023-11-07 20:10:15,769 [main] INFO  org.apache.pig.tools.pigstats.mapreduce.SimplePigStats - Script Statistics: 

HadoopVersion	PigVersion	UserId	StartedAt	FinishedAt	Features
3.2.2	0.17.0	smittal2	2023-11-07 20:10:14	2023-11-07 20:10:15	HASH_JOIN,GROUP_BY

Success!

Job Stats (time in seconds):
JobId	Maps	Reduces	MaxMapTime	MinMapTime	AvgMapTime	MedianMapTime	MaxReduceTime	MinReduceTime	AvgReduceTime	MedianReducetime	Alias	Feature	Outputs
job_local624559034_0002	2	1	n/a	n/a	n/a	n/a	n/a	n/a	n/a	n/a	M,joined_data,movie_avg_ratings	HASH_JOIN	file:///home/smittal2/project6/output,
job_local805701743_0001	1	1	n/a	n/a	n/a	n/a	n/a	n/a	n/a	n/a	R,avg_ratings,groups	GROUP_BY,COMBINER	

Input(s):
Successfully read 15 records from: "file:///home/smittal2/project6/small-ratings.txt"
Successfully read 5 records from: "file:///home/smittal2/project6/small-titles.txt"

Output(s):
Successfully stored 3 records in: "file:///home/smittal2/project6/output"

Counters:
Total records written : 3
Total bytes written : 0
Spillable Memory Manager spill count : 0
Total bags proactively spilled: 0
Total records proactively spilled: 0

Job DAG:
job_local805701743_0001	->	job_local624559034_0002,
job_local624559034_0002


2023-11-07 20:10:15,770 [main] WARN  org.apache.hadoop.metrics2.impl.MetricsSystemImpl - JobTracker metrics system already initialized!
2023-11-07 20:10:15,772 [main] WARN  org.apache.hadoop.metrics2.impl.MetricsSystemImpl - JobTracker metrics system already initialized!
2023-11-07 20:10:15,773 [main] WARN  org.apache.hadoop.metrics2.impl.MetricsSystemImpl - JobTracker metrics system already initialized!
2023-11-07 20:10:15,788 [main] WARN  org.apache.hadoop.metrics2.impl.MetricsSystemImpl - JobTracker metrics system already initialized!
2023-11-07 20:10:15,789 [main] WARN  org.apache.hadoop.metrics2.impl.MetricsSystemImpl - JobTracker metrics system already initialized!
2023-11-07 20:10:15,790 [main] WARN  org.apache.hadoop.metrics2.impl.MetricsSystemImpl - JobTracker metrics system already initialized!
2023-11-07 20:10:15,797 [main] INFO  org.apache.pig.backend.hadoop.executionengine.mapReduceLayer.MapReduceLauncher - Success!
2023-11-07 20:10:15,811 [main] INFO  org.apache.pig.Main - Pig script completed in 2 seconds and 600 milliseconds (2600 ms)
