
The following have been reloaded with a version change:
  1) cpu/0.17.3b => cpu/0.15.4

WARNING: An illegal reflective access operation has occurred
WARNING: Illegal reflective access by org.apache.spark.unsafe.Platform (file:/cm/shared/apps/spack/cpu/opt/spack/linux-centos8-zen/gcc-8.3.1/spark-3.2.1-bin-hadoop3.2/jars/spark-unsafe_2.12-3.2.1.jar) to constructor java.nio.DirectByteBuffer(long,int)
WARNING: Please consider reporting this to the maintainers of org.apache.spark.unsafe.Platform
WARNING: Use --illegal-access=warn to enable warnings of further illegal reflective access operations
WARNING: All illegal access operations will be denied in a future release
Using Spark's default log4j profile: org/apache/spark/log4j-defaults.properties
23/10/19 18:37:14 INFO SparkContext: Running Spark version 3.2.1
23/10/19 18:37:14 WARN NativeCodeLoader: Unable to load native-hadoop library for your platform... using builtin-java classes where applicable
23/10/19 18:37:14 INFO ResourceUtils: ==============================================================
23/10/19 18:37:14 INFO ResourceUtils: No custom resources configured for spark.driver.
23/10/19 18:37:14 INFO ResourceUtils: ==============================================================
23/10/19 18:37:14 INFO SparkContext: Submitted application: Netflix
23/10/19 18:37:14 INFO ResourceProfile: Default ResourceProfile created, executor resources: Map(cores -> name: cores, amount: 1, script: , vendor: , memory -> name: memory, amount: 1024, script: , vendor: , offHeap -> name: offHeap, amount: 0, script: , vendor: ), task resources: Map(cpus -> name: cpus, amount: 1.0)
23/10/19 18:37:14 INFO ResourceProfile: Limiting resource is cpu
23/10/19 18:37:14 INFO ResourceProfileManager: Added ResourceProfile id: 0
23/10/19 18:37:14 INFO SecurityManager: Changing view acls to: smittal2
23/10/19 18:37:14 INFO SecurityManager: Changing modify acls to: smittal2
23/10/19 18:37:14 INFO SecurityManager: Changing view acls groups to: 
23/10/19 18:37:14 INFO SecurityManager: Changing modify acls groups to: 
23/10/19 18:37:14 INFO SecurityManager: SecurityManager: authentication disabled; ui acls disabled; users  with view permissions: Set(smittal2); groups with view permissions: Set(); users  with modify permissions: Set(smittal2); groups with modify permissions: Set()
23/10/19 18:37:14 INFO Utils: Successfully started service 'sparkDriver' on port 41801.
23/10/19 18:37:14 INFO SparkEnv: Registering MapOutputTracker
23/10/19 18:37:14 INFO SparkEnv: Registering BlockManagerMaster
23/10/19 18:37:14 INFO BlockManagerMasterEndpoint: Using org.apache.spark.storage.DefaultTopologyMapper for getting topology information
23/10/19 18:37:14 INFO BlockManagerMasterEndpoint: BlockManagerMasterEndpoint up
23/10/19 18:37:14 INFO SparkEnv: Registering BlockManagerMasterHeartbeat
23/10/19 18:37:15 INFO DiskBlockManager: Created local directory at /tmp/blockmgr-5075873c-90c1-4f99-b900-f532be0acc78
23/10/19 18:37:15 INFO MemoryStore: MemoryStore started with capacity 434.4 MiB
23/10/19 18:37:15 INFO SparkEnv: Registering OutputCommitCoordinator
23/10/19 18:37:15 INFO Utils: Successfully started service 'SparkUI' on port 4040.
23/10/19 18:37:15 INFO SparkUI: Bound SparkUI to 0.0.0.0, and started at http://exp-1-19.expanse.sdsc.edu:4040
23/10/19 18:37:15 INFO SparkContext: Added JAR file:/home/smittal2/project4/netflix.jar at spark://exp-1-19.expanse.sdsc.edu:41801/jars/netflix.jar with timestamp 1697765834481
23/10/19 18:37:15 INFO Executor: Starting executor ID driver on host exp-1-19.expanse.sdsc.edu
23/10/19 18:37:15 INFO Executor: Fetching spark://exp-1-19.expanse.sdsc.edu:41801/jars/netflix.jar with timestamp 1697765834481
23/10/19 18:37:15 INFO TransportClientFactory: Successfully created connection to exp-1-19.expanse.sdsc.edu/198.202.103.236:41801 after 23 ms (0 ms spent in bootstraps)
23/10/19 18:37:15 INFO Utils: Fetching spark://exp-1-19.expanse.sdsc.edu:41801/jars/netflix.jar to /tmp/spark-6328856f-c2c6-4997-87c9-d65aa793df8a/userFiles-d236d740-91eb-480a-9c9a-7557271bf1b4/fetchFileTemp622853588679181048.tmp
23/10/19 18:37:15 INFO Executor: Adding file:/tmp/spark-6328856f-c2c6-4997-87c9-d65aa793df8a/userFiles-d236d740-91eb-480a-9c9a-7557271bf1b4/netflix.jar to class loader
23/10/19 18:37:15 INFO Utils: Successfully started service 'org.apache.spark.network.netty.NettyBlockTransferService' on port 41131.
23/10/19 18:37:15 INFO NettyBlockTransferService: Server created on exp-1-19.expanse.sdsc.edu:41131
23/10/19 18:37:15 INFO BlockManager: Using org.apache.spark.storage.RandomBlockReplicationPolicy for block replication policy
23/10/19 18:37:15 INFO BlockManagerMaster: Registering BlockManager BlockManagerId(driver, exp-1-19.expanse.sdsc.edu, 41131, None)
23/10/19 18:37:15 INFO BlockManagerMasterEndpoint: Registering block manager exp-1-19.expanse.sdsc.edu:41131 with 434.4 MiB RAM, BlockManagerId(driver, exp-1-19.expanse.sdsc.edu, 41131, None)
23/10/19 18:37:15 INFO BlockManagerMaster: Registered BlockManager BlockManagerId(driver, exp-1-19.expanse.sdsc.edu, 41131, None)
23/10/19 18:37:15 INFO BlockManager: Initialized BlockManager: BlockManagerId(driver, exp-1-19.expanse.sdsc.edu, 41131, None)
23/10/19 18:37:16 INFO MemoryStore: Block broadcast_0 stored as values in memory (estimated size 219.7 KiB, free 434.2 MiB)
23/10/19 18:37:16 INFO MemoryStore: Block broadcast_0_piece0 stored as bytes in memory (estimated size 32.1 KiB, free 434.2 MiB)
23/10/19 18:37:16 INFO BlockManagerInfo: Added broadcast_0_piece0 in memory on exp-1-19.expanse.sdsc.edu:41131 (size: 32.1 KiB, free: 434.4 MiB)
23/10/19 18:37:16 INFO SparkContext: Created broadcast 0 from textFile at Netflix.scala:11
23/10/19 18:37:16 INFO MemoryStore: Block broadcast_1 stored as values in memory (estimated size 219.7 KiB, free 433.9 MiB)
23/10/19 18:37:16 INFO MemoryStore: Block broadcast_1_piece0 stored as bytes in memory (estimated size 32.1 KiB, free 433.9 MiB)
23/10/19 18:37:16 INFO BlockManagerInfo: Added broadcast_1_piece0 in memory on exp-1-19.expanse.sdsc.edu:41131 (size: 32.1 KiB, free: 434.3 MiB)
23/10/19 18:37:16 INFO SparkContext: Created broadcast 1 from textFile at Netflix.scala:18
23/10/19 18:37:16 INFO FileInputFormat: Total input files to process : 1
23/10/19 18:37:16 INFO FileInputFormat: Total input files to process : 1
23/10/19 18:37:16 INFO SparkContext: Starting job: sortByKey at Netflix.scala:79
23/10/19 18:37:16 INFO DAGScheduler: Registering RDD 15 (map at Netflix.scala:64) as input to shuffle 1
23/10/19 18:37:16 INFO DAGScheduler: Registering RDD 8 (map at Netflix.scala:47) as input to shuffle 2
23/10/19 18:37:16 INFO DAGScheduler: Registering RDD 6 (map at Netflix.scala:35) as input to shuffle 3
23/10/19 18:37:16 INFO DAGScheduler: Registering RDD 14 (map at Netflix.scala:63) as input to shuffle 0
23/10/19 18:37:16 INFO DAGScheduler: Got job 0 (sortByKey at Netflix.scala:79) with 2 output partitions
23/10/19 18:37:16 INFO DAGScheduler: Final stage: ResultStage 4 (sortByKey at Netflix.scala:79)
23/10/19 18:37:16 INFO DAGScheduler: Parents of final stage: List(ShuffleMapStage 0, ShuffleMapStage 3)
23/10/19 18:37:16 INFO DAGScheduler: Missing parents: List(ShuffleMapStage 0, ShuffleMapStage 3)
23/10/19 18:37:16 INFO DAGScheduler: Submitting ShuffleMapStage 0 (MapPartitionsRDD[15] at map at Netflix.scala:64), which has no missing parents
23/10/19 18:37:16 INFO MemoryStore: Block broadcast_2 stored as values in memory (estimated size 6.0 KiB, free 433.9 MiB)
23/10/19 18:37:16 INFO MemoryStore: Block broadcast_2_piece0 stored as bytes in memory (estimated size 3.5 KiB, free 433.9 MiB)
23/10/19 18:37:16 INFO BlockManagerInfo: Added broadcast_2_piece0 in memory on exp-1-19.expanse.sdsc.edu:41131 (size: 3.5 KiB, free: 434.3 MiB)
23/10/19 18:37:16 INFO SparkContext: Created broadcast 2 from broadcast at DAGScheduler.scala:1478
23/10/19 18:37:16 INFO DAGScheduler: Submitting 2 missing tasks from ShuffleMapStage 0 (MapPartitionsRDD[15] at map at Netflix.scala:64) (first 15 tasks are for partitions Vector(0, 1))
23/10/19 18:37:16 INFO TaskSchedulerImpl: Adding task set 0.0 with 2 tasks resource profile 0
23/10/19 18:37:16 INFO DAGScheduler: Submitting ShuffleMapStage 1 (MapPartitionsRDD[8] at map at Netflix.scala:47), which has no missing parents
23/10/19 18:37:16 INFO MemoryStore: Block broadcast_3 stored as values in memory (estimated size 7.1 KiB, free 433.9 MiB)
23/10/19 18:37:16 INFO MemoryStore: Block broadcast_3_piece0 stored as bytes in memory (estimated size 4.0 KiB, free 433.9 MiB)
23/10/19 18:37:16 INFO TaskSetManager: Starting task 0.0 in stage 0.0 (TID 0) (exp-1-19.expanse.sdsc.edu, executor driver, partition 0, PROCESS_LOCAL, 4503 bytes) taskResourceAssignments Map()
23/10/19 18:37:16 INFO BlockManagerInfo: Added broadcast_3_piece0 in memory on exp-1-19.expanse.sdsc.edu:41131 (size: 4.0 KiB, free: 434.3 MiB)
23/10/19 18:37:16 INFO SparkContext: Created broadcast 3 from broadcast at DAGScheduler.scala:1478
23/10/19 18:37:16 INFO DAGScheduler: Submitting 2 missing tasks from ShuffleMapStage 1 (MapPartitionsRDD[8] at map at Netflix.scala:47) (first 15 tasks are for partitions Vector(0, 1))
23/10/19 18:37:16 INFO TaskSchedulerImpl: Adding task set 1.0 with 2 tasks resource profile 0
23/10/19 18:37:16 INFO TaskSetManager: Starting task 1.0 in stage 0.0 (TID 1) (exp-1-19.expanse.sdsc.edu, executor driver, partition 1, PROCESS_LOCAL, 4503 bytes) taskResourceAssignments Map()
23/10/19 18:37:16 INFO DAGScheduler: Submitting ShuffleMapStage 2 (MapPartitionsRDD[6] at map at Netflix.scala:35), which has no missing parents
23/10/19 18:37:16 INFO MemoryStore: Block broadcast_4 stored as values in memory (estimated size 6.9 KiB, free 433.9 MiB)
23/10/19 18:37:16 INFO MemoryStore: Block broadcast_4_piece0 stored as bytes in memory (estimated size 4.0 KiB, free 433.9 MiB)
23/10/19 18:37:16 INFO BlockManagerInfo: Added broadcast_4_piece0 in memory on exp-1-19.expanse.sdsc.edu:41131 (size: 4.0 KiB, free: 434.3 MiB)
23/10/19 18:37:16 INFO SparkContext: Created broadcast 4 from broadcast at DAGScheduler.scala:1478
23/10/19 18:37:16 INFO DAGScheduler: Submitting 2 missing tasks from ShuffleMapStage 2 (MapPartitionsRDD[6] at map at Netflix.scala:35) (first 15 tasks are for partitions Vector(0, 1))
23/10/19 18:37:16 INFO TaskSchedulerImpl: Adding task set 2.0 with 2 tasks resource profile 0
23/10/19 18:37:16 INFO Executor: Running task 1.0 in stage 0.0 (TID 1)
23/10/19 18:37:16 INFO Executor: Running task 0.0 in stage 0.0 (TID 0)
23/10/19 18:37:16 INFO HadoopRDD: Input split: file:/home/smittal2/project4/small-titles.txt:100+101
23/10/19 18:37:16 INFO HadoopRDD: Input split: file:/home/smittal2/project4/small-titles.txt:0+100
23/10/19 18:37:16 INFO Executor: Finished task 0.0 in stage 0.0 (TID 0). 1132 bytes result sent to driver
23/10/19 18:37:16 INFO Executor: Finished task 1.0 in stage 0.0 (TID 1). 1175 bytes result sent to driver
23/10/19 18:37:16 INFO TaskSetManager: Starting task 0.0 in stage 1.0 (TID 2) (exp-1-19.expanse.sdsc.edu, executor driver, partition 0, PROCESS_LOCAL, 4504 bytes) taskResourceAssignments Map()
23/10/19 18:37:16 INFO TaskSetManager: Starting task 1.0 in stage 1.0 (TID 3) (exp-1-19.expanse.sdsc.edu, executor driver, partition 1, PROCESS_LOCAL, 4504 bytes) taskResourceAssignments Map()
23/10/19 18:37:16 INFO Executor: Running task 1.0 in stage 1.0 (TID 3)
23/10/19 18:37:16 INFO Executor: Running task 0.0 in stage 1.0 (TID 2)
23/10/19 18:37:16 INFO TaskSetManager: Finished task 0.0 in stage 0.0 (TID 0) in 222 ms on exp-1-19.expanse.sdsc.edu (executor driver) (1/2)
23/10/19 18:37:16 INFO TaskSetManager: Finished task 1.0 in stage 0.0 (TID 1) in 195 ms on exp-1-19.expanse.sdsc.edu (executor driver) (2/2)
23/10/19 18:37:16 INFO DAGScheduler: ShuffleMapStage 0 (map at Netflix.scala:64) finished in 0.309 s
23/10/19 18:37:16 INFO DAGScheduler: looking for newly runnable stages
23/10/19 18:37:16 INFO DAGScheduler: running: Set(ShuffleMapStage 1, ShuffleMapStage 2)
23/10/19 18:37:16 INFO DAGScheduler: waiting: Set(ShuffleMapStage 3, ResultStage 4)
23/10/19 18:37:16 INFO DAGScheduler: failed: Set()
23/10/19 18:37:16 INFO TaskSchedulerImpl: Removed TaskSet 0.0, whose tasks have all completed, from pool 
23/10/19 18:37:16 INFO HadoopRDD: Input split: file:/home/smittal2/project4/small-ratings.txt:142+143
23/10/19 18:37:16 INFO HadoopRDD: Input split: file:/home/smittal2/project4/small-ratings.txt:0+142
23/10/19 18:37:17 INFO Executor: Finished task 1.0 in stage 1.0 (TID 3). 1261 bytes result sent to driver
23/10/19 18:37:17 INFO TaskSetManager: Starting task 0.0 in stage 2.0 (TID 4) (exp-1-19.expanse.sdsc.edu, executor driver, partition 0, PROCESS_LOCAL, 4504 bytes) taskResourceAssignments Map()
23/10/19 18:37:17 INFO Executor: Running task 0.0 in stage 2.0 (TID 4)
23/10/19 18:37:17 INFO TaskSetManager: Finished task 1.0 in stage 1.0 (TID 3) in 70 ms on exp-1-19.expanse.sdsc.edu (executor driver) (1/2)
23/10/19 18:37:17 INFO HadoopRDD: Input split: file:/home/smittal2/project4/small-ratings.txt:0+142
23/10/19 18:37:17 INFO Executor: Finished task 0.0 in stage 1.0 (TID 2). 1261 bytes result sent to driver
23/10/19 18:37:17 INFO TaskSetManager: Starting task 1.0 in stage 2.0 (TID 5) (exp-1-19.expanse.sdsc.edu, executor driver, partition 1, PROCESS_LOCAL, 4504 bytes) taskResourceAssignments Map()
23/10/19 18:37:17 INFO Executor: Running task 1.0 in stage 2.0 (TID 5)
23/10/19 18:37:17 INFO HadoopRDD: Input split: file:/home/smittal2/project4/small-ratings.txt:142+143
23/10/19 18:37:17 INFO TaskSetManager: Finished task 0.0 in stage 1.0 (TID 2) in 92 ms on exp-1-19.expanse.sdsc.edu (executor driver) (2/2)
23/10/19 18:37:17 INFO DAGScheduler: ShuffleMapStage 1 (map at Netflix.scala:47) finished in 0.310 s
23/10/19 18:37:17 INFO DAGScheduler: looking for newly runnable stages
23/10/19 18:37:17 INFO DAGScheduler: running: Set(ShuffleMapStage 2)
23/10/19 18:37:17 INFO DAGScheduler: waiting: Set(ShuffleMapStage 3, ResultStage 4)
23/10/19 18:37:17 INFO DAGScheduler: failed: Set()
23/10/19 18:37:17 INFO TaskSchedulerImpl: Removed TaskSet 1.0, whose tasks have all completed, from pool 
23/10/19 18:37:17 INFO Executor: Finished task 0.0 in stage 2.0 (TID 4). 1261 bytes result sent to driver
23/10/19 18:37:17 INFO TaskSetManager: Finished task 0.0 in stage 2.0 (TID 4) in 24 ms on exp-1-19.expanse.sdsc.edu (executor driver) (1/2)
23/10/19 18:37:17 INFO Executor: Finished task 1.0 in stage 2.0 (TID 5). 1261 bytes result sent to driver
23/10/19 18:37:17 INFO TaskSetManager: Finished task 1.0 in stage 2.0 (TID 5) in 16 ms on exp-1-19.expanse.sdsc.edu (executor driver) (2/2)
23/10/19 18:37:17 INFO TaskSchedulerImpl: Removed TaskSet 2.0, whose tasks have all completed, from pool 
23/10/19 18:37:17 INFO DAGScheduler: ShuffleMapStage 2 (map at Netflix.scala:35) finished in 0.276 s
23/10/19 18:37:17 INFO DAGScheduler: looking for newly runnable stages
23/10/19 18:37:17 INFO DAGScheduler: running: Set()
23/10/19 18:37:17 INFO DAGScheduler: waiting: Set(ShuffleMapStage 3, ResultStage 4)
23/10/19 18:37:17 INFO DAGScheduler: failed: Set()
23/10/19 18:37:17 INFO DAGScheduler: Submitting ShuffleMapStage 3 (MapPartitionsRDD[14] at map at Netflix.scala:63), which has no missing parents
23/10/19 18:37:17 INFO MemoryStore: Block broadcast_5 stored as values in memory (estimated size 6.9 KiB, free 433.9 MiB)
23/10/19 18:37:17 INFO MemoryStore: Block broadcast_5_piece0 stored as bytes in memory (estimated size 3.8 KiB, free 433.9 MiB)
23/10/19 18:37:17 INFO BlockManagerInfo: Added broadcast_5_piece0 in memory on exp-1-19.expanse.sdsc.edu:41131 (size: 3.8 KiB, free: 434.3 MiB)
23/10/19 18:37:17 INFO SparkContext: Created broadcast 5 from broadcast at DAGScheduler.scala:1478
23/10/19 18:37:17 INFO DAGScheduler: Submitting 2 missing tasks from ShuffleMapStage 3 (MapPartitionsRDD[14] at map at Netflix.scala:63) (first 15 tasks are for partitions Vector(0, 1))
23/10/19 18:37:17 INFO TaskSchedulerImpl: Adding task set 3.0 with 2 tasks resource profile 0
23/10/19 18:37:17 INFO TaskSetManager: Starting task 0.0 in stage 3.0 (TID 6) (exp-1-19.expanse.sdsc.edu, executor driver, partition 0, NODE_LOCAL, 4499 bytes) taskResourceAssignments Map()
23/10/19 18:37:17 INFO TaskSetManager: Starting task 1.0 in stage 3.0 (TID 7) (exp-1-19.expanse.sdsc.edu, executor driver, partition 1, NODE_LOCAL, 4499 bytes) taskResourceAssignments Map()
23/10/19 18:37:17 INFO Executor: Running task 0.0 in stage 3.0 (TID 6)
23/10/19 18:37:17 INFO Executor: Running task 1.0 in stage 3.0 (TID 7)
23/10/19 18:37:17 INFO ShuffleBlockFetcherIterator: Getting 2 (98.0 B) non-empty blocks including 2 (98.0 B) local and 0 (0.0 B) host-local and 0 (0.0 B) push-merged-local and 0 (0.0 B) remote blocks
23/10/19 18:37:17 INFO ShuffleBlockFetcherIterator: Getting 1 (49.0 B) non-empty blocks including 1 (49.0 B) local and 0 (0.0 B) host-local and 0 (0.0 B) push-merged-local and 0 (0.0 B) remote blocks
23/10/19 18:37:17 INFO ShuffleBlockFetcherIterator: Started 0 remote fetches in 8 ms
23/10/19 18:37:17 INFO ShuffleBlockFetcherIterator: Started 0 remote fetches in 8 ms
23/10/19 18:37:17 INFO ShuffleBlockFetcherIterator: Getting 1 (49.0 B) non-empty blocks including 1 (49.0 B) local and 0 (0.0 B) host-local and 0 (0.0 B) push-merged-local and 0 (0.0 B) remote blocks
23/10/19 18:37:17 INFO ShuffleBlockFetcherIterator: Started 0 remote fetches in 0 ms
23/10/19 18:37:17 INFO ShuffleBlockFetcherIterator: Getting 2 (98.0 B) non-empty blocks including 2 (98.0 B) local and 0 (0.0 B) host-local and 0 (0.0 B) push-merged-local and 0 (0.0 B) remote blocks
23/10/19 18:37:17 INFO ShuffleBlockFetcherIterator: Started 0 remote fetches in 0 ms
23/10/19 18:37:17 INFO Executor: Finished task 1.0 in stage 3.0 (TID 7). 1476 bytes result sent to driver
23/10/19 18:37:17 INFO TaskSetManager: Finished task 1.0 in stage 3.0 (TID 7) in 61 ms on exp-1-19.expanse.sdsc.edu (executor driver) (1/2)
23/10/19 18:37:17 INFO Executor: Finished task 0.0 in stage 3.0 (TID 6). 1476 bytes result sent to driver
23/10/19 18:37:17 INFO TaskSetManager: Finished task 0.0 in stage 3.0 (TID 6) in 66 ms on exp-1-19.expanse.sdsc.edu (executor driver) (2/2)
23/10/19 18:37:17 INFO TaskSchedulerImpl: Removed TaskSet 3.0, whose tasks have all completed, from pool 
23/10/19 18:37:17 INFO DAGScheduler: ShuffleMapStage 3 (map at Netflix.scala:63) finished in 0.077 s
23/10/19 18:37:17 INFO DAGScheduler: looking for newly runnable stages
23/10/19 18:37:17 INFO DAGScheduler: running: Set()
23/10/19 18:37:17 INFO DAGScheduler: waiting: Set(ResultStage 4)
23/10/19 18:37:17 INFO DAGScheduler: failed: Set()
23/10/19 18:37:17 INFO DAGScheduler: Submitting ResultStage 4 (MapPartitionsRDD[22] at sortByKey at Netflix.scala:79), which has no missing parents
23/10/19 18:37:17 INFO MemoryStore: Block broadcast_6 stored as values in memory (estimated size 7.2 KiB, free 433.9 MiB)
23/10/19 18:37:17 INFO MemoryStore: Block broadcast_6_piece0 stored as bytes in memory (estimated size 3.7 KiB, free 433.9 MiB)
23/10/19 18:37:17 INFO BlockManagerInfo: Added broadcast_6_piece0 in memory on exp-1-19.expanse.sdsc.edu:41131 (size: 3.7 KiB, free: 434.3 MiB)
23/10/19 18:37:17 INFO SparkContext: Created broadcast 6 from broadcast at DAGScheduler.scala:1478
23/10/19 18:37:17 INFO DAGScheduler: Submitting 2 missing tasks from ResultStage 4 (MapPartitionsRDD[22] at sortByKey at Netflix.scala:79) (first 15 tasks are for partitions Vector(0, 1))
23/10/19 18:37:17 INFO TaskSchedulerImpl: Adding task set 4.0 with 2 tasks resource profile 0
23/10/19 18:37:17 INFO TaskSetManager: Starting task 0.0 in stage 4.0 (TID 8) (exp-1-19.expanse.sdsc.edu, executor driver, partition 0, PROCESS_LOCAL, 4334 bytes) taskResourceAssignments Map()
23/10/19 18:37:17 INFO TaskSetManager: Starting task 1.0 in stage 4.0 (TID 9) (exp-1-19.expanse.sdsc.edu, executor driver, partition 1, PROCESS_LOCAL, 4334 bytes) taskResourceAssignments Map()
23/10/19 18:37:17 INFO Executor: Running task 0.0 in stage 4.0 (TID 8)
23/10/19 18:37:17 INFO Executor: Running task 1.0 in stage 4.0 (TID 9)
23/10/19 18:37:17 INFO ShuffleBlockFetcherIterator: Getting 1 (189.0 B) non-empty blocks including 1 (189.0 B) local and 0 (0.0 B) host-local and 0 (0.0 B) push-merged-local and 0 (0.0 B) remote blocks
23/10/19 18:37:17 INFO ShuffleBlockFetcherIterator: Started 0 remote fetches in 0 ms
23/10/19 18:37:17 INFO ShuffleBlockFetcherIterator: Getting 1 (171.0 B) non-empty blocks including 1 (171.0 B) local and 0 (0.0 B) host-local and 0 (0.0 B) push-merged-local and 0 (0.0 B) remote blocks
23/10/19 18:37:17 INFO ShuffleBlockFetcherIterator: Started 0 remote fetches in 0 ms
23/10/19 18:37:17 INFO ShuffleBlockFetcherIterator: Getting 2 (479.0 B) non-empty blocks including 2 (479.0 B) local and 0 (0.0 B) host-local and 0 (0.0 B) push-merged-local and 0 (0.0 B) remote blocks
23/10/19 18:37:17 INFO ShuffleBlockFetcherIterator: Getting 2 (502.0 B) non-empty blocks including 2 (502.0 B) local and 0 (0.0 B) host-local and 0 (0.0 B) push-merged-local and 0 (0.0 B) remote blocks
23/10/19 18:37:17 INFO ShuffleBlockFetcherIterator: Started 0 remote fetches in 2 ms
23/10/19 18:37:17 INFO ShuffleBlockFetcherIterator: Started 0 remote fetches in 1 ms
23/10/19 18:37:17 INFO Executor: Finished task 1.0 in stage 4.0 (TID 9). 1508 bytes result sent to driver
23/10/19 18:37:17 INFO Executor: Finished task 0.0 in stage 4.0 (TID 8). 1500 bytes result sent to driver
23/10/19 18:37:17 INFO TaskSetManager: Finished task 1.0 in stage 4.0 (TID 9) in 33 ms on exp-1-19.expanse.sdsc.edu (executor driver) (1/2)
23/10/19 18:37:17 INFO TaskSetManager: Finished task 0.0 in stage 4.0 (TID 8) in 35 ms on exp-1-19.expanse.sdsc.edu (executor driver) (2/2)
23/10/19 18:37:17 INFO TaskSchedulerImpl: Removed TaskSet 4.0, whose tasks have all completed, from pool 
23/10/19 18:37:17 INFO DAGScheduler: ResultStage 4 (sortByKey at Netflix.scala:79) finished in 0.042 s
23/10/19 18:37:17 INFO DAGScheduler: Job 0 is finished. Cancelling potential speculative or zombie tasks for this job
23/10/19 18:37:17 INFO TaskSchedulerImpl: Killing all running tasks in stage 4: Stage finished
23/10/19 18:37:17 INFO DAGScheduler: Job 0 finished: sortByKey at Netflix.scala:79, took 0.774762 s
23/10/19 18:37:17 INFO deprecation: mapred.output.dir is deprecated. Instead, use mapreduce.output.fileoutputformat.outputdir
23/10/19 18:37:17 INFO HadoopMapRedCommitProtocol: Using output committer class org.apache.hadoop.mapred.FileOutputCommitter
23/10/19 18:37:17 INFO FileOutputCommitter: File Output Committer Algorithm version is 1
23/10/19 18:37:17 INFO FileOutputCommitter: FileOutputCommitter skip cleanup _temporary folders under output directory:false, ignore cleanup failures: false
23/10/19 18:37:17 INFO SparkContext: Starting job: runJob at SparkHadoopWriter.scala:83
23/10/19 18:37:17 INFO DAGScheduler: Registering RDD 20 (map at Netflix.scala:68) as input to shuffle 4
23/10/19 18:37:17 INFO DAGScheduler: Got job 1 (runJob at SparkHadoopWriter.scala:83) with 2 output partitions
23/10/19 18:37:17 INFO DAGScheduler: Final stage: ResultStage 10 (runJob at SparkHadoopWriter.scala:83)
23/10/19 18:37:17 INFO DAGScheduler: Parents of final stage: List(ShuffleMapStage 9)
23/10/19 18:37:17 INFO DAGScheduler: Missing parents: List(ShuffleMapStage 9)
23/10/19 18:37:17 INFO DAGScheduler: Submitting ShuffleMapStage 9 (MapPartitionsRDD[20] at map at Netflix.scala:68), which has no missing parents
23/10/19 18:37:17 INFO MemoryStore: Block broadcast_7 stored as values in memory (estimated size 6.7 KiB, free 433.8 MiB)
23/10/19 18:37:17 INFO MemoryStore: Block broadcast_7_piece0 stored as bytes in memory (estimated size 3.8 KiB, free 433.8 MiB)
23/10/19 18:37:17 INFO BlockManagerInfo: Added broadcast_7_piece0 in memory on exp-1-19.expanse.sdsc.edu:41131 (size: 3.8 KiB, free: 434.3 MiB)
23/10/19 18:37:17 INFO SparkContext: Created broadcast 7 from broadcast at DAGScheduler.scala:1478
23/10/19 18:37:17 INFO DAGScheduler: Submitting 2 missing tasks from ShuffleMapStage 9 (MapPartitionsRDD[20] at map at Netflix.scala:68) (first 15 tasks are for partitions Vector(0, 1))
23/10/19 18:37:17 INFO TaskSchedulerImpl: Adding task set 9.0 with 2 tasks resource profile 0
23/10/19 18:37:17 INFO TaskSetManager: Starting task 0.0 in stage 9.0 (TID 10) (exp-1-19.expanse.sdsc.edu, executor driver, partition 0, PROCESS_LOCAL, 4323 bytes) taskResourceAssignments Map()
23/10/19 18:37:17 INFO TaskSetManager: Starting task 1.0 in stage 9.0 (TID 11) (exp-1-19.expanse.sdsc.edu, executor driver, partition 1, PROCESS_LOCAL, 4323 bytes) taskResourceAssignments Map()
23/10/19 18:37:17 INFO Executor: Running task 1.0 in stage 9.0 (TID 11)
23/10/19 18:37:17 INFO Executor: Running task 0.0 in stage 9.0 (TID 10)
23/10/19 18:37:17 INFO ShuffleBlockFetcherIterator: Getting 1 (171.0 B) non-empty blocks including 1 (171.0 B) local and 0 (0.0 B) host-local and 0 (0.0 B) push-merged-local and 0 (0.0 B) remote blocks
23/10/19 18:37:17 INFO ShuffleBlockFetcherIterator: Started 0 remote fetches in 0 ms
23/10/19 18:37:17 INFO ShuffleBlockFetcherIterator: Getting 2 (479.0 B) non-empty blocks including 2 (479.0 B) local and 0 (0.0 B) host-local and 0 (0.0 B) push-merged-local and 0 (0.0 B) remote blocks
23/10/19 18:37:17 INFO ShuffleBlockFetcherIterator: Started 0 remote fetches in 0 ms
23/10/19 18:37:17 INFO ShuffleBlockFetcherIterator: Getting 1 (189.0 B) non-empty blocks including 1 (189.0 B) local and 0 (0.0 B) host-local and 0 (0.0 B) push-merged-local and 0 (0.0 B) remote blocks
23/10/19 18:37:17 INFO ShuffleBlockFetcherIterator: Started 0 remote fetches in 0 ms
23/10/19 18:37:17 INFO ShuffleBlockFetcherIterator: Getting 2 (502.0 B) non-empty blocks including 2 (502.0 B) local and 0 (0.0 B) host-local and 0 (0.0 B) push-merged-local and 0 (0.0 B) remote blocks
23/10/19 18:37:17 INFO ShuffleBlockFetcherIterator: Started 0 remote fetches in 0 ms
23/10/19 18:37:17 INFO Executor: Finished task 0.0 in stage 9.0 (TID 10). 1476 bytes result sent to driver
23/10/19 18:37:17 INFO TaskSetManager: Finished task 0.0 in stage 9.0 (TID 10) in 33 ms on exp-1-19.expanse.sdsc.edu (executor driver) (1/2)
23/10/19 18:37:17 INFO Executor: Finished task 1.0 in stage 9.0 (TID 11). 1476 bytes result sent to driver
23/10/19 18:37:17 INFO TaskSetManager: Finished task 1.0 in stage 9.0 (TID 11) in 34 ms on exp-1-19.expanse.sdsc.edu (executor driver) (2/2)
23/10/19 18:37:17 INFO TaskSchedulerImpl: Removed TaskSet 9.0, whose tasks have all completed, from pool 
23/10/19 18:37:17 INFO DAGScheduler: ShuffleMapStage 9 (map at Netflix.scala:68) finished in 0.042 s
23/10/19 18:37:17 INFO DAGScheduler: looking for newly runnable stages
23/10/19 18:37:17 INFO DAGScheduler: running: Set()
23/10/19 18:37:17 INFO DAGScheduler: waiting: Set(ResultStage 10)
23/10/19 18:37:17 INFO DAGScheduler: failed: Set()
23/10/19 18:37:17 INFO DAGScheduler: Submitting ResultStage 10 (MapPartitionsRDD[25] at saveAsTextFile at Netflix.scala:83), which has no missing parents
23/10/19 18:37:17 INFO MemoryStore: Block broadcast_8 stored as values in memory (estimated size 102.5 KiB, free 433.7 MiB)
23/10/19 18:37:17 INFO MemoryStore: Block broadcast_8_piece0 stored as bytes in memory (estimated size 37.3 KiB, free 433.7 MiB)
23/10/19 18:37:17 INFO BlockManagerInfo: Added broadcast_8_piece0 in memory on exp-1-19.expanse.sdsc.edu:41131 (size: 37.3 KiB, free: 434.3 MiB)
23/10/19 18:37:17 INFO SparkContext: Created broadcast 8 from broadcast at DAGScheduler.scala:1478
23/10/19 18:37:17 INFO DAGScheduler: Submitting 2 missing tasks from ResultStage 10 (MapPartitionsRDD[25] at saveAsTextFile at Netflix.scala:83) (first 15 tasks are for partitions Vector(0, 1))
23/10/19 18:37:17 INFO TaskSchedulerImpl: Adding task set 10.0 with 2 tasks resource profile 0
23/10/19 18:37:17 INFO TaskSetManager: Starting task 0.0 in stage 10.0 (TID 12) (exp-1-19.expanse.sdsc.edu, executor driver, partition 0, NODE_LOCAL, 4271 bytes) taskResourceAssignments Map()
23/10/19 18:37:17 INFO TaskSetManager: Starting task 1.0 in stage 10.0 (TID 13) (exp-1-19.expanse.sdsc.edu, executor driver, partition 1, NODE_LOCAL, 4271 bytes) taskResourceAssignments Map()
23/10/19 18:37:17 INFO Executor: Running task 0.0 in stage 10.0 (TID 12)
23/10/19 18:37:17 INFO Executor: Running task 1.0 in stage 10.0 (TID 13)
23/10/19 18:37:17 INFO ShuffleBlockFetcherIterator: Getting 2 (197.0 B) non-empty blocks including 2 (197.0 B) local and 0 (0.0 B) host-local and 0 (0.0 B) push-merged-local and 0 (0.0 B) remote blocks
23/10/19 18:37:17 INFO ShuffleBlockFetcherIterator: Started 0 remote fetches in 0 ms
23/10/19 18:37:17 INFO ShuffleBlockFetcherIterator: Getting 1 (80.0 B) non-empty blocks including 1 (80.0 B) local and 0 (0.0 B) host-local and 0 (0.0 B) push-merged-local and 0 (0.0 B) remote blocks
23/10/19 18:37:17 INFO ShuffleBlockFetcherIterator: Started 0 remote fetches in 0 ms
23/10/19 18:37:17 INFO HadoopMapRedCommitProtocol: Using output committer class org.apache.hadoop.mapred.FileOutputCommitter
23/10/19 18:37:17 INFO FileOutputCommitter: File Output Committer Algorithm version is 1
23/10/19 18:37:17 INFO FileOutputCommitter: FileOutputCommitter skip cleanup _temporary folders under output directory:false, ignore cleanup failures: false
23/10/19 18:37:17 INFO HadoopMapRedCommitProtocol: Using output committer class org.apache.hadoop.mapred.FileOutputCommitter
23/10/19 18:37:17 INFO FileOutputCommitter: File Output Committer Algorithm version is 1
23/10/19 18:37:17 INFO FileOutputCommitter: FileOutputCommitter skip cleanup _temporary folders under output directory:false, ignore cleanup failures: false
23/10/19 18:37:17 INFO FileOutputCommitter: Saved output of task 'attempt_202310191837177388188848768351623_0025_m_000000_0' to file:/home/smittal2/project4/output/_temporary/0/task_202310191837177388188848768351623_0025_m_000000
23/10/19 18:37:17 INFO SparkHadoopMapRedUtil: attempt_202310191837177388188848768351623_0025_m_000000_0: Committed
23/10/19 18:37:17 INFO Executor: Finished task 0.0 in stage 10.0 (TID 12). 1631 bytes result sent to driver
23/10/19 18:37:17 INFO TaskSetManager: Finished task 0.0 in stage 10.0 (TID 12) in 288 ms on exp-1-19.expanse.sdsc.edu (executor driver) (1/2)
23/10/19 18:37:17 INFO FileOutputCommitter: Saved output of task 'attempt_202310191837177388188848768351623_0025_m_000001_0' to file:/home/smittal2/project4/output/_temporary/0/task_202310191837177388188848768351623_0025_m_000001
23/10/19 18:37:17 INFO SparkHadoopMapRedUtil: attempt_202310191837177388188848768351623_0025_m_000001_0: Committed
23/10/19 18:37:17 INFO Executor: Finished task 1.0 in stage 10.0 (TID 13). 1588 bytes result sent to driver
23/10/19 18:37:17 INFO TaskSetManager: Finished task 1.0 in stage 10.0 (TID 13) in 300 ms on exp-1-19.expanse.sdsc.edu (executor driver) (2/2)
23/10/19 18:37:17 INFO TaskSchedulerImpl: Removed TaskSet 10.0, whose tasks have all completed, from pool 
23/10/19 18:37:17 INFO DAGScheduler: ResultStage 10 (runJob at SparkHadoopWriter.scala:83) finished in 0.316 s
23/10/19 18:37:17 INFO DAGScheduler: Job 1 is finished. Cancelling potential speculative or zombie tasks for this job
23/10/19 18:37:17 INFO TaskSchedulerImpl: Killing all running tasks in stage 10: Stage finished
23/10/19 18:37:17 INFO DAGScheduler: Job 1 finished: runJob at SparkHadoopWriter.scala:83, took 0.366594 s
23/10/19 18:37:17 INFO SparkHadoopWriter: Start to commit write Job job_202310191837177388188848768351623_0025.
23/10/19 18:37:18 INFO SparkHadoopWriter: Write Job job_202310191837177388188848768351623_0025 committed. Elapsed time: 244 ms.
23/10/19 18:37:18 INFO SparkUI: Stopped Spark web UI at http://exp-1-19.expanse.sdsc.edu:4040
23/10/19 18:37:18 INFO MapOutputTrackerMasterEndpoint: MapOutputTrackerMasterEndpoint stopped!
23/10/19 18:37:18 INFO MemoryStore: MemoryStore cleared
23/10/19 18:37:18 INFO BlockManager: BlockManager stopped
23/10/19 18:37:18 INFO BlockManagerMaster: BlockManagerMaster stopped
23/10/19 18:37:18 INFO OutputCommitCoordinator$OutputCommitCoordinatorEndpoint: OutputCommitCoordinator stopped!
23/10/19 18:37:18 INFO SparkContext: Successfully stopped SparkContext
23/10/19 18:37:18 INFO ShutdownHookManager: Shutdown hook called
23/10/19 18:37:18 INFO ShutdownHookManager: Deleting directory /tmp/spark-6328856f-c2c6-4997-87c9-d65aa793df8a
23/10/19 18:37:18 INFO ShutdownHookManager: Deleting directory /tmp/spark-940c598b-7575-4b0e-a0fc-86dee471fb9a
