2023-09-29 01:14:18,712 WARN util.NativeCodeLoader: Unable to load native-hadoop library for your platform... using builtin-java classes where applicable
2023-09-29 01:14:19,350 INFO impl.MetricsConfig: Loaded properties from hadoop-metrics2.properties
2023-09-29 01:14:19,817 INFO impl.MetricsSystemImpl: Scheduled Metric snapshot period at 10 second(s).
2023-09-29 01:14:19,817 INFO impl.MetricsSystemImpl: JobTracker metrics system started
2023-09-29 01:14:19,999 WARN mapreduce.JobResourceUploader: Hadoop command-line option parsing not performed. Implement the Tool interface and execute your application with ToolRunner to remedy this.
2023-09-29 01:14:20,174 INFO input.FileInputFormat: Total input files to process : 1
2023-09-29 01:14:20,218 INFO input.FileInputFormat: Total input files to process : 1
2023-09-29 01:14:20,285 INFO mapreduce.JobSubmitter: number of splits:2
2023-09-29 01:14:20,645 INFO mapreduce.JobSubmitter: Submitting tokens for job: job_local2037292533_0001
2023-09-29 01:14:20,646 INFO mapreduce.JobSubmitter: Executing with tokens: []
2023-09-29 01:14:20,892 INFO mapreduce.Job: The url to track the job: http://localhost:8080/
2023-09-29 01:14:20,893 INFO mapreduce.Job: Running job: job_local2037292533_0001
2023-09-29 01:14:20,897 INFO mapred.LocalJobRunner: OutputCommitter set in config null
2023-09-29 01:14:20,914 INFO output.FileOutputCommitter: File Output Committer Algorithm version is 2
2023-09-29 01:14:20,914 INFO output.FileOutputCommitter: FileOutputCommitter skip cleanup _temporary folders under output directory:false, ignore cleanup failures: false
2023-09-29 01:14:20,915 INFO mapred.LocalJobRunner: OutputCommitter is org.apache.hadoop.mapreduce.lib.output.FileOutputCommitter
2023-09-29 01:14:20,991 INFO mapred.LocalJobRunner: Waiting for map tasks
2023-09-29 01:14:20,992 INFO mapred.LocalJobRunner: Starting task: attempt_local2037292533_0001_m_000000_0
2023-09-29 01:14:21,045 INFO output.FileOutputCommitter: File Output Committer Algorithm version is 2
2023-09-29 01:14:21,046 INFO output.FileOutputCommitter: FileOutputCommitter skip cleanup _temporary folders under output directory:false, ignore cleanup failures: false
2023-09-29 01:14:21,070 INFO util.ProcfsBasedProcessTree: ProcfsBasedProcessTree currently is supported only on Linux.
2023-09-29 01:14:21,071 INFO mapred.Task:  Using ResourceCalculatorProcessTree : null
2023-09-29 01:14:21,076 INFO mapred.MapTask: Processing split: file:/Users/shefali/Desktop/CCBD/Fromexpanse/project2/small-ratings.txt:0+285
2023-09-29 01:14:21,206 INFO mapred.MapTask: (EQUATOR) 0 kvi 26214396(104857584)
2023-09-29 01:14:21,206 INFO mapred.MapTask: mapreduce.task.io.sort.mb: 100
2023-09-29 01:14:21,206 INFO mapred.MapTask: soft limit at 83886080
2023-09-29 01:14:21,206 INFO mapred.MapTask: bufstart = 0; bufvoid = 104857600
2023-09-29 01:14:21,206 INFO mapred.MapTask: kvstart = 26214396; length = 6553600
2023-09-29 01:14:21,217 INFO mapred.MapTask: Map output collector class = org.apache.hadoop.mapred.MapTask$MapOutputBuffer
2023-09-29 01:14:21,250 INFO mapred.LocalJobRunner: 
2023-09-29 01:14:21,250 INFO mapred.MapTask: Starting flush of map output
2023-09-29 01:14:21,250 INFO mapred.MapTask: Spilling map output
2023-09-29 01:14:21,250 INFO mapred.MapTask: bufstart = 0; bufend = 210; bufvoid = 104857600
2023-09-29 01:14:21,250 INFO mapred.MapTask: kvstart = 26214396(104857584); kvend = 26214340(104857360); length = 57/6553600
2023-09-29 01:14:21,290 INFO mapred.MapTask: Finished spill 0
2023-09-29 01:14:21,315 INFO mapred.Task: Task:attempt_local2037292533_0001_m_000000_0 is done. And is in the process of committing
2023-09-29 01:14:21,319 INFO mapred.LocalJobRunner: map
2023-09-29 01:14:21,319 INFO mapred.Task: Task 'attempt_local2037292533_0001_m_000000_0' done.
2023-09-29 01:14:21,334 INFO mapred.Task: Final Counters for attempt_local2037292533_0001_m_000000_0: Counters: 17
	File System Counters
		FILE: Number of bytes read=10717
		FILE: Number of bytes written=556281
		FILE: Number of read operations=0
		FILE: Number of large read operations=0
		FILE: Number of write operations=0
	Map-Reduce Framework
		Map input records=15
		Map output records=15
		Map output bytes=210
		Map output materialized bytes=246
		Input split bytes=267
		Combine input records=0
		Spilled Records=15
		Failed Shuffles=0
		Merged Map outputs=0
		GC time elapsed (ms)=7
		Total committed heap usage (bytes)=234356736
	File Input Format Counters 
		Bytes Read=0
2023-09-29 01:14:21,335 INFO mapred.LocalJobRunner: Finishing task: attempt_local2037292533_0001_m_000000_0
2023-09-29 01:14:21,336 INFO mapred.LocalJobRunner: Starting task: attempt_local2037292533_0001_m_000001_0
2023-09-29 01:14:21,337 INFO output.FileOutputCommitter: File Output Committer Algorithm version is 2
2023-09-29 01:14:21,337 INFO output.FileOutputCommitter: FileOutputCommitter skip cleanup _temporary folders under output directory:false, ignore cleanup failures: false
2023-09-29 01:14:21,338 INFO util.ProcfsBasedProcessTree: ProcfsBasedProcessTree currently is supported only on Linux.
2023-09-29 01:14:21,338 INFO mapred.Task:  Using ResourceCalculatorProcessTree : null
2023-09-29 01:14:21,340 INFO mapred.MapTask: Processing split: file:/Users/shefali/Desktop/CCBD/Fromexpanse/project2/small-titles.txt:0+201
2023-09-29 01:14:21,463 INFO mapred.MapTask: (EQUATOR) 0 kvi 26214396(104857584)
2023-09-29 01:14:21,463 INFO mapred.MapTask: mapreduce.task.io.sort.mb: 100
2023-09-29 01:14:21,463 INFO mapred.MapTask: soft limit at 83886080
2023-09-29 01:14:21,463 INFO mapred.MapTask: bufstart = 0; bufvoid = 104857600
2023-09-29 01:14:21,463 INFO mapred.MapTask: kvstart = 26214396; length = 6553600
2023-09-29 01:14:21,465 INFO mapred.MapTask: Map output collector class = org.apache.hadoop.mapred.MapTask$MapOutputBuffer
2023-09-29 01:14:21,474 INFO mapred.LocalJobRunner: 
2023-09-29 01:14:21,474 INFO mapred.MapTask: Starting flush of map output
2023-09-29 01:14:21,474 INFO mapred.MapTask: Spilling map output
2023-09-29 01:14:21,474 INFO mapred.MapTask: bufstart = 0; bufend = 246; bufvoid = 104857600
2023-09-29 01:14:21,474 INFO mapred.MapTask: kvstart = 26214396(104857584); kvend = 26214380(104857520); length = 17/6553600
2023-09-29 01:14:21,494 INFO mapred.MapTask: Finished spill 0
2023-09-29 01:14:21,502 INFO mapred.Task: Task:attempt_local2037292533_0001_m_000001_0 is done. And is in the process of committing
2023-09-29 01:14:21,503 INFO mapred.LocalJobRunner: map
2023-09-29 01:14:21,504 INFO mapred.Task: Task 'attempt_local2037292533_0001_m_000001_0' done.
2023-09-29 01:14:21,504 INFO mapred.Task: Final Counters for attempt_local2037292533_0001_m_000001_0: Counters: 17
	File System Counters
		FILE: Number of bytes read=11472
		FILE: Number of bytes written=556575
		FILE: Number of read operations=0
		FILE: Number of large read operations=0
		FILE: Number of write operations=0
	Map-Reduce Framework
		Map input records=5
		Map output records=5
		Map output bytes=246
		Map output materialized bytes=262
		Input split bytes=264
		Combine input records=0
		Spilled Records=5
		Failed Shuffles=0
		Merged Map outputs=0
		GC time elapsed (ms)=0
		Total committed heap usage (bytes)=339738624
	File Input Format Counters 
		Bytes Read=0
2023-09-29 01:14:21,504 INFO mapred.LocalJobRunner: Finishing task: attempt_local2037292533_0001_m_000001_0
2023-09-29 01:14:21,504 INFO mapred.LocalJobRunner: map task executor complete.
2023-09-29 01:14:21,508 INFO mapred.LocalJobRunner: Waiting for reduce tasks
2023-09-29 01:14:21,509 INFO mapred.LocalJobRunner: Starting task: attempt_local2037292533_0001_r_000000_0
2023-09-29 01:14:21,521 INFO output.FileOutputCommitter: File Output Committer Algorithm version is 2
2023-09-29 01:14:21,521 INFO output.FileOutputCommitter: FileOutputCommitter skip cleanup _temporary folders under output directory:false, ignore cleanup failures: false
2023-09-29 01:14:21,522 INFO util.ProcfsBasedProcessTree: ProcfsBasedProcessTree currently is supported only on Linux.
2023-09-29 01:14:21,524 INFO mapred.Task:  Using ResourceCalculatorProcessTree : null
2023-09-29 01:14:21,543 INFO mapred.ReduceTask: Using ShuffleConsumerPlugin: org.apache.hadoop.mapreduce.task.reduce.Shuffle@3cb0da98
2023-09-29 01:14:21,546 WARN impl.MetricsSystemImpl: JobTracker metrics system already initialized!
2023-09-29 01:14:21,587 INFO reduce.MergeManagerImpl: MergerManager: memoryLimit=1336252800, maxSingleShuffleLimit=334063200, mergeThreshold=881926912, ioSortFactor=10, memToMemMergeOutputsThreshold=10
2023-09-29 01:14:21,591 INFO reduce.EventFetcher: attempt_local2037292533_0001_r_000000_0 Thread started: EventFetcher for fetching Map Completion Events
2023-09-29 01:14:21,632 INFO reduce.LocalFetcher: localfetcher#1 about to shuffle output of map attempt_local2037292533_0001_m_000001_0 decomp: 258 len: 262 to MEMORY
2023-09-29 01:14:21,642 INFO reduce.InMemoryMapOutput: Read 258 bytes from map-output for attempt_local2037292533_0001_m_000001_0
2023-09-29 01:14:21,644 INFO reduce.MergeManagerImpl: closeInMemoryFile -> map-output of size: 258, inMemoryMapOutputs.size() -> 1, commitMemory -> 0, usedMemory ->258
2023-09-29 01:14:21,647 INFO reduce.LocalFetcher: localfetcher#1 about to shuffle output of map attempt_local2037292533_0001_m_000000_0 decomp: 242 len: 246 to MEMORY
2023-09-29 01:14:21,647 INFO reduce.InMemoryMapOutput: Read 242 bytes from map-output for attempt_local2037292533_0001_m_000000_0
2023-09-29 01:14:21,648 INFO reduce.MergeManagerImpl: closeInMemoryFile -> map-output of size: 242, inMemoryMapOutputs.size() -> 2, commitMemory -> 258, usedMemory ->500
2023-09-29 01:14:21,648 INFO reduce.EventFetcher: EventFetcher is interrupted.. Returning
2023-09-29 01:14:21,650 INFO mapred.LocalJobRunner: 2 / 2 copied.
2023-09-29 01:14:21,651 INFO reduce.MergeManagerImpl: finalMerge called with 2 in-memory map-outputs and 0 on-disk map-outputs
2023-09-29 01:14:21,670 INFO mapred.Merger: Merging 2 sorted segments
2023-09-29 01:14:21,671 INFO mapred.Merger: Down to the last merge-pass, with 2 segments left of total size: 488 bytes
2023-09-29 01:14:21,677 INFO reduce.MergeManagerImpl: Merged 2 segments, 500 bytes to disk to satisfy reduce memory limit
2023-09-29 01:14:21,677 INFO reduce.MergeManagerImpl: Merging 1 files, 502 bytes from disk
2023-09-29 01:14:21,678 INFO reduce.MergeManagerImpl: Merging 0 segments, 0 bytes from memory into reduce
2023-09-29 01:14:21,678 INFO mapred.Merger: Merging 1 sorted segments
2023-09-29 01:14:21,678 INFO mapred.Merger: Down to the last merge-pass, with 1 segments left of total size: 492 bytes
2023-09-29 01:14:21,679 INFO mapred.LocalJobRunner: 2 / 2 copied.
2023-09-29 01:14:21,708 INFO Configuration.deprecation: mapred.skip.on is deprecated. Instead, use mapreduce.job.skiprecords
2023-09-29 01:14:21,724 INFO mapred.Task: Task:attempt_local2037292533_0001_r_000000_0 is done. And is in the process of committing
2023-09-29 01:14:21,725 INFO mapred.LocalJobRunner: 2 / 2 copied.
2023-09-29 01:14:21,725 INFO mapred.Task: Task attempt_local2037292533_0001_r_000000_0 is allowed to commit now
2023-09-29 01:14:21,727 INFO output.FileOutputCommitter: Saved output of task 'attempt_local2037292533_0001_r_000000_0' to file:/Users/shefali/Desktop/CCBD/Fromexpanse/project2/output
2023-09-29 01:14:21,728 INFO mapred.LocalJobRunner: reduce > reduce
2023-09-29 01:14:21,729 INFO mapred.Task: Task 'attempt_local2037292533_0001_r_000000_0' done.
2023-09-29 01:14:21,729 INFO mapred.Task: Final Counters for attempt_local2037292533_0001_r_000000_0: Counters: 24
	File System Counters
		FILE: Number of bytes read=12546
		FILE: Number of bytes written=557221
		FILE: Number of read operations=0
		FILE: Number of large read operations=0
		FILE: Number of write operations=0
	Map-Reduce Framework
		Combine input records=0
		Combine output records=0
		Reduce input groups=5
		Reduce shuffle bytes=508
		Reduce input records=20
		Reduce output records=3
		Spilled Records=20
		Shuffled Maps =2
		Failed Shuffles=0
		Merged Map outputs=2
		GC time elapsed (ms)=0
		Total committed heap usage (bytes)=339738624
	Shuffle Errors
		BAD_ID=0
		CONNECTION=0
		IO_ERROR=0
		WRONG_LENGTH=0
		WRONG_MAP=0
		WRONG_REDUCE=0
	File Output Format Counters 
		Bytes Written=144
2023-09-29 01:14:21,729 INFO mapred.LocalJobRunner: Finishing task: attempt_local2037292533_0001_r_000000_0
2023-09-29 01:14:21,729 INFO mapred.LocalJobRunner: reduce task executor complete.
2023-09-29 01:14:21,908 INFO mapreduce.Job: Job job_local2037292533_0001 running in uber mode : false
2023-09-29 01:14:21,911 INFO mapreduce.Job:  map 100% reduce 100%
2023-09-29 01:14:21,912 INFO mapreduce.Job: Job job_local2037292533_0001 completed successfully
2023-09-29 01:14:21,930 INFO mapreduce.Job: Counters: 30
	File System Counters
		FILE: Number of bytes read=34735
		FILE: Number of bytes written=1670077
		FILE: Number of read operations=0
		FILE: Number of large read operations=0
		FILE: Number of write operations=0
	Map-Reduce Framework
		Map input records=20
		Map output records=20
		Map output bytes=456
		Map output materialized bytes=508
		Input split bytes=531
		Combine input records=0
		Combine output records=0
		Reduce input groups=5
		Reduce shuffle bytes=508
		Reduce input records=20
		Reduce output records=3
		Spilled Records=40
		Shuffled Maps =2
		Failed Shuffles=0
		Merged Map outputs=2
		GC time elapsed (ms)=7
		Total committed heap usage (bytes)=913833984
	Shuffle Errors
		BAD_ID=0
		CONNECTION=0
		IO_ERROR=0
		WRONG_LENGTH=0
		WRONG_MAP=0
		WRONG_REDUCE=0
	File Input Format Counters 
		Bytes Read=0
	File Output Format Counters 
		Bytes Written=144
